[2019-03-30 21:40:29] request.CRITICAL: Uncaught PHP Exception Symfony\Component\Debug\Exception\ContextErrorException: "Notice: Undefined index: database" at /home/rohit/Projects/user-management/src/ThirdParty/DbFramework/db/ncMySqlDatabaseFactory.php line 7 {"exception":"[object] (Symfony\\Component\\Debug\\Exception\\ContextErrorException(code: 0): Notice: Undefined index: database at /home/rohit/Projects/user-management/src/ThirdParty/DbFramework/db/ncMySqlDatabaseFactory.php:7)"} []
[2019-03-30 21:40:29] request.CRITICAL: Exception thrown when handling an exception (Symfony\Component\Debug\Exception\ContextErrorException: Notice: Undefined index: _controller at /home/rohit/Projects/user-management/src/Naukri/JobPostingGatewayBundle/Listeners/JpRequestListener.php line 42) {"exception":"[object] (Symfony\\Component\\Debug\\Exception\\ContextErrorException(code: 0): Notice: Undefined index: _controller at /home/rohit/Projects/user-management/src/Naukri/JobPostingGatewayBundle/Listeners/JpRequestListener.php:42)"} []
[2019-03-30 21:40:29] request.CRITICAL: Uncaught PHP Exception Symfony\Component\Debug\Exception\ContextErrorException: "Notice: Undefined index: _controller" at /home/rohit/Projects/user-management/src/Naukri/JobPostingGatewayBundle/Listeners/JpRequestListener.php line 42 {"exception":"[object] (Symfony\\Component\\Debug\\Exception\\ContextErrorException(code: 0): Notice: Undefined index: _controller at /home/rohit/Projects/user-management/src/Naukri/JobPostingGatewayBundle/Listeners/JpRequestListener.php:42, Symfony\\Component\\Debug\\Exception\\ContextErrorException(code: 0): Notice: Undefined index: database at /home/rohit/Projects/user-management/src/ThirdParty/DbFramework/db/ncMySqlDatabaseFactory.php:7)"} []
[2019-03-30 21:40:29] request.CRITICAL: Exception thrown when handling an exception (Symfony\Component\Debug\Exception\ContextErrorException: Notice: Undefined index: _controller at /home/rohit/Projects/user-management/src/Naukri/JobPostingGatewayBundle/Listeners/JpRequestListener.php line 42) {"exception":"[object] (Symfony\\Component\\Debug\\Exception\\ContextErrorException(code: 0): Notice: Undefined index: _controller at /home/rohit/Projects/user-management/src/Naukri/JobPostingGatewayBundle/Listeners/JpRequestListener.php:42)"} []
[2019-03-30 21:40:59] request.CRITICAL: Uncaught PHP Exception Symfony\Component\Debug\Exception\ContextErrorException: "Notice: Undefined index: database" at /home/rohit/Projects/user-management/src/ThirdParty/DbFramework/db/ncMySqlDatabaseFactory.php line 7 {"exception":"[object] (Symfony\\Component\\Debug\\Exception\\ContextErrorException(code: 0): Notice: Undefined index: database at /home/rohit/Projects/user-management/src/ThirdParty/DbFramework/db/ncMySqlDatabaseFactory.php:7)"} []
[2019-03-30 21:40:59] request.CRITICAL: Exception thrown when handling an exception (Symfony\Component\Debug\Exception\ContextErrorException: Notice: Undefined index: database at /home/rohit/Projects/user-management/src/ThirdParty/DbFramework/db/ncMySqlDatabaseFactory.php line 7) {"exception":"[object] (Symfony\\Component\\Debug\\Exception\\ContextErrorException(code: 0): Notice: Undefined index: database at /home/rohit/Projects/user-management/src/ThirdParty/DbFramework/db/ncMySqlDatabaseFactory.php:7)"} []
[2019-03-30 21:40:59] request.CRITICAL: Uncaught PHP Exception Symfony\Component\Debug\Exception\ContextErrorException: "Notice: Undefined index: database" at /home/rohit/Projects/user-management/src/ThirdParty/DbFramework/db/ncMySqlDatabaseFactory.php line 7 {"exception":"[object] (Symfony\\Component\\Debug\\Exception\\ContextErrorException(code: 0): Notice: Undefined index: database at /home/rohit/Projects/user-management/src/ThirdParty/DbFramework/db/ncMySqlDatabaseFactory.php:7, Symfony\\Component\\Debug\\Exception\\ContextErrorException(code: 0): Notice: Undefined index: database at /home/rohit/Projects/user-management/src/ThirdParty/DbFramework/db/ncMySqlDatabaseFactory.php:7)"} []
[2019-03-30 21:40:59] request.CRITICAL: Exception thrown when handling an exception (Symfony\Component\Debug\Exception\ContextErrorException: Notice: Undefined index: database at /home/rohit/Projects/user-management/src/ThirdParty/DbFramework/db/ncMySqlDatabaseFactory.php line 7) {"exception":"[object] (Symfony\\Component\\Debug\\Exception\\ContextErrorException(code: 0): Notice: Undefined index: database at /home/rohit/Projects/user-management/src/ThirdParty/DbFramework/db/ncMySqlDatabaseFactory.php:7)"} []
[2019-03-30 21:41:21] request.CRITICAL: Uncaught PHP Exception Symfony\Component\Debug\Exception\ContextErrorException: "Notice: Undefined index: database" at /home/rohit/Projects/user-management/src/ThirdParty/DbFramework/db/ncMySqlDatabaseFactory.php line 7 {"exception":"[object] (Symfony\\Component\\Debug\\Exception\\ContextErrorException(code: 0): Notice: Undefined index: database at /home/rohit/Projects/user-management/src/ThirdParty/DbFramework/db/ncMySqlDatabaseFactory.php:7)"} []
[2019-03-30 21:41:21] request.CRITICAL: Exception thrown when handling an exception (Symfony\Component\Debug\Exception\ContextErrorException: Notice: Undefined index: database at /home/rohit/Projects/user-management/src/ThirdParty/DbFramework/db/ncMySqlDatabaseFactory.php line 7) {"exception":"[object] (Symfony\\Component\\Debug\\Exception\\ContextErrorException(code: 0): Notice: Undefined index: database at /home/rohit/Projects/user-management/src/ThirdParty/DbFramework/db/ncMySqlDatabaseFactory.php:7)"} []
[2019-03-30 21:41:21] request.CRITICAL: Uncaught PHP Exception Symfony\Component\Debug\Exception\ContextErrorException: "Notice: Undefined index: database" at /home/rohit/Projects/user-management/src/ThirdParty/DbFramework/db/ncMySqlDatabaseFactory.php line 7 {"exception":"[object] (Symfony\\Component\\Debug\\Exception\\ContextErrorException(code: 0): Notice: Undefined index: database at /home/rohit/Projects/user-management/src/ThirdParty/DbFramework/db/ncMySqlDatabaseFactory.php:7, Symfony\\Component\\Debug\\Exception\\ContextErrorException(code: 0): Notice: Undefined index: database at /home/rohit/Projects/user-management/src/ThirdParty/DbFramework/db/ncMySqlDatabaseFactory.php:7)"} []
[2019-03-30 21:41:21] request.CRITICAL: Exception thrown when handling an exception (Symfony\Component\Debug\Exception\ContextErrorException: Notice: Undefined index: database at /home/rohit/Projects/user-management/src/ThirdParty/DbFramework/db/ncMySqlDatabaseFactory.php line 7) {"exception":"[object] (Symfony\\Component\\Debug\\Exception\\ContextErrorException(code: 0): Notice: Undefined index: database at /home/rohit/Projects/user-management/src/ThirdParty/DbFramework/db/ncMySqlDatabaseFactory.php:7)"} []
[2019-03-30 21:41:42] request.CRITICAL: Uncaught PHP Exception Symfony\Component\Debug\Exception\ContextErrorException: "Notice: Undefined index: database" at /home/rohit/Projects/user-management/src/ThirdParty/DbFramework/db/ncMySqlDatabaseFactory.php line 7 {"exception":"[object] (Symfony\\Component\\Debug\\Exception\\ContextErrorException(code: 0): Notice: Undefined index: database at /home/rohit/Projects/user-management/src/ThirdParty/DbFramework/db/ncMySqlDatabaseFactory.php:7)"} []
[2019-03-30 21:41:42] request.CRITICAL: Exception thrown when handling an exception (Symfony\Component\Debug\Exception\ContextErrorException: Notice: Undefined index: database at /home/rohit/Projects/user-management/src/ThirdParty/DbFramework/db/ncMySqlDatabaseFactory.php line 7) {"exception":"[object] (Symfony\\Component\\Debug\\Exception\\ContextErrorException(code: 0): Notice: Undefined index: database at /home/rohit/Projects/user-management/src/ThirdParty/DbFramework/db/ncMySqlDatabaseFactory.php:7)"} []
[2019-03-30 21:41:42] request.CRITICAL: Uncaught PHP Exception Symfony\Component\Debug\Exception\ContextErrorException: "Notice: Undefined index: database" at /home/rohit/Projects/user-management/src/ThirdParty/DbFramework/db/ncMySqlDatabaseFactory.php line 7 {"exception":"[object] (Symfony\\Component\\Debug\\Exception\\ContextErrorException(code: 0): Notice: Undefined index: database at /home/rohit/Projects/user-management/src/ThirdParty/DbFramework/db/ncMySqlDatabaseFactory.php:7, Symfony\\Component\\Debug\\Exception\\ContextErrorException(code: 0): Notice: Undefined index: database at /home/rohit/Projects/user-management/src/ThirdParty/DbFramework/db/ncMySqlDatabaseFactory.php:7)"} []
[2019-03-30 21:41:42] request.CRITICAL: Exception thrown when handling an exception (Symfony\Component\Debug\Exception\ContextErrorException: Notice: Undefined index: database at /home/rohit/Projects/user-management/src/ThirdParty/DbFramework/db/ncMySqlDatabaseFactory.php line 7) {"exception":"[object] (Symfony\\Component\\Debug\\Exception\\ContextErrorException(code: 0): Notice: Undefined index: database at /home/rohit/Projects/user-management/src/ThirdParty/DbFramework/db/ncMySqlDatabaseFactory.php:7)"} []
[2019-03-30 21:44:10] request.CRITICAL: Uncaught PHP Exception ncDatabaseException: "SQLSTATE[HY000] [1049] Unknown database 'userManagement'[dsn: mysql:host=127.0.0.1;port=3306;dbname=userManagement]" at /home/rohit/Projects/user-management/src/ThirdParty/DbFramework/db/ncPdoDatabase.php line 38 {"exception":"[object] (ncDatabaseException(code: 0): SQLSTATE[HY000] [1049] Unknown database 'userManagement'[dsn: mysql:host=127.0.0.1;port=3306;dbname=userManagement] at /home/rohit/Projects/user-management/src/ThirdParty/DbFramework/db/ncPdoDatabase.php:38)"} []
[2019-03-30 21:44:10] request.CRITICAL: Exception thrown when handling an exception (ncDatabaseException: SQLSTATE[HY000] [1049] Unknown database 'userManagement'[dsn: mysql:host=127.0.0.1;port=3306;dbname=userManagement] at /home/rohit/Projects/user-management/src/ThirdParty/DbFramework/db/ncPdoDatabase.php line 38) {"exception":"[object] (ncDatabaseException(code: 0): SQLSTATE[HY000] [1049] Unknown database 'userManagement'[dsn: mysql:host=127.0.0.1;port=3306;dbname=userManagement] at /home/rohit/Projects/user-management/src/ThirdParty/DbFramework/db/ncPdoDatabase.php:38)"} []
[2019-03-30 21:44:10] request.CRITICAL: Uncaught PHP Exception ncDatabaseException: "SQLSTATE[HY000] [1049] Unknown database 'userManagement'[dsn: mysql:host=127.0.0.1;port=3306;dbname=userManagement]" at /home/rohit/Projects/user-management/src/ThirdParty/DbFramework/db/ncPdoDatabase.php line 38 {"exception":"[object] (ncDatabaseException(code: 0): SQLSTATE[HY000] [1049] Unknown database 'userManagement'[dsn: mysql:host=127.0.0.1;port=3306;dbname=userManagement] at /home/rohit/Projects/user-management/src/ThirdParty/DbFramework/db/ncPdoDatabase.php:38, ncDatabaseException(code: 0): SQLSTATE[HY000] [1049] Unknown database 'userManagement'[dsn: mysql:host=127.0.0.1;port=3306;dbname=userManagement] at /home/rohit/Projects/user-management/src/ThirdParty/DbFramework/db/ncPdoDatabase.php:38)"} []
[2019-03-30 21:44:10] request.CRITICAL: Exception thrown when handling an exception (ncDatabaseException: SQLSTATE[HY000] [1049] Unknown database 'userManagement'[dsn: mysql:host=127.0.0.1;port=3306;dbname=userManagement] at /home/rohit/Projects/user-management/src/ThirdParty/DbFramework/db/ncPdoDatabase.php line 38) {"exception":"[object] (ncDatabaseException(code: 0): SQLSTATE[HY000] [1049] Unknown database 'userManagement'[dsn: mysql:host=127.0.0.1;port=3306;dbname=userManagement] at /home/rohit/Projects/user-management/src/ThirdParty/DbFramework/db/ncPdoDatabase.php:38)"} []
[2019-03-30 21:44:51] request.ERROR: Uncaught PHP Exception Symfony\Component\HttpKernel\Exception\NotFoundHttpException: "No route found for "GET /"" at /home/rohit/Projects/user-management/app/cache/dev/classes.php line 2511 {"exception":"[object] (Symfony\\Component\\HttpKernel\\Exception\\NotFoundHttpException(code: 0): No route found for \"GET /\" at /home/rohit/Projects/user-management/app/cache/dev/classes.php:2511, Symfony\\Component\\Routing\\Exception\\ResourceNotFoundException(code: 0):  at /home/rohit/Projects/user-management/app/cache/dev/appDevDebugProjectContainerUrlMatcher.php:933)"} []
[2019-03-30 22:31:55] request.CRITICAL: Uncaught PHP Exception Symfony\Component\Debug\Exception\UndefinedMethodException: "Attempted to call an undefined method named "getHotJobsDBConnection" of class "Naukri\JobPostingGatewayBundle\Dao\ncPDO\DBConnectionFactoryNcPDO". Did you mean to call "getAccountsDBConnection"?" at /home/rohit/Projects/user-management/src/Naukri/JobPostingGatewayBundle/Util/Auth/JPSessionHandler.php line 33 {"exception":"[object] (Symfony\\Component\\Debug\\Exception\\UndefinedMethodException(code: 0): Attempted to call an undefined method named \"getHotJobsDBConnection\" of class \"Naukri\\JobPostingGatewayBundle\\Dao\\ncPDO\\DBConnectionFactoryNcPDO\".\nDid you mean to call \"getAccountsDBConnection\"? at /home/rohit/Projects/user-management/src/Naukri/JobPostingGatewayBundle/Util/Auth/JPSessionHandler.php:33)"} []
[2019-03-30 22:32:50] request.CRITICAL: Uncaught PHP Exception ncDatabaseException: "Database "accounts" does not exist" at /home/rohit/Projects/user-management/src/ThirdParty/DbFramework/db/ncDatabaseManager.php line 68 {"exception":"[object] (ncDatabaseException(code: 0): Database \"accounts\" does not exist at /home/rohit/Projects/user-management/src/ThirdParty/DbFramework/db/ncDatabaseManager.php:68)"} []
[2019-03-30 22:32:50] request.CRITICAL: Exception thrown when handling an exception (ncDatabaseException: Database "accounts" does not exist at /home/rohit/Projects/user-management/src/ThirdParty/DbFramework/db/ncDatabaseManager.php line 68) {"exception":"[object] (ncDatabaseException(code: 0): Database \"accounts\" does not exist at /home/rohit/Projects/user-management/src/ThirdParty/DbFramework/db/ncDatabaseManager.php:68)"} []
[2019-03-30 22:32:50] request.CRITICAL: Uncaught PHP Exception ncDatabaseException: "Database "accounts" does not exist" at /home/rohit/Projects/user-management/src/ThirdParty/DbFramework/db/ncDatabaseManager.php line 68 {"exception":"[object] (ncDatabaseException(code: 0): Database \"accounts\" does not exist at /home/rohit/Projects/user-management/src/ThirdParty/DbFramework/db/ncDatabaseManager.php:68, ncDatabaseException(code: 0): Database \"accounts\" does not exist at /home/rohit/Projects/user-management/src/ThirdParty/DbFramework/db/ncDatabaseManager.php:68)"} []
[2019-03-30 22:32:50] request.CRITICAL: Exception thrown when handling an exception (ncDatabaseException: Database "accounts" does not exist at /home/rohit/Projects/user-management/src/ThirdParty/DbFramework/db/ncDatabaseManager.php line 68) {"exception":"[object] (ncDatabaseException(code: 0): Database \"accounts\" does not exist at /home/rohit/Projects/user-management/src/ThirdParty/DbFramework/db/ncDatabaseManager.php:68)"} []
[2019-03-30 22:33:07] request.CRITICAL: Uncaught PHP Exception ncDatabaseException: "Database "accounts" does not exist" at /home/rohit/Projects/user-management/src/ThirdParty/DbFramework/db/ncDatabaseManager.php line 68 {"exception":"[object] (ncDatabaseException(code: 0): Database \"accounts\" does not exist at /home/rohit/Projects/user-management/src/ThirdParty/DbFramework/db/ncDatabaseManager.php:68)"} []
[2019-03-30 22:33:07] request.CRITICAL: Exception thrown when handling an exception (ncDatabaseException: Database "accounts" does not exist at /home/rohit/Projects/user-management/src/ThirdParty/DbFramework/db/ncDatabaseManager.php line 68) {"exception":"[object] (ncDatabaseException(code: 0): Database \"accounts\" does not exist at /home/rohit/Projects/user-management/src/ThirdParty/DbFramework/db/ncDatabaseManager.php:68)"} []
[2019-03-30 22:33:07] request.CRITICAL: Uncaught PHP Exception ncDatabaseException: "Database "accounts" does not exist" at /home/rohit/Projects/user-management/src/ThirdParty/DbFramework/db/ncDatabaseManager.php line 68 {"exception":"[object] (ncDatabaseException(code: 0): Database \"accounts\" does not exist at /home/rohit/Projects/user-management/src/ThirdParty/DbFramework/db/ncDatabaseManager.php:68, ncDatabaseException(code: 0): Database \"accounts\" does not exist at /home/rohit/Projects/user-management/src/ThirdParty/DbFramework/db/ncDatabaseManager.php:68)"} []
[2019-03-30 22:33:07] request.CRITICAL: Exception thrown when handling an exception (ncDatabaseException: Database "accounts" does not exist at /home/rohit/Projects/user-management/src/ThirdParty/DbFramework/db/ncDatabaseManager.php line 68) {"exception":"[object] (ncDatabaseException(code: 0): Database \"accounts\" does not exist at /home/rohit/Projects/user-management/src/ThirdParty/DbFramework/db/ncDatabaseManager.php:68)"} []
[2019-03-30 22:33:09] request.CRITICAL: Uncaught PHP Exception ncDatabaseException: "Database "accounts" does not exist" at /home/rohit/Projects/user-management/src/ThirdParty/DbFramework/db/ncDatabaseManager.php line 68 {"exception":"[object] (ncDatabaseException(code: 0): Database \"accounts\" does not exist at /home/rohit/Projects/user-management/src/ThirdParty/DbFramework/db/ncDatabaseManager.php:68)"} []
[2019-03-30 22:33:09] request.CRITICAL: Exception thrown when handling an exception (ncDatabaseException: Database "accounts" does not exist at /home/rohit/Projects/user-management/src/ThirdParty/DbFramework/db/ncDatabaseManager.php line 68) {"exception":"[object] (ncDatabaseException(code: 0): Database \"accounts\" does not exist at /home/rohit/Projects/user-management/src/ThirdParty/DbFramework/db/ncDatabaseManager.php:68)"} []
[2019-03-30 22:33:09] request.CRITICAL: Uncaught PHP Exception ncDatabaseException: "Database "accounts" does not exist" at /home/rohit/Projects/user-management/src/ThirdParty/DbFramework/db/ncDatabaseManager.php line 68 {"exception":"[object] (ncDatabaseException(code: 0): Database \"accounts\" does not exist at /home/rohit/Projects/user-management/src/ThirdParty/DbFramework/db/ncDatabaseManager.php:68, ncDatabaseException(code: 0): Database \"accounts\" does not exist at /home/rohit/Projects/user-management/src/ThirdParty/DbFramework/db/ncDatabaseManager.php:68)"} []
[2019-03-30 22:33:09] request.CRITICAL: Exception thrown when handling an exception (ncDatabaseException: Database "accounts" does not exist at /home/rohit/Projects/user-management/src/ThirdParty/DbFramework/db/ncDatabaseManager.php line 68) {"exception":"[object] (ncDatabaseException(code: 0): Database \"accounts\" does not exist at /home/rohit/Projects/user-management/src/ThirdParty/DbFramework/db/ncDatabaseManager.php:68)"} []
[2019-03-30 22:33:09] request.CRITICAL: Uncaught PHP Exception ncDatabaseException: "Database "accounts" does not exist" at /home/rohit/Projects/user-management/src/ThirdParty/DbFramework/db/ncDatabaseManager.php line 68 {"exception":"[object] (ncDatabaseException(code: 0): Database \"accounts\" does not exist at /home/rohit/Projects/user-management/src/ThirdParty/DbFramework/db/ncDatabaseManager.php:68)"} []
[2019-03-30 22:33:09] request.CRITICAL: Exception thrown when handling an exception (ncDatabaseException: Database "accounts" does not exist at /home/rohit/Projects/user-management/src/ThirdParty/DbFramework/db/ncDatabaseManager.php line 68) {"exception":"[object] (ncDatabaseException(code: 0): Database \"accounts\" does not exist at /home/rohit/Projects/user-management/src/ThirdParty/DbFramework/db/ncDatabaseManager.php:68)"} []
[2019-03-30 22:33:09] request.CRITICAL: Uncaught PHP Exception ncDatabaseException: "Database "accounts" does not exist" at /home/rohit/Projects/user-management/src/ThirdParty/DbFramework/db/ncDatabaseManager.php line 68 {"exception":"[object] (ncDatabaseException(code: 0): Database \"accounts\" does not exist at /home/rohit/Projects/user-management/src/ThirdParty/DbFramework/db/ncDatabaseManager.php:68, ncDatabaseException(code: 0): Database \"accounts\" does not exist at /home/rohit/Projects/user-management/src/ThirdParty/DbFramework/db/ncDatabaseManager.php:68)"} []
[2019-03-30 22:33:09] request.CRITICAL: Exception thrown when handling an exception (ncDatabaseException: Database "accounts" does not exist at /home/rohit/Projects/user-management/src/ThirdParty/DbFramework/db/ncDatabaseManager.php line 68) {"exception":"[object] (ncDatabaseException(code: 0): Database \"accounts\" does not exist at /home/rohit/Projects/user-management/src/ThirdParty/DbFramework/db/ncDatabaseManager.php:68)"} []
[2019-03-30 22:33:10] request.CRITICAL: Uncaught PHP Exception ncDatabaseException: "Database "accounts" does not exist" at /home/rohit/Projects/user-management/src/ThirdParty/DbFramework/db/ncDatabaseManager.php line 68 {"exception":"[object] (ncDatabaseException(code: 0): Database \"accounts\" does not exist at /home/rohit/Projects/user-management/src/ThirdParty/DbFramework/db/ncDatabaseManager.php:68)"} []
[2019-03-30 22:33:10] request.CRITICAL: Exception thrown when handling an exception (ncDatabaseException: Database "accounts" does not exist at /home/rohit/Projects/user-management/src/ThirdParty/DbFramework/db/ncDatabaseManager.php line 68) {"exception":"[object] (ncDatabaseException(code: 0): Database \"accounts\" does not exist at /home/rohit/Projects/user-management/src/ThirdParty/DbFramework/db/ncDatabaseManager.php:68)"} []
[2019-03-30 22:33:10] request.CRITICAL: Uncaught PHP Exception ncDatabaseException: "Database "accounts" does not exist" at /home/rohit/Projects/user-management/src/ThirdParty/DbFramework/db/ncDatabaseManager.php line 68 {"exception":"[object] (ncDatabaseException(code: 0): Database \"accounts\" does not exist at /home/rohit/Projects/user-management/src/ThirdParty/DbFramework/db/ncDatabaseManager.php:68, ncDatabaseException(code: 0): Database \"accounts\" does not exist at /home/rohit/Projects/user-management/src/ThirdParty/DbFramework/db/ncDatabaseManager.php:68)"} []
[2019-03-30 22:33:10] request.CRITICAL: Exception thrown when handling an exception (ncDatabaseException: Database "accounts" does not exist at /home/rohit/Projects/user-management/src/ThirdParty/DbFramework/db/ncDatabaseManager.php line 68) {"exception":"[object] (ncDatabaseException(code: 0): Database \"accounts\" does not exist at /home/rohit/Projects/user-management/src/ThirdParty/DbFramework/db/ncDatabaseManager.php:68)"} []
[2019-03-30 22:33:10] request.CRITICAL: Uncaught PHP Exception ncDatabaseException: "Database "accounts" does not exist" at /home/rohit/Projects/user-management/src/ThirdParty/DbFramework/db/ncDatabaseManager.php line 68 {"exception":"[object] (ncDatabaseException(code: 0): Database \"accounts\" does not exist at /home/rohit/Projects/user-management/src/ThirdParty/DbFramework/db/ncDatabaseManager.php:68)"} []
[2019-03-30 22:33:10] request.CRITICAL: Exception thrown when handling an exception (ncDatabaseException: Database "accounts" does not exist at /home/rohit/Projects/user-management/src/ThirdParty/DbFramework/db/ncDatabaseManager.php line 68) {"exception":"[object] (ncDatabaseException(code: 0): Database \"accounts\" does not exist at /home/rohit/Projects/user-management/src/ThirdParty/DbFramework/db/ncDatabaseManager.php:68)"} []
[2019-03-30 22:33:10] request.CRITICAL: Uncaught PHP Exception ncDatabaseException: "Database "accounts" does not exist" at /home/rohit/Projects/user-management/src/ThirdParty/DbFramework/db/ncDatabaseManager.php line 68 {"exception":"[object] (ncDatabaseException(code: 0): Database \"accounts\" does not exist at /home/rohit/Projects/user-management/src/ThirdParty/DbFramework/db/ncDatabaseManager.php:68, ncDatabaseException(code: 0): Database \"accounts\" does not exist at /home/rohit/Projects/user-management/src/ThirdParty/DbFramework/db/ncDatabaseManager.php:68)"} []
[2019-03-30 22:33:10] request.CRITICAL: Exception thrown when handling an exception (ncDatabaseException: Database "accounts" does not exist at /home/rohit/Projects/user-management/src/ThirdParty/DbFramework/db/ncDatabaseManager.php line 68) {"exception":"[object] (ncDatabaseException(code: 0): Database \"accounts\" does not exist at /home/rohit/Projects/user-management/src/ThirdParty/DbFramework/db/ncDatabaseManager.php:68)"} []
[2019-03-30 22:33:10] request.CRITICAL: Uncaught PHP Exception ncDatabaseException: "Database "accounts" does not exist" at /home/rohit/Projects/user-management/src/ThirdParty/DbFramework/db/ncDatabaseManager.php line 68 {"exception":"[object] (ncDatabaseException(code: 0): Database \"accounts\" does not exist at /home/rohit/Projects/user-management/src/ThirdParty/DbFramework/db/ncDatabaseManager.php:68)"} []
[2019-03-30 22:33:10] request.CRITICAL: Exception thrown when handling an exception (ncDatabaseException: Database "accounts" does not exist at /home/rohit/Projects/user-management/src/ThirdParty/DbFramework/db/ncDatabaseManager.php line 68) {"exception":"[object] (ncDatabaseException(code: 0): Database \"accounts\" does not exist at /home/rohit/Projects/user-management/src/ThirdParty/DbFramework/db/ncDatabaseManager.php:68)"} []
[2019-03-30 22:33:10] request.CRITICAL: Uncaught PHP Exception ncDatabaseException: "Database "accounts" does not exist" at /home/rohit/Projects/user-management/src/ThirdParty/DbFramework/db/ncDatabaseManager.php line 68 {"exception":"[object] (ncDatabaseException(code: 0): Database \"accounts\" does not exist at /home/rohit/Projects/user-management/src/ThirdParty/DbFramework/db/ncDatabaseManager.php:68, ncDatabaseException(code: 0): Database \"accounts\" does not exist at /home/rohit/Projects/user-management/src/ThirdParty/DbFramework/db/ncDatabaseManager.php:68)"} []
[2019-03-30 22:33:10] request.CRITICAL: Exception thrown when handling an exception (ncDatabaseException: Database "accounts" does not exist at /home/rohit/Projects/user-management/src/ThirdParty/DbFramework/db/ncDatabaseManager.php line 68) {"exception":"[object] (ncDatabaseException(code: 0): Database \"accounts\" does not exist at /home/rohit/Projects/user-management/src/ThirdParty/DbFramework/db/ncDatabaseManager.php:68)"} []
[2019-03-30 22:33:11] request.CRITICAL: Uncaught PHP Exception ncDatabaseException: "Database "accounts" does not exist" at /home/rohit/Projects/user-management/src/ThirdParty/DbFramework/db/ncDatabaseManager.php line 68 {"exception":"[object] (ncDatabaseException(code: 0): Database \"accounts\" does not exist at /home/rohit/Projects/user-management/src/ThirdParty/DbFramework/db/ncDatabaseManager.php:68)"} []
[2019-03-30 22:33:11] request.CRITICAL: Exception thrown when handling an exception (ncDatabaseException: Database "accounts" does not exist at /home/rohit/Projects/user-management/src/ThirdParty/DbFramework/db/ncDatabaseManager.php line 68) {"exception":"[object] (ncDatabaseException(code: 0): Database \"accounts\" does not exist at /home/rohit/Projects/user-management/src/ThirdParty/DbFramework/db/ncDatabaseManager.php:68)"} []
[2019-03-30 22:33:11] request.CRITICAL: Uncaught PHP Exception ncDatabaseException: "Database "accounts" does not exist" at /home/rohit/Projects/user-management/src/ThirdParty/DbFramework/db/ncDatabaseManager.php line 68 {"exception":"[object] (ncDatabaseException(code: 0): Database \"accounts\" does not exist at /home/rohit/Projects/user-management/src/ThirdParty/DbFramework/db/ncDatabaseManager.php:68, ncDatabaseException(code: 0): Database \"accounts\" does not exist at /home/rohit/Projects/user-management/src/ThirdParty/DbFramework/db/ncDatabaseManager.php:68)"} []
[2019-03-30 22:33:11] request.CRITICAL: Exception thrown when handling an exception (ncDatabaseException: Database "accounts" does not exist at /home/rohit/Projects/user-management/src/ThirdParty/DbFramework/db/ncDatabaseManager.php line 68) {"exception":"[object] (ncDatabaseException(code: 0): Database \"accounts\" does not exist at /home/rohit/Projects/user-management/src/ThirdParty/DbFramework/db/ncDatabaseManager.php:68)"} []
[2019-03-30 22:33:11] request.CRITICAL: Uncaught PHP Exception ncDatabaseException: "Database "accounts" does not exist" at /home/rohit/Projects/user-management/src/ThirdParty/DbFramework/db/ncDatabaseManager.php line 68 {"exception":"[object] (ncDatabaseException(code: 0): Database \"accounts\" does not exist at /home/rohit/Projects/user-management/src/ThirdParty/DbFramework/db/ncDatabaseManager.php:68)"} []
[2019-03-30 22:33:11] request.CRITICAL: Exception thrown when handling an exception (ncDatabaseException: Database "accounts" does not exist at /home/rohit/Projects/user-management/src/ThirdParty/DbFramework/db/ncDatabaseManager.php line 68) {"exception":"[object] (ncDatabaseException(code: 0): Database \"accounts\" does not exist at /home/rohit/Projects/user-management/src/ThirdParty/DbFramework/db/ncDatabaseManager.php:68)"} []
[2019-03-30 22:33:11] request.CRITICAL: Uncaught PHP Exception ncDatabaseException: "Database "accounts" does not exist" at /home/rohit/Projects/user-management/src/ThirdParty/DbFramework/db/ncDatabaseManager.php line 68 {"exception":"[object] (ncDatabaseException(code: 0): Database \"accounts\" does not exist at /home/rohit/Projects/user-management/src/ThirdParty/DbFramework/db/ncDatabaseManager.php:68, ncDatabaseException(code: 0): Database \"accounts\" does not exist at /home/rohit/Projects/user-management/src/ThirdParty/DbFramework/db/ncDatabaseManager.php:68)"} []
[2019-03-30 22:33:11] request.CRITICAL: Exception thrown when handling an exception (ncDatabaseException: Database "accounts" does not exist at /home/rohit/Projects/user-management/src/ThirdParty/DbFramework/db/ncDatabaseManager.php line 68) {"exception":"[object] (ncDatabaseException(code: 0): Database \"accounts\" does not exist at /home/rohit/Projects/user-management/src/ThirdParty/DbFramework/db/ncDatabaseManager.php:68)"} []
[2019-03-30 22:33:11] request.CRITICAL: Uncaught PHP Exception ncDatabaseException: "Database "accounts" does not exist" at /home/rohit/Projects/user-management/src/ThirdParty/DbFramework/db/ncDatabaseManager.php line 68 {"exception":"[object] (ncDatabaseException(code: 0): Database \"accounts\" does not exist at /home/rohit/Projects/user-management/src/ThirdParty/DbFramework/db/ncDatabaseManager.php:68)"} []
[2019-03-30 22:33:11] request.CRITICAL: Exception thrown when handling an exception (ncDatabaseException: Database "accounts" does not exist at /home/rohit/Projects/user-management/src/ThirdParty/DbFramework/db/ncDatabaseManager.php line 68) {"exception":"[object] (ncDatabaseException(code: 0): Database \"accounts\" does not exist at /home/rohit/Projects/user-management/src/ThirdParty/DbFramework/db/ncDatabaseManager.php:68)"} []
[2019-03-30 22:33:11] request.CRITICAL: Uncaught PHP Exception ncDatabaseException: "Database "accounts" does not exist" at /home/rohit/Projects/user-management/src/ThirdParty/DbFramework/db/ncDatabaseManager.php line 68 {"exception":"[object] (ncDatabaseException(code: 0): Database \"accounts\" does not exist at /home/rohit/Projects/user-management/src/ThirdParty/DbFramework/db/ncDatabaseManager.php:68, ncDatabaseException(code: 0): Database \"accounts\" does not exist at /home/rohit/Projects/user-management/src/ThirdParty/DbFramework/db/ncDatabaseManager.php:68)"} []
[2019-03-30 22:33:11] request.CRITICAL: Exception thrown when handling an exception (ncDatabaseException: Database "accounts" does not exist at /home/rohit/Projects/user-management/src/ThirdParty/DbFramework/db/ncDatabaseManager.php line 68) {"exception":"[object] (ncDatabaseException(code: 0): Database \"accounts\" does not exist at /home/rohit/Projects/user-management/src/ThirdParty/DbFramework/db/ncDatabaseManager.php:68)"} []
[2019-03-30 22:33:11] request.CRITICAL: Uncaught PHP Exception ncDatabaseException: "Database "accounts" does not exist" at /home/rohit/Projects/user-management/src/ThirdParty/DbFramework/db/ncDatabaseManager.php line 68 {"exception":"[object] (ncDatabaseException(code: 0): Database \"accounts\" does not exist at /home/rohit/Projects/user-management/src/ThirdParty/DbFramework/db/ncDatabaseManager.php:68)"} []
[2019-03-30 22:33:11] request.CRITICAL: Exception thrown when handling an exception (ncDatabaseException: Database "accounts" does not exist at /home/rohit/Projects/user-management/src/ThirdParty/DbFramework/db/ncDatabaseManager.php line 68) {"exception":"[object] (ncDatabaseException(code: 0): Database \"accounts\" does not exist at /home/rohit/Projects/user-management/src/ThirdParty/DbFramework/db/ncDatabaseManager.php:68)"} []
[2019-03-30 22:33:11] request.CRITICAL: Uncaught PHP Exception ncDatabaseException: "Database "accounts" does not exist" at /home/rohit/Projects/user-management/src/ThirdParty/DbFramework/db/ncDatabaseManager.php line 68 {"exception":"[object] (ncDatabaseException(code: 0): Database \"accounts\" does not exist at /home/rohit/Projects/user-management/src/ThirdParty/DbFramework/db/ncDatabaseManager.php:68, ncDatabaseException(code: 0): Database \"accounts\" does not exist at /home/rohit/Projects/user-management/src/ThirdParty/DbFramework/db/ncDatabaseManager.php:68)"} []
[2019-03-30 22:33:11] request.CRITICAL: Exception thrown when handling an exception (ncDatabaseException: Database "accounts" does not exist at /home/rohit/Projects/user-management/src/ThirdParty/DbFramework/db/ncDatabaseManager.php line 68) {"exception":"[object] (ncDatabaseException(code: 0): Database \"accounts\" does not exist at /home/rohit/Projects/user-management/src/ThirdParty/DbFramework/db/ncDatabaseManager.php:68)"} []
[2019-03-30 22:33:12] request.CRITICAL: Uncaught PHP Exception ncDatabaseException: "Database "accounts" does not exist" at /home/rohit/Projects/user-management/src/ThirdParty/DbFramework/db/ncDatabaseManager.php line 68 {"exception":"[object] (ncDatabaseException(code: 0): Database \"accounts\" does not exist at /home/rohit/Projects/user-management/src/ThirdParty/DbFramework/db/ncDatabaseManager.php:68)"} []
[2019-03-30 22:33:12] request.CRITICAL: Exception thrown when handling an exception (ncDatabaseException: Database "accounts" does not exist at /home/rohit/Projects/user-management/src/ThirdParty/DbFramework/db/ncDatabaseManager.php line 68) {"exception":"[object] (ncDatabaseException(code: 0): Database \"accounts\" does not exist at /home/rohit/Projects/user-management/src/ThirdParty/DbFramework/db/ncDatabaseManager.php:68)"} []
[2019-03-30 22:33:12] request.CRITICAL: Uncaught PHP Exception ncDatabaseException: "Database "accounts" does not exist" at /home/rohit/Projects/user-management/src/ThirdParty/DbFramework/db/ncDatabaseManager.php line 68 {"exception":"[object] (ncDatabaseException(code: 0): Database \"accounts\" does not exist at /home/rohit/Projects/user-management/src/ThirdParty/DbFramework/db/ncDatabaseManager.php:68, ncDatabaseException(code: 0): Database \"accounts\" does not exist at /home/rohit/Projects/user-management/src/ThirdParty/DbFramework/db/ncDatabaseManager.php:68)"} []
[2019-03-30 22:33:12] request.CRITICAL: Exception thrown when handling an exception (ncDatabaseException: Database "accounts" does not exist at /home/rohit/Projects/user-management/src/ThirdParty/DbFramework/db/ncDatabaseManager.php line 68) {"exception":"[object] (ncDatabaseException(code: 0): Database \"accounts\" does not exist at /home/rohit/Projects/user-management/src/ThirdParty/DbFramework/db/ncDatabaseManager.php:68)"} []
[2019-03-30 22:33:12] request.CRITICAL: Uncaught PHP Exception ncDatabaseException: "Database "accounts" does not exist" at /home/rohit/Projects/user-management/src/ThirdParty/DbFramework/db/ncDatabaseManager.php line 68 {"exception":"[object] (ncDatabaseException(code: 0): Database \"accounts\" does not exist at /home/rohit/Projects/user-management/src/ThirdParty/DbFramework/db/ncDatabaseManager.php:68)"} []
[2019-03-30 22:33:12] request.CRITICAL: Exception thrown when handling an exception (ncDatabaseException: Database "accounts" does not exist at /home/rohit/Projects/user-management/src/ThirdParty/DbFramework/db/ncDatabaseManager.php line 68) {"exception":"[object] (ncDatabaseException(code: 0): Database \"accounts\" does not exist at /home/rohit/Projects/user-management/src/ThirdParty/DbFramework/db/ncDatabaseManager.php:68)"} []
[2019-03-30 22:33:12] request.CRITICAL: Uncaught PHP Exception ncDatabaseException: "Database "accounts" does not exist" at /home/rohit/Projects/user-management/src/ThirdParty/DbFramework/db/ncDatabaseManager.php line 68 {"exception":"[object] (ncDatabaseException(code: 0): Database \"accounts\" does not exist at /home/rohit/Projects/user-management/src/ThirdParty/DbFramework/db/ncDatabaseManager.php:68, ncDatabaseException(code: 0): Database \"accounts\" does not exist at /home/rohit/Projects/user-management/src/ThirdParty/DbFramework/db/ncDatabaseManager.php:68)"} []
[2019-03-30 22:33:12] request.CRITICAL: Exception thrown when handling an exception (ncDatabaseException: Database "accounts" does not exist at /home/rohit/Projects/user-management/src/ThirdParty/DbFramework/db/ncDatabaseManager.php line 68) {"exception":"[object] (ncDatabaseException(code: 0): Database \"accounts\" does not exist at /home/rohit/Projects/user-management/src/ThirdParty/DbFramework/db/ncDatabaseManager.php:68)"} []
[2019-03-30 22:34:16] request.CRITICAL: Uncaught PHP Exception ncDatabaseException: "Database "accounts" does not exist" at /home/rohit/Projects/user-management/src/ThirdParty/DbFramework/db/ncDatabaseManager.php line 68 {"exception":"[object] (ncDatabaseException(code: 0): Database \"accounts\" does not exist at /home/rohit/Projects/user-management/src/ThirdParty/DbFramework/db/ncDatabaseManager.php:68)"} []
[2019-03-30 22:34:16] request.CRITICAL: Exception thrown when handling an exception (ncDatabaseException: Database "accounts" does not exist at /home/rohit/Projects/user-management/src/ThirdParty/DbFramework/db/ncDatabaseManager.php line 68) {"exception":"[object] (ncDatabaseException(code: 0): Database \"accounts\" does not exist at /home/rohit/Projects/user-management/src/ThirdParty/DbFramework/db/ncDatabaseManager.php:68)"} []
[2019-03-30 22:34:16] request.CRITICAL: Uncaught PHP Exception ncDatabaseException: "Database "accounts" does not exist" at /home/rohit/Projects/user-management/src/ThirdParty/DbFramework/db/ncDatabaseManager.php line 68 {"exception":"[object] (ncDatabaseException(code: 0): Database \"accounts\" does not exist at /home/rohit/Projects/user-management/src/ThirdParty/DbFramework/db/ncDatabaseManager.php:68, ncDatabaseException(code: 0): Database \"accounts\" does not exist at /home/rohit/Projects/user-management/src/ThirdParty/DbFramework/db/ncDatabaseManager.php:68)"} []
[2019-03-30 22:34:16] request.CRITICAL: Exception thrown when handling an exception (ncDatabaseException: Database "accounts" does not exist at /home/rohit/Projects/user-management/src/ThirdParty/DbFramework/db/ncDatabaseManager.php line 68) {"exception":"[object] (ncDatabaseException(code: 0): Database \"accounts\" does not exist at /home/rohit/Projects/user-management/src/ThirdParty/DbFramework/db/ncDatabaseManager.php:68)"} []
[2019-03-30 22:34:25] request.CRITICAL: Uncaught PHP Exception ncDatabaseException: "Database "accounts" does not exist" at /home/rohit/Projects/user-management/src/ThirdParty/DbFramework/db/ncDatabaseManager.php line 68 {"exception":"[object] (ncDatabaseException(code: 0): Database \"accounts\" does not exist at /home/rohit/Projects/user-management/src/ThirdParty/DbFramework/db/ncDatabaseManager.php:68)"} []
[2019-03-30 22:34:25] request.CRITICAL: Exception thrown when handling an exception (ncDatabaseException: Database "accounts" does not exist at /home/rohit/Projects/user-management/src/ThirdParty/DbFramework/db/ncDatabaseManager.php line 68) {"exception":"[object] (ncDatabaseException(code: 0): Database \"accounts\" does not exist at /home/rohit/Projects/user-management/src/ThirdParty/DbFramework/db/ncDatabaseManager.php:68)"} []
[2019-03-30 22:34:25] request.CRITICAL: Uncaught PHP Exception ncDatabaseException: "Database "accounts" does not exist" at /home/rohit/Projects/user-management/src/ThirdParty/DbFramework/db/ncDatabaseManager.php line 68 {"exception":"[object] (ncDatabaseException(code: 0): Database \"accounts\" does not exist at /home/rohit/Projects/user-management/src/ThirdParty/DbFramework/db/ncDatabaseManager.php:68, ncDatabaseException(code: 0): Database \"accounts\" does not exist at /home/rohit/Projects/user-management/src/ThirdParty/DbFramework/db/ncDatabaseManager.php:68)"} []
[2019-03-30 22:34:25] request.CRITICAL: Exception thrown when handling an exception (ncDatabaseException: Database "accounts" does not exist at /home/rohit/Projects/user-management/src/ThirdParty/DbFramework/db/ncDatabaseManager.php line 68) {"exception":"[object] (ncDatabaseException(code: 0): Database \"accounts\" does not exist at /home/rohit/Projects/user-management/src/ThirdParty/DbFramework/db/ncDatabaseManager.php:68)"} []
[2019-03-30 22:34:27] request.CRITICAL: Uncaught PHP Exception ncDatabaseException: "Database "accounts" does not exist" at /home/rohit/Projects/user-management/src/ThirdParty/DbFramework/db/ncDatabaseManager.php line 68 {"exception":"[object] (ncDatabaseException(code: 0): Database \"accounts\" does not exist at /home/rohit/Projects/user-management/src/ThirdParty/DbFramework/db/ncDatabaseManager.php:68)"} []
[2019-03-30 22:34:27] request.CRITICAL: Exception thrown when handling an exception (ncDatabaseException: Database "accounts" does not exist at /home/rohit/Projects/user-management/src/ThirdParty/DbFramework/db/ncDatabaseManager.php line 68) {"exception":"[object] (ncDatabaseException(code: 0): Database \"accounts\" does not exist at /home/rohit/Projects/user-management/src/ThirdParty/DbFramework/db/ncDatabaseManager.php:68)"} []
[2019-03-30 22:34:27] request.CRITICAL: Uncaught PHP Exception ncDatabaseException: "Database "accounts" does not exist" at /home/rohit/Projects/user-management/src/ThirdParty/DbFramework/db/ncDatabaseManager.php line 68 {"exception":"[object] (ncDatabaseException(code: 0): Database \"accounts\" does not exist at /home/rohit/Projects/user-management/src/ThirdParty/DbFramework/db/ncDatabaseManager.php:68, ncDatabaseException(code: 0): Database \"accounts\" does not exist at /home/rohit/Projects/user-management/src/ThirdParty/DbFramework/db/ncDatabaseManager.php:68)"} []
[2019-03-30 22:34:27] request.CRITICAL: Exception thrown when handling an exception (ncDatabaseException: Database "accounts" does not exist at /home/rohit/Projects/user-management/src/ThirdParty/DbFramework/db/ncDatabaseManager.php line 68) {"exception":"[object] (ncDatabaseException(code: 0): Database \"accounts\" does not exist at /home/rohit/Projects/user-management/src/ThirdParty/DbFramework/db/ncDatabaseManager.php:68)"} []
[2019-03-30 22:34:27] request.CRITICAL: Uncaught PHP Exception ncDatabaseException: "Database "accounts" does not exist" at /home/rohit/Projects/user-management/src/ThirdParty/DbFramework/db/ncDatabaseManager.php line 68 {"exception":"[object] (ncDatabaseException(code: 0): Database \"accounts\" does not exist at /home/rohit/Projects/user-management/src/ThirdParty/DbFramework/db/ncDatabaseManager.php:68)"} []
[2019-03-30 22:34:27] request.CRITICAL: Exception thrown when handling an exception (ncDatabaseException: Database "accounts" does not exist at /home/rohit/Projects/user-management/src/ThirdParty/DbFramework/db/ncDatabaseManager.php line 68) {"exception":"[object] (ncDatabaseException(code: 0): Database \"accounts\" does not exist at /home/rohit/Projects/user-management/src/ThirdParty/DbFramework/db/ncDatabaseManager.php:68)"} []
[2019-03-30 22:34:27] request.CRITICAL: Uncaught PHP Exception ncDatabaseException: "Database "accounts" does not exist" at /home/rohit/Projects/user-management/src/ThirdParty/DbFramework/db/ncDatabaseManager.php line 68 {"exception":"[object] (ncDatabaseException(code: 0): Database \"accounts\" does not exist at /home/rohit/Projects/user-management/src/ThirdParty/DbFramework/db/ncDatabaseManager.php:68, ncDatabaseException(code: 0): Database \"accounts\" does not exist at /home/rohit/Projects/user-management/src/ThirdParty/DbFramework/db/ncDatabaseManager.php:68)"} []
[2019-03-30 22:34:27] request.CRITICAL: Exception thrown when handling an exception (ncDatabaseException: Database "accounts" does not exist at /home/rohit/Projects/user-management/src/ThirdParty/DbFramework/db/ncDatabaseManager.php line 68) {"exception":"[object] (ncDatabaseException(code: 0): Database \"accounts\" does not exist at /home/rohit/Projects/user-management/src/ThirdParty/DbFramework/db/ncDatabaseManager.php:68)"} []
[2019-03-30 22:34:27] request.CRITICAL: Uncaught PHP Exception ncDatabaseException: "Database "accounts" does not exist" at /home/rohit/Projects/user-management/src/ThirdParty/DbFramework/db/ncDatabaseManager.php line 68 {"exception":"[object] (ncDatabaseException(code: 0): Database \"accounts\" does not exist at /home/rohit/Projects/user-management/src/ThirdParty/DbFramework/db/ncDatabaseManager.php:68)"} []
[2019-03-30 22:34:27] request.CRITICAL: Exception thrown when handling an exception (ncDatabaseException: Database "accounts" does not exist at /home/rohit/Projects/user-management/src/ThirdParty/DbFramework/db/ncDatabaseManager.php line 68) {"exception":"[object] (ncDatabaseException(code: 0): Database \"accounts\" does not exist at /home/rohit/Projects/user-management/src/ThirdParty/DbFramework/db/ncDatabaseManager.php:68)"} []
[2019-03-30 22:34:27] request.CRITICAL: Uncaught PHP Exception ncDatabaseException: "Database "accounts" does not exist" at /home/rohit/Projects/user-management/src/ThirdParty/DbFramework/db/ncDatabaseManager.php line 68 {"exception":"[object] (ncDatabaseException(code: 0): Database \"accounts\" does not exist at /home/rohit/Projects/user-management/src/ThirdParty/DbFramework/db/ncDatabaseManager.php:68, ncDatabaseException(code: 0): Database \"accounts\" does not exist at /home/rohit/Projects/user-management/src/ThirdParty/DbFramework/db/ncDatabaseManager.php:68)"} []
[2019-03-30 22:34:27] request.CRITICAL: Exception thrown when handling an exception (ncDatabaseException: Database "accounts" does not exist at /home/rohit/Projects/user-management/src/ThirdParty/DbFramework/db/ncDatabaseManager.php line 68) {"exception":"[object] (ncDatabaseException(code: 0): Database \"accounts\" does not exist at /home/rohit/Projects/user-management/src/ThirdParty/DbFramework/db/ncDatabaseManager.php:68)"} []
[2019-03-30 22:40:39] request.CRITICAL: Uncaught PHP Exception ncDatabaseException: "Database "accounts" does not exist" at /home/rohit/Projects/user-management/src/ThirdParty/DbFramework/db/ncDatabaseManager.php line 68 {"exception":"[object] (ncDatabaseException(code: 0): Database \"accounts\" does not exist at /home/rohit/Projects/user-management/src/ThirdParty/DbFramework/db/ncDatabaseManager.php:68)"} []
[2019-03-30 22:40:39] request.CRITICAL: Exception thrown when handling an exception (ncDatabaseException: Database "accounts" does not exist at /home/rohit/Projects/user-management/src/ThirdParty/DbFramework/db/ncDatabaseManager.php line 68) {"exception":"[object] (ncDatabaseException(code: 0): Database \"accounts\" does not exist at /home/rohit/Projects/user-management/src/ThirdParty/DbFramework/db/ncDatabaseManager.php:68)"} []
[2019-03-30 22:40:39] request.CRITICAL: Uncaught PHP Exception ncDatabaseException: "Database "accounts" does not exist" at /home/rohit/Projects/user-management/src/ThirdParty/DbFramework/db/ncDatabaseManager.php line 68 {"exception":"[object] (ncDatabaseException(code: 0): Database \"accounts\" does not exist at /home/rohit/Projects/user-management/src/ThirdParty/DbFramework/db/ncDatabaseManager.php:68, ncDatabaseException(code: 0): Database \"accounts\" does not exist at /home/rohit/Projects/user-management/src/ThirdParty/DbFramework/db/ncDatabaseManager.php:68)"} []
[2019-03-30 22:40:39] request.CRITICAL: Exception thrown when handling an exception (ncDatabaseException: Database "accounts" does not exist at /home/rohit/Projects/user-management/src/ThirdParty/DbFramework/db/ncDatabaseManager.php line 68) {"exception":"[object] (ncDatabaseException(code: 0): Database \"accounts\" does not exist at /home/rohit/Projects/user-management/src/ThirdParty/DbFramework/db/ncDatabaseManager.php:68)"} []
[2019-03-30 22:41:31] request.CRITICAL: Uncaught PHP Exception ncDatabaseException: "Database "accounts" does not exist" at /home/rohit/Projects/user-management/src/ThirdParty/DbFramework/db/ncDatabaseManager.php line 68 {"exception":"[object] (ncDatabaseException(code: 0): Database \"accounts\" does not exist at /home/rohit/Projects/user-management/src/ThirdParty/DbFramework/db/ncDatabaseManager.php:68)"} []
[2019-03-30 22:41:31] request.CRITICAL: Exception thrown when handling an exception (ncDatabaseException: Database "accounts" does not exist at /home/rohit/Projects/user-management/src/ThirdParty/DbFramework/db/ncDatabaseManager.php line 68) {"exception":"[object] (ncDatabaseException(code: 0): Database \"accounts\" does not exist at /home/rohit/Projects/user-management/src/ThirdParty/DbFramework/db/ncDatabaseManager.php:68)"} []
[2019-03-30 22:41:31] request.CRITICAL: Uncaught PHP Exception ncDatabaseException: "Database "accounts" does not exist" at /home/rohit/Projects/user-management/src/ThirdParty/DbFramework/db/ncDatabaseManager.php line 68 {"exception":"[object] (ncDatabaseException(code: 0): Database \"accounts\" does not exist at /home/rohit/Projects/user-management/src/ThirdParty/DbFramework/db/ncDatabaseManager.php:68, ncDatabaseException(code: 0): Database \"accounts\" does not exist at /home/rohit/Projects/user-management/src/ThirdParty/DbFramework/db/ncDatabaseManager.php:68)"} []
[2019-03-30 22:41:31] request.CRITICAL: Exception thrown when handling an exception (ncDatabaseException: Database "accounts" does not exist at /home/rohit/Projects/user-management/src/ThirdParty/DbFramework/db/ncDatabaseManager.php line 68) {"exception":"[object] (ncDatabaseException(code: 0): Database \"accounts\" does not exist at /home/rohit/Projects/user-management/src/ThirdParty/DbFramework/db/ncDatabaseManager.php:68)"} []
[2019-03-30 22:43:22] request.CRITICAL: Uncaught PHP Exception ncDatabaseException: "Database "accounts" does not exist" at /home/rohit/Projects/user-management/src/ThirdParty/DbFramework/db/ncDatabaseManager.php line 69 {"exception":"[object] (ncDatabaseException(code: 0): Database \"accounts\" does not exist at /home/rohit/Projects/user-management/src/ThirdParty/DbFramework/db/ncDatabaseManager.php:69)"} []
[2019-03-30 22:43:22] request.CRITICAL: Exception thrown when handling an exception (ncDatabaseException: Database "accounts" does not exist at /home/rohit/Projects/user-management/src/ThirdParty/DbFramework/db/ncDatabaseManager.php line 69) {"exception":"[object] (ncDatabaseException(code: 0): Database \"accounts\" does not exist at /home/rohit/Projects/user-management/src/ThirdParty/DbFramework/db/ncDatabaseManager.php:69)"} []
[2019-03-30 22:43:22] request.CRITICAL: Uncaught PHP Exception ncDatabaseException: "Database "accounts" does not exist" at /home/rohit/Projects/user-management/src/ThirdParty/DbFramework/db/ncDatabaseManager.php line 69 {"exception":"[object] (ncDatabaseException(code: 0): Database \"accounts\" does not exist at /home/rohit/Projects/user-management/src/ThirdParty/DbFramework/db/ncDatabaseManager.php:69, ncDatabaseException(code: 0): Database \"accounts\" does not exist at /home/rohit/Projects/user-management/src/ThirdParty/DbFramework/db/ncDatabaseManager.php:69)"} []
[2019-03-30 22:43:22] request.CRITICAL: Exception thrown when handling an exception (ncDatabaseException: Database "accounts" does not exist at /home/rohit/Projects/user-management/src/ThirdParty/DbFramework/db/ncDatabaseManager.php line 69) {"exception":"[object] (ncDatabaseException(code: 0): Database \"accounts\" does not exist at /home/rohit/Projects/user-management/src/ThirdParty/DbFramework/db/ncDatabaseManager.php:69)"} []
[2019-03-30 22:44:10] request.ERROR: Uncaught PHP Exception Symfony\Component\HttpKernel\Exception\NotFoundHttpException: "No route found for "GET /"" at /home/rohit/Projects/user-management/vendor/symfony/symfony/src/Symfony/Component/HttpKernel/EventListener/RouterListener.php line 174 {"exception":"[object] (Symfony\\Component\\HttpKernel\\Exception\\NotFoundHttpException(code: 0): No route found for \"GET /\" at /home/rohit/Projects/user-management/vendor/symfony/symfony/src/Symfony/Component/HttpKernel/EventListener/RouterListener.php:174, Symfony\\Component\\Routing\\Exception\\ResourceNotFoundException(code: 0):  at /home/rohit/Projects/user-management/app/cache/dev/appDevDebugProjectContainerUrlMatcher.php:257)"} []
[2019-03-30 22:48:36] request.ERROR: Uncaught PHP Exception Symfony\Component\HttpKernel\Exception\NotFoundHttpException: "No route found for "GET /"" at /home/rohit/Projects/user-management/vendor/symfony/symfony/src/Symfony/Component/HttpKernel/EventListener/RouterListener.php line 174 {"exception":"[object] (Symfony\\Component\\HttpKernel\\Exception\\NotFoundHttpException(code: 0): No route found for \"GET /\" at /home/rohit/Projects/user-management/vendor/symfony/symfony/src/Symfony/Component/HttpKernel/EventListener/RouterListener.php:174, Symfony\\Component\\Routing\\Exception\\ResourceNotFoundException(code: 0):  at /home/rohit/Projects/user-management/app/cache/dev/appDevDebugProjectContainerUrlMatcher.php:265)"} []
[2019-03-30 22:48:44] request.ERROR: Uncaught PHP Exception Symfony\Component\HttpKernel\Exception\NotFoundHttpException: "No route found for "GET /admin"" at /home/rohit/Projects/user-management/app/cache/dev/classes.php line 2511 {"exception":"[object] (Symfony\\Component\\HttpKernel\\Exception\\NotFoundHttpException(code: 0): No route found for \"GET /admin\" at /home/rohit/Projects/user-management/app/cache/dev/classes.php:2511, Symfony\\Component\\Routing\\Exception\\ResourceNotFoundException(code: 0):  at /home/rohit/Projects/user-management/app/cache/dev/appDevDebugProjectContainerUrlMatcher.php:265)"} []
[2019-03-30 22:48:58] request.CRITICAL: Uncaught PHP Exception Symfony\Component\Debug\Exception\ContextErrorException: "Warning: strtotime() expects at least 1 parameter, 0 given" at /home/rohit/Projects/user-management/src/Naukri/JobPostingGatewayBundle/Util/Auth/JPSSOAuthListener.php line 79 {"exception":"[object] (Symfony\\Component\\Debug\\Exception\\ContextErrorException(code: 0): Warning: strtotime() expects at least 1 parameter, 0 given at /home/rohit/Projects/user-management/src/Naukri/JobPostingGatewayBundle/Util/Auth/JPSSOAuthListener.php:79)"} []
[2019-03-30 22:49:59] request.CRITICAL: Uncaught PHP Exception Symfony\Component\Debug\Exception\ContextErrorException: "Warning: strtotime() expects at least 1 parameter, 0 given" at /home/rohit/Projects/user-management/src/Naukri/JobPostingGatewayBundle/Util/Auth/JPSSOAuthListener.php line 79 {"exception":"[object] (Symfony\\Component\\Debug\\Exception\\ContextErrorException(code: 0): Warning: strtotime() expects at least 1 parameter, 0 given at /home/rohit/Projects/user-management/src/Naukri/JobPostingGatewayBundle/Util/Auth/JPSSOAuthListener.php:79)"} []
[2019-03-30 22:50:25] request.CRITICAL: Uncaught PHP Exception Symfony\Component\Debug\Exception\ContextErrorException: "Warning: strtotime() expects at least 1 parameter, 0 given" at /home/rohit/Projects/user-management/src/Naukri/JobPostingGatewayBundle/Util/Auth/JPSSOAuthListener.php line 79 {"exception":"[object] (Symfony\\Component\\Debug\\Exception\\ContextErrorException(code: 0): Warning: strtotime() expects at least 1 parameter, 0 given at /home/rohit/Projects/user-management/src/Naukri/JobPostingGatewayBundle/Util/Auth/JPSSOAuthListener.php:79)"} []
[2019-03-30 22:50:52] request.CRITICAL: Uncaught PHP Exception Symfony\Component\Security\Core\Exception\AuthenticationCredentialsNotFoundException: "A Token was not found in the TokenStorage." at /home/rohit/Projects/user-management/vendor/symfony/symfony/src/Symfony/Component/Security/Http/Firewall/AccessListener.php line 51 {"exception":"[object] (Symfony\\Component\\Security\\Core\\Exception\\AuthenticationCredentialsNotFoundException(code: 0): A Token was not found in the TokenStorage. at /home/rohit/Projects/user-management/vendor/symfony/symfony/src/Symfony/Component/Security/Http/Firewall/AccessListener.php:51)"} []
[2019-03-30 22:51:21] request.CRITICAL: Uncaught PHP Exception RAuthException: "Authentication Error in function: getAuthenticationStatus" at /home/rohit/Projects/user-management/src/ThirdParty/RAuthenticator/RAuthenticator.php line 75 {"exception":"[object] (RAuthException(code: 0): Authentication Error in function: getAuthenticationStatus at /home/rohit/Projects/user-management/src/ThirdParty/RAuthenticator/RAuthenticator.php:75)"} []
[2019-03-30 22:52:03] request.CRITICAL: Uncaught PHP Exception InvalidArgumentException: "Controller "Naukri\JobPostingGatewayBundle\Controller\AdminController::loadManageInterface" for URI "/admin/manage" is not callable." at /home/rohit/Projects/user-management/app/cache/dev/classes.php line 2576 {"exception":"[object] (InvalidArgumentException(code: 0): Controller \"Naukri\\JobPostingGatewayBundle\\Controller\\AdminController::loadManageInterface\" for URI \"/admin/manage\" is not callable. at /home/rohit/Projects/user-management/app/cache/dev/classes.php:2576)"} []
[2019-03-30 22:54:05] request.ERROR: Uncaught PHP Exception Symfony\Component\HttpKernel\Exception\NotFoundHttpException: "No route found for "GET /admin/manage"" at /home/rohit/Projects/user-management/app/cache/dev/classes.php line 2511 {"exception":"[object] (Symfony\\Component\\HttpKernel\\Exception\\NotFoundHttpException(code: 0): No route found for \"GET /admin/manage\" at /home/rohit/Projects/user-management/app/cache/dev/classes.php:2511, Symfony\\Component\\Routing\\Exception\\ResourceNotFoundException(code: 0):  at /home/rohit/Projects/user-management/app/cache/dev/appDevDebugProjectContainerUrlMatcher.php:269)"} []
[2019-03-30 22:54:10] request.CRITICAL: Uncaught PHP Exception PDOException: "SQLSTATE[42S02]: Base table or view not found: 1146 Table 'accounts.SESSION_DATA' doesn't exist" at /home/rohit/Projects/user-management/vendor/symfony/symfony/src/Symfony/Component/HttpFoundation/Session/Storage/Handler/PdoSessionHandler.php line 507 {"exception":"[object] (PDOException(code: 42S02): SQLSTATE[42S02]: Base table or view not found: 1146 Table 'accounts.SESSION_DATA' doesn't exist at /home/rohit/Projects/user-management/vendor/symfony/symfony/src/Symfony/Component/HttpFoundation/Session/Storage/Handler/PdoSessionHandler.php:507)"} []
[2019-03-30 22:54:12] request.ERROR: Uncaught PHP Exception Symfony\Component\HttpKernel\Exception\NotFoundHttpException: "No route found for "GET /admin/manage"" at /home/rohit/Projects/user-management/app/cache/dev/classes.php line 2511 {"exception":"[object] (Symfony\\Component\\HttpKernel\\Exception\\NotFoundHttpException(code: 0): No route found for \"GET /admin/manage\" at /home/rohit/Projects/user-management/app/cache/dev/classes.php:2511, Symfony\\Component\\Routing\\Exception\\ResourceNotFoundException(code: 0):  at /home/rohit/Projects/user-management/app/cache/dev/appDevDebugProjectContainerUrlMatcher.php:269)"} []
[2019-03-30 22:54:15] request.CRITICAL: Uncaught PHP Exception PDOException: "SQLSTATE[42S02]: Base table or view not found: 1146 Table 'accounts.SESSION_DATA' doesn't exist" at /home/rohit/Projects/user-management/vendor/symfony/symfony/src/Symfony/Component/HttpFoundation/Session/Storage/Handler/PdoSessionHandler.php line 507 {"exception":"[object] (PDOException(code: 42S02): SQLSTATE[42S02]: Base table or view not found: 1146 Table 'accounts.SESSION_DATA' doesn't exist at /home/rohit/Projects/user-management/vendor/symfony/symfony/src/Symfony/Component/HttpFoundation/Session/Storage/Handler/PdoSessionHandler.php:507)"} []
[2019-03-30 22:54:31] request.CRITICAL: Uncaught PHP Exception PDOException: "SQLSTATE[42S02]: Base table or view not found: 1146 Table 'accounts.SESSION_DATA' doesn't exist" at /home/rohit/Projects/user-management/vendor/symfony/symfony/src/Symfony/Component/HttpFoundation/Session/Storage/Handler/PdoSessionHandler.php line 507 {"exception":"[object] (PDOException(code: 42S02): SQLSTATE[42S02]: Base table or view not found: 1146 Table 'accounts.SESSION_DATA' doesn't exist at /home/rohit/Projects/user-management/vendor/symfony/symfony/src/Symfony/Component/HttpFoundation/Session/Storage/Handler/PdoSessionHandler.php:507)"} []
[2019-03-30 22:57:45] request.CRITICAL: Uncaught PHP Exception PDOException: "SQLSTATE[42S22]: Column not found: 1054 Unknown column 'sess_lifetime' in 'field list'" at /home/rohit/Projects/user-management/vendor/symfony/symfony/src/Symfony/Component/HttpFoundation/Session/Storage/Handler/PdoSessionHandler.php line 507 {"exception":"[object] (PDOException(code: 42S22): SQLSTATE[42S22]: Column not found: 1054 Unknown column 'sess_lifetime' in 'field list' at /home/rohit/Projects/user-management/vendor/symfony/symfony/src/Symfony/Component/HttpFoundation/Session/Storage/Handler/PdoSessionHandler.php:507)"} []
[2019-03-30 22:58:17] request.CRITICAL: Uncaught PHP Exception PDOException: "SQLSTATE[42S22]: Column not found: 1054 Unknown column 'TIME_STAMP' in 'field list'" at /home/rohit/Projects/user-management/vendor/symfony/symfony/src/Symfony/Component/HttpFoundation/Session/Storage/Handler/PdoSessionHandler.php line 507 {"exception":"[object] (PDOException(code: 42S22): SQLSTATE[42S22]: Column not found: 1054 Unknown column 'TIME_STAMP' in 'field list' at /home/rohit/Projects/user-management/vendor/symfony/symfony/src/Symfony/Component/HttpFoundation/Session/Storage/Handler/PdoSessionHandler.php:507)"} []
[2019-03-30 22:58:46] request.CRITICAL: Uncaught PHP Exception PDOException: "SQLSTATE[42S22]: Column not found: 1054 Unknown column 'TIME_STAMP' in 'field list'" at /home/rohit/Projects/user-management/vendor/symfony/symfony/src/Symfony/Component/HttpFoundation/Session/Storage/Handler/PdoSessionHandler.php line 507 {"exception":"[object] (PDOException(code: 42S22): SQLSTATE[42S22]: Column not found: 1054 Unknown column 'TIME_STAMP' in 'field list' at /home/rohit/Projects/user-management/vendor/symfony/symfony/src/Symfony/Component/HttpFoundation/Session/Storage/Handler/PdoSessionHandler.php:507)"} []
[2019-03-30 22:58:47] request.CRITICAL: Uncaught PHP Exception PDOException: "SQLSTATE[42S22]: Column not found: 1054 Unknown column 'TIME_STAMP' in 'field list'" at /home/rohit/Projects/user-management/vendor/symfony/symfony/src/Symfony/Component/HttpFoundation/Session/Storage/Handler/PdoSessionHandler.php line 507 {"exception":"[object] (PDOException(code: 42S22): SQLSTATE[42S22]: Column not found: 1054 Unknown column 'TIME_STAMP' in 'field list' at /home/rohit/Projects/user-management/vendor/symfony/symfony/src/Symfony/Component/HttpFoundation/Session/Storage/Handler/PdoSessionHandler.php:507)"} []
[2019-03-30 22:58:48] request.CRITICAL: Uncaught PHP Exception PDOException: "SQLSTATE[42S22]: Column not found: 1054 Unknown column 'TIME_STAMP' in 'field list'" at /home/rohit/Projects/user-management/vendor/symfony/symfony/src/Symfony/Component/HttpFoundation/Session/Storage/Handler/PdoSessionHandler.php line 507 {"exception":"[object] (PDOException(code: 42S22): SQLSTATE[42S22]: Column not found: 1054 Unknown column 'TIME_STAMP' in 'field list' at /home/rohit/Projects/user-management/vendor/symfony/symfony/src/Symfony/Component/HttpFoundation/Session/Storage/Handler/PdoSessionHandler.php:507)"} []
[2019-03-30 22:58:48] request.CRITICAL: Uncaught PHP Exception PDOException: "SQLSTATE[42S22]: Column not found: 1054 Unknown column 'TIME_STAMP' in 'field list'" at /home/rohit/Projects/user-management/vendor/symfony/symfony/src/Symfony/Component/HttpFoundation/Session/Storage/Handler/PdoSessionHandler.php line 507 {"exception":"[object] (PDOException(code: 42S22): SQLSTATE[42S22]: Column not found: 1054 Unknown column 'TIME_STAMP' in 'field list' at /home/rohit/Projects/user-management/vendor/symfony/symfony/src/Symfony/Component/HttpFoundation/Session/Storage/Handler/PdoSessionHandler.php:507)"} []
[2019-03-30 22:58:48] request.CRITICAL: Uncaught PHP Exception PDOException: "SQLSTATE[42S22]: Column not found: 1054 Unknown column 'TIME_STAMP' in 'field list'" at /home/rohit/Projects/user-management/vendor/symfony/symfony/src/Symfony/Component/HttpFoundation/Session/Storage/Handler/PdoSessionHandler.php line 507 {"exception":"[object] (PDOException(code: 42S22): SQLSTATE[42S22]: Column not found: 1054 Unknown column 'TIME_STAMP' in 'field list' at /home/rohit/Projects/user-management/vendor/symfony/symfony/src/Symfony/Component/HttpFoundation/Session/Storage/Handler/PdoSessionHandler.php:507)"} []
[2019-03-30 22:58:48] request.CRITICAL: Uncaught PHP Exception PDOException: "SQLSTATE[42S22]: Column not found: 1054 Unknown column 'TIME_STAMP' in 'field list'" at /home/rohit/Projects/user-management/vendor/symfony/symfony/src/Symfony/Component/HttpFoundation/Session/Storage/Handler/PdoSessionHandler.php line 507 {"exception":"[object] (PDOException(code: 42S22): SQLSTATE[42S22]: Column not found: 1054 Unknown column 'TIME_STAMP' in 'field list' at /home/rohit/Projects/user-management/vendor/symfony/symfony/src/Symfony/Component/HttpFoundation/Session/Storage/Handler/PdoSessionHandler.php:507)"} []
[2019-03-30 22:58:49] request.CRITICAL: Uncaught PHP Exception PDOException: "SQLSTATE[42S22]: Column not found: 1054 Unknown column 'TIME_STAMP' in 'field list'" at /home/rohit/Projects/user-management/vendor/symfony/symfony/src/Symfony/Component/HttpFoundation/Session/Storage/Handler/PdoSessionHandler.php line 507 {"exception":"[object] (PDOException(code: 42S22): SQLSTATE[42S22]: Column not found: 1054 Unknown column 'TIME_STAMP' in 'field list' at /home/rohit/Projects/user-management/vendor/symfony/symfony/src/Symfony/Component/HttpFoundation/Session/Storage/Handler/PdoSessionHandler.php:507)"} []
[2019-03-30 22:58:49] request.CRITICAL: Uncaught PHP Exception PDOException: "SQLSTATE[42S22]: Column not found: 1054 Unknown column 'TIME_STAMP' in 'field list'" at /home/rohit/Projects/user-management/vendor/symfony/symfony/src/Symfony/Component/HttpFoundation/Session/Storage/Handler/PdoSessionHandler.php line 507 {"exception":"[object] (PDOException(code: 42S22): SQLSTATE[42S22]: Column not found: 1054 Unknown column 'TIME_STAMP' in 'field list' at /home/rohit/Projects/user-management/vendor/symfony/symfony/src/Symfony/Component/HttpFoundation/Session/Storage/Handler/PdoSessionHandler.php:507)"} []
[2019-03-30 22:58:49] request.CRITICAL: Uncaught PHP Exception PDOException: "SQLSTATE[42S22]: Column not found: 1054 Unknown column 'TIME_STAMP' in 'field list'" at /home/rohit/Projects/user-management/vendor/symfony/symfony/src/Symfony/Component/HttpFoundation/Session/Storage/Handler/PdoSessionHandler.php line 507 {"exception":"[object] (PDOException(code: 42S22): SQLSTATE[42S22]: Column not found: 1054 Unknown column 'TIME_STAMP' in 'field list' at /home/rohit/Projects/user-management/vendor/symfony/symfony/src/Symfony/Component/HttpFoundation/Session/Storage/Handler/PdoSessionHandler.php:507)"} []
[2019-03-30 22:58:49] request.CRITICAL: Uncaught PHP Exception PDOException: "SQLSTATE[42S22]: Column not found: 1054 Unknown column 'TIME_STAMP' in 'field list'" at /home/rohit/Projects/user-management/vendor/symfony/symfony/src/Symfony/Component/HttpFoundation/Session/Storage/Handler/PdoSessionHandler.php line 507 {"exception":"[object] (PDOException(code: 42S22): SQLSTATE[42S22]: Column not found: 1054 Unknown column 'TIME_STAMP' in 'field list' at /home/rohit/Projects/user-management/vendor/symfony/symfony/src/Symfony/Component/HttpFoundation/Session/Storage/Handler/PdoSessionHandler.php:507)"} []
[2019-03-30 22:58:50] request.CRITICAL: Uncaught PHP Exception PDOException: "SQLSTATE[42S22]: Column not found: 1054 Unknown column 'TIME_STAMP' in 'field list'" at /home/rohit/Projects/user-management/vendor/symfony/symfony/src/Symfony/Component/HttpFoundation/Session/Storage/Handler/PdoSessionHandler.php line 507 {"exception":"[object] (PDOException(code: 42S22): SQLSTATE[42S22]: Column not found: 1054 Unknown column 'TIME_STAMP' in 'field list' at /home/rohit/Projects/user-management/vendor/symfony/symfony/src/Symfony/Component/HttpFoundation/Session/Storage/Handler/PdoSessionHandler.php:507)"} []
[2019-03-30 22:58:57] request.CRITICAL: Uncaught PHP Exception PDOException: "SQLSTATE[HY000]: General error: 1366 Incorrect integer value: 'akl4guuu36di8n4b69608p3t14' for column 'id' at row 1" at /home/rohit/Projects/user-management/vendor/symfony/symfony/src/Symfony/Component/HttpFoundation/Session/Storage/Handler/PdoSessionHandler.php line 531 {"exception":"[object] (PDOException(code: HY000): SQLSTATE[HY000]: General error: 1366 Incorrect integer value: 'akl4guuu36di8n4b69608p3t14' for column 'id' at row 1 at /home/rohit/Projects/user-management/vendor/symfony/symfony/src/Symfony/Component/HttpFoundation/Session/Storage/Handler/PdoSessionHandler.php:531)"} []
[2019-03-30 22:59:16] request.CRITICAL: Uncaught PHP Exception InvalidArgumentException: "Controller "Naukri\JobPostingGatewayBundle\Controller\AdminController::loadAdminInterface" for URI "/admin/" is not callable." at /home/rohit/Projects/user-management/app/cache/dev/classes.php line 2576 {"exception":"[object] (InvalidArgumentException(code: 0): Controller \"Naukri\\JobPostingGatewayBundle\\Controller\\AdminController::loadAdminInterface\" for URI \"/admin/\" is not callable. at /home/rohit/Projects/user-management/app/cache/dev/classes.php:2576)"} []
[2019-03-30 22:59:35] request.CRITICAL: Uncaught PHP Exception InvalidArgumentException: "Controller "Naukri\JobPostingGatewayBundle\Controller\AdminController::loadAdminInterface" for URI "/admin/" is not callable." at /home/rohit/Projects/user-management/app/cache/dev/classes.php line 2576 {"exception":"[object] (InvalidArgumentException(code: 0): Controller \"Naukri\\JobPostingGatewayBundle\\Controller\\AdminController::loadAdminInterface\" for URI \"/admin/\" is not callable. at /home/rohit/Projects/user-management/app/cache/dev/classes.php:2576)"} []
[2019-03-30 22:59:53] request.CRITICAL: Uncaught PHP Exception InvalidArgumentException: "Controller "Naukri\JobPostingGatewayBundle\Controller\AdminController::loadAdminInterface" for URI "/admin/" is not callable." at /home/rohit/Projects/user-management/app/cache/dev/classes.php line 2576 {"exception":"[object] (InvalidArgumentException(code: 0): Controller \"Naukri\\JobPostingGatewayBundle\\Controller\\AdminController::loadAdminInterface\" for URI \"/admin/\" is not callable. at /home/rohit/Projects/user-management/app/cache/dev/classes.php:2576)"} []
[2019-03-30 23:01:55] request.ERROR: Uncaught PHP Exception Symfony\Component\HttpKernel\Exception\NotFoundHttpException: "No route found for "GET /admin/"" at /home/rohit/Projects/user-management/vendor/symfony/symfony/src/Symfony/Component/HttpKernel/EventListener/RouterListener.php line 174 {"exception":"[object] (Symfony\\Component\\HttpKernel\\Exception\\NotFoundHttpException(code: 0): No route found for \"GET /admin/\" at /home/rohit/Projects/user-management/vendor/symfony/symfony/src/Symfony/Component/HttpKernel/EventListener/RouterListener.php:174, Symfony\\Component\\Routing\\Exception\\ResourceNotFoundException(code: 0):  at /home/rohit/Projects/user-management/app/cache/dev/appDevDebugProjectContainerUrlMatcher.php:265)"} []
[2019-03-30 23:02:03] request.CRITICAL: Uncaught PHP Exception InvalidArgumentException: "Controller "Naukri\JobPostingGatewayBundle\Controller\AdminController::loadAdminModule" for URI "/admin/manage" is not callable." at /home/rohit/Projects/user-management/vendor/symfony/symfony/src/Symfony/Component/HttpKernel/Controller/ControllerResolver.php line 91 {"exception":"[object] (InvalidArgumentException(code: 0): Controller \"Naukri\\JobPostingGatewayBundle\\Controller\\AdminController::loadAdminModule\" for URI \"/admin/manage\" is not callable. at /home/rohit/Projects/user-management/vendor/symfony/symfony/src/Symfony/Component/HttpKernel/Controller/ControllerResolver.php:91)"} []
[2019-03-30 23:04:29] request.CRITICAL: Uncaught PHP Exception InvalidArgumentException: "Controller "Naukri\JobPostingGatewayBundle\Controller\AdminController::loadAdminModule" for URI "/admin/manage" is not callable." at /home/rohit/Projects/user-management/vendor/symfony/symfony/src/Symfony/Component/HttpKernel/Controller/ControllerResolver.php line 91 {"exception":"[object] (InvalidArgumentException(code: 0): Controller \"Naukri\\JobPostingGatewayBundle\\Controller\\AdminController::loadAdminModule\" for URI \"/admin/manage\" is not callable. at /home/rohit/Projects/user-management/vendor/symfony/symfony/src/Symfony/Component/HttpKernel/Controller/ControllerResolver.php:91)"} []
[2019-03-30 23:05:02] request.CRITICAL: Uncaught PHP Exception InvalidArgumentException: "Controller "Naukri\JobPostingGatewayBundle\Controller\AdminController::loadAdminModule" for URI "/admin/manage" is not callable." at /home/rohit/Projects/user-management/vendor/symfony/symfony/src/Symfony/Component/HttpKernel/Controller/ControllerResolver.php line 91 {"exception":"[object] (InvalidArgumentException(code: 0): Controller \"Naukri\\JobPostingGatewayBundle\\Controller\\AdminController::loadAdminModule\" for URI \"/admin/manage\" is not callable. at /home/rohit/Projects/user-management/vendor/symfony/symfony/src/Symfony/Component/HttpKernel/Controller/ControllerResolver.php:91)"} []
[2019-03-30 23:05:03] request.CRITICAL: Uncaught PHP Exception InvalidArgumentException: "Controller "Naukri\JobPostingGatewayBundle\Controller\AdminController::loadAdminModule" for URI "/admin/manage" is not callable." at /home/rohit/Projects/user-management/app/cache/dev/classes.php line 2576 {"exception":"[object] (InvalidArgumentException(code: 0): Controller \"Naukri\\JobPostingGatewayBundle\\Controller\\AdminController::loadAdminModule\" for URI \"/admin/manage\" is not callable. at /home/rohit/Projects/user-management/app/cache/dev/classes.php:2576)"} []
[2019-03-30 23:05:03] request.CRITICAL: Uncaught PHP Exception InvalidArgumentException: "Controller "Naukri\JobPostingGatewayBundle\Controller\AdminController::loadAdminModule" for URI "/admin/manage" is not callable." at /home/rohit/Projects/user-management/app/cache/dev/classes.php line 2576 {"exception":"[object] (InvalidArgumentException(code: 0): Controller \"Naukri\\JobPostingGatewayBundle\\Controller\\AdminController::loadAdminModule\" for URI \"/admin/manage\" is not callable. at /home/rohit/Projects/user-management/app/cache/dev/classes.php:2576)"} []
[2019-03-30 23:05:04] request.CRITICAL: Uncaught PHP Exception InvalidArgumentException: "Controller "Naukri\JobPostingGatewayBundle\Controller\AdminController::loadAdminModule" for URI "/admin/manage" is not callable." at /home/rohit/Projects/user-management/app/cache/dev/classes.php line 2576 {"exception":"[object] (InvalidArgumentException(code: 0): Controller \"Naukri\\JobPostingGatewayBundle\\Controller\\AdminController::loadAdminModule\" for URI \"/admin/manage\" is not callable. at /home/rohit/Projects/user-management/app/cache/dev/classes.php:2576)"} []
[2019-03-30 23:05:04] request.CRITICAL: Uncaught PHP Exception InvalidArgumentException: "Controller "Naukri\JobPostingGatewayBundle\Controller\AdminController::loadAdminModule" for URI "/admin/manage" is not callable." at /home/rohit/Projects/user-management/app/cache/dev/classes.php line 2576 {"exception":"[object] (InvalidArgumentException(code: 0): Controller \"Naukri\\JobPostingGatewayBundle\\Controller\\AdminController::loadAdminModule\" for URI \"/admin/manage\" is not callable. at /home/rohit/Projects/user-management/app/cache/dev/classes.php:2576)"} []
[2019-03-30 23:05:04] request.CRITICAL: Uncaught PHP Exception InvalidArgumentException: "Controller "Naukri\JobPostingGatewayBundle\Controller\AdminController::loadAdminModule" for URI "/admin/manage" is not callable." at /home/rohit/Projects/user-management/app/cache/dev/classes.php line 2576 {"exception":"[object] (InvalidArgumentException(code: 0): Controller \"Naukri\\JobPostingGatewayBundle\\Controller\\AdminController::loadAdminModule\" for URI \"/admin/manage\" is not callable. at /home/rohit/Projects/user-management/app/cache/dev/classes.php:2576)"} []
[2019-03-30 23:05:04] request.CRITICAL: Uncaught PHP Exception InvalidArgumentException: "Controller "Naukri\JobPostingGatewayBundle\Controller\AdminController::loadAdminModule" for URI "/admin/manage" is not callable." at /home/rohit/Projects/user-management/app/cache/dev/classes.php line 2576 {"exception":"[object] (InvalidArgumentException(code: 0): Controller \"Naukri\\JobPostingGatewayBundle\\Controller\\AdminController::loadAdminModule\" for URI \"/admin/manage\" is not callable. at /home/rohit/Projects/user-management/app/cache/dev/classes.php:2576)"} []
[2019-03-30 23:05:04] request.CRITICAL: Uncaught PHP Exception InvalidArgumentException: "Controller "Naukri\JobPostingGatewayBundle\Controller\AdminController::loadAdminModule" for URI "/admin/manage" is not callable." at /home/rohit/Projects/user-management/app/cache/dev/classes.php line 2576 {"exception":"[object] (InvalidArgumentException(code: 0): Controller \"Naukri\\JobPostingGatewayBundle\\Controller\\AdminController::loadAdminModule\" for URI \"/admin/manage\" is not callable. at /home/rohit/Projects/user-management/app/cache/dev/classes.php:2576)"} []
[2019-03-30 23:06:48] request.CRITICAL: Uncaught PHP Exception InvalidArgumentException: "Controller "Naukri\JobPostingGatewayBundle\Controller\AdminController::loadAdminModule" for URI "/admin/manage" is not callable." at /home/rohit/Projects/user-management/vendor/symfony/symfony/src/Symfony/Component/HttpKernel/Controller/ControllerResolver.php line 91 {"exception":"[object] (InvalidArgumentException(code: 0): Controller \"Naukri\\JobPostingGatewayBundle\\Controller\\AdminController::loadAdminModule\" for URI \"/admin/manage\" is not callable. at /home/rohit/Projects/user-management/vendor/symfony/symfony/src/Symfony/Component/HttpKernel/Controller/ControllerResolver.php:91)"} []
[2019-03-30 23:06:59] request.ERROR: Uncaught PHP Exception Symfony\Component\HttpKernel\Exception\NotFoundHttpException: "No route found for "GET /user"" at /home/rohit/Projects/user-management/vendor/symfony/symfony/src/Symfony/Component/HttpKernel/EventListener/RouterListener.php line 174 {"exception":"[object] (Symfony\\Component\\HttpKernel\\Exception\\NotFoundHttpException(code: 0): No route found for \"GET /user\" at /home/rohit/Projects/user-management/vendor/symfony/symfony/src/Symfony/Component/HttpKernel/EventListener/RouterListener.php:174, Symfony\\Component\\Routing\\Exception\\ResourceNotFoundException(code: 0):  at /home/rohit/Projects/user-management/app/cache/dev/appDevDebugProjectContainerUrlMatcher.php:265)"} []
[2019-03-30 23:07:02] request.ERROR: Uncaught PHP Exception Symfony\Component\HttpKernel\Exception\NotFoundHttpException: "No route found for "GET /admin"" at /home/rohit/Projects/user-management/app/cache/dev/classes.php line 2511 {"exception":"[object] (Symfony\\Component\\HttpKernel\\Exception\\NotFoundHttpException(code: 0): No route found for \"GET /admin\" at /home/rohit/Projects/user-management/app/cache/dev/classes.php:2511, Symfony\\Component\\Routing\\Exception\\ResourceNotFoundException(code: 0):  at /home/rohit/Projects/user-management/app/cache/dev/appDevDebugProjectContainerUrlMatcher.php:265)"} []
[2019-03-30 23:07:04] request.CRITICAL: Uncaught PHP Exception InvalidArgumentException: "Controller "Naukri\JobPostingGatewayBundle\Controller\AdminController::loadAdminModule" for URI "/admin/manage" is not callable." at /home/rohit/Projects/user-management/app/cache/dev/classes.php line 2576 {"exception":"[object] (InvalidArgumentException(code: 0): Controller \"Naukri\\JobPostingGatewayBundle\\Controller\\AdminController::loadAdminModule\" for URI \"/admin/manage\" is not callable. at /home/rohit/Projects/user-management/app/cache/dev/classes.php:2576)"} []
[2019-03-30 23:07:29] request.CRITICAL: Uncaught PHP Exception InvalidArgumentException: "Controller "Naukri\JobPostingGatewayBundle\Controller\AdminController::loadAdminModule" for URI "/admin/manage" is not callable." at /home/rohit/Projects/user-management/vendor/symfony/symfony/src/Symfony/Component/HttpKernel/Controller/ControllerResolver.php line 91 {"exception":"[object] (InvalidArgumentException(code: 0): Controller \"Naukri\\JobPostingGatewayBundle\\Controller\\AdminController::loadAdminModule\" for URI \"/admin/manage\" is not callable. at /home/rohit/Projects/user-management/vendor/symfony/symfony/src/Symfony/Component/HttpKernel/Controller/ControllerResolver.php:91)"} []
[2019-03-30 23:08:32] request.CRITICAL: Uncaught PHP Exception InvalidArgumentException: "Controller "Naukri\JobPostingGatewayBundle\Controller\AdminController::loadAdminModule" for URI "/admin/manage" is not callable." at /home/rohit/Projects/user-management/vendor/symfony/symfony/src/Symfony/Component/HttpKernel/Controller/ControllerResolver.php line 91 {"exception":"[object] (InvalidArgumentException(code: 0): Controller \"Naukri\\JobPostingGatewayBundle\\Controller\\AdminController::loadAdminModule\" for URI \"/admin/manage\" is not callable. at /home/rohit/Projects/user-management/vendor/symfony/symfony/src/Symfony/Component/HttpKernel/Controller/ControllerResolver.php:91)"} []
[2019-03-30 23:10:12] request.CRITICAL: Uncaught PHP Exception InvalidArgumentException: "Controller "Naukri\JobPostingGatewayBundle\Controller\AdminController::loadAdminModule" for URI "/admin/manage" is not callable." at /home/rohit/Projects/user-management/app/cache/dev/classes.php line 2576 {"exception":"[object] (InvalidArgumentException(code: 0): Controller \"Naukri\\JobPostingGatewayBundle\\Controller\\AdminController::loadAdminModule\" for URI \"/admin/manage\" is not callable. at /home/rohit/Projects/user-management/app/cache/dev/classes.php:2576)"} []
[2019-03-30 23:12:35] request.CRITICAL: Uncaught PHP Exception InvalidArgumentException: "Controller "Naukri\JobPostingGatewayBundle\Controller\AdminController::loadAdminModule" for URI "/admin/manage" is not callable." at /home/rohit/Projects/user-management/vendor/symfony/symfony/src/Symfony/Component/HttpKernel/Controller/ControllerResolver.php line 91 {"exception":"[object] (InvalidArgumentException(code: 0): Controller \"Naukri\\JobPostingGatewayBundle\\Controller\\AdminController::loadAdminModule\" for URI \"/admin/manage\" is not callable. at /home/rohit/Projects/user-management/vendor/symfony/symfony/src/Symfony/Component/HttpKernel/Controller/ControllerResolver.php:91)"} []
[2019-03-30 23:14:04] request.CRITICAL: Uncaught PHP Exception InvalidArgumentException: "Controller "Naukri\JobPostingGatewayBundle\Controller\AdminController::loadAdminModule" for URI "/admin/manage" is not callable." at /home/rohit/Projects/user-management/vendor/symfony/symfony/src/Symfony/Component/HttpKernel/Controller/ControllerResolver.php line 91 {"exception":"[object] (InvalidArgumentException(code: 0): Controller \"Naukri\\JobPostingGatewayBundle\\Controller\\AdminController::loadAdminModule\" for URI \"/admin/manage\" is not callable. at /home/rohit/Projects/user-management/vendor/symfony/symfony/src/Symfony/Component/HttpKernel/Controller/ControllerResolver.php:91)"} []
[2019-03-30 23:15:46] request.CRITICAL: Uncaught PHP Exception InvalidArgumentException: "Controller "Naukri\JobPostingGatewayBundle\Controller\AdminController::loadAdminModule" for URI "/admin/manage" is not callable." at /home/rohit/Projects/user-management/vendor/symfony/symfony/src/Symfony/Component/HttpKernel/Controller/ControllerResolver.php line 91 {"exception":"[object] (InvalidArgumentException(code: 0): Controller \"Naukri\\JobPostingGatewayBundle\\Controller\\AdminController::loadAdminModule\" for URI \"/admin/manage\" is not callable. at /home/rohit/Projects/user-management/vendor/symfony/symfony/src/Symfony/Component/HttpKernel/Controller/ControllerResolver.php:91)"} []
[2019-03-30 23:16:04] request.CRITICAL: Uncaught PHP Exception Exception: "Name should not be null" at /home/rohit/Projects/user-management/src/Naukri/JobPostingGatewayBundle/Controller/AccountsController.php line 32 {"exception":"[object] (Exception(code: 400): Name should not be null at /home/rohit/Projects/user-management/src/Naukri/JobPostingGatewayBundle/Controller/AccountsController.php:32)"} []
[2019-03-30 23:16:51] request.CRITICAL: Uncaught PHP Exception Symfony\Component\DependencyInjection\Exception\RuntimeException: "The parent definition "_jms_di_extra.unnamed.service_0" defined for definition "controller" does not exist." at /home/rohit/Projects/user-management/vendor/symfony/symfony/src/Symfony/Component/DependencyInjection/Compiler/ResolveDefinitionTemplatesPass.php line 98 {"exception":"[object] (Symfony\\Component\\DependencyInjection\\Exception\\RuntimeException(code: 0): The parent definition \"_jms_di_extra.unnamed.service_0\" defined for definition \"controller\" does not exist. at /home/rohit/Projects/user-management/vendor/symfony/symfony/src/Symfony/Component/DependencyInjection/Compiler/ResolveDefinitionTemplatesPass.php:98)"} []
[2019-03-30 23:16:59] request.CRITICAL: Uncaught PHP Exception InvalidArgumentException: "Controller "Naukri\JobPostingGatewayBundle\Controller\AdminController::loadAdminModule" for URI "/admin/manage" is not callable." at /home/rohit/Projects/user-management/vendor/symfony/symfony/src/Symfony/Component/HttpKernel/Controller/ControllerResolver.php line 91 {"exception":"[object] (InvalidArgumentException(code: 0): Controller \"Naukri\\JobPostingGatewayBundle\\Controller\\AdminController::loadAdminModule\" for URI \"/admin/manage\" is not callable. at /home/rohit/Projects/user-management/vendor/symfony/symfony/src/Symfony/Component/HttpKernel/Controller/ControllerResolver.php:91)"} []
[2019-03-30 23:17:04] request.CRITICAL: Uncaught PHP Exception Exception: "Name should not be null" at /home/rohit/Projects/user-management/src/Naukri/JobPostingGatewayBundle/Controller/AccountsController.php line 32 {"exception":"[object] (Exception(code: 0): Name should not be null at /home/rohit/Projects/user-management/src/Naukri/JobPostingGatewayBundle/Controller/AccountsController.php:32)"} []
[2019-03-30 23:17:28] request.CRITICAL: Uncaught PHP Exception Symfony\Component\DependencyInjection\Exception\RuntimeException: "The parent definition "_jms_di_extra.unnamed.service_0" defined for definition "controller" does not exist." at /home/rohit/Projects/user-management/vendor/symfony/symfony/src/Symfony/Component/DependencyInjection/Compiler/ResolveDefinitionTemplatesPass.php line 98 {"exception":"[object] (Symfony\\Component\\DependencyInjection\\Exception\\RuntimeException(code: 0): The parent definition \"_jms_di_extra.unnamed.service_0\" defined for definition \"controller\" does not exist. at /home/rohit/Projects/user-management/vendor/symfony/symfony/src/Symfony/Component/DependencyInjection/Compiler/ResolveDefinitionTemplatesPass.php:98)"} []
[2019-03-30 23:17:33] request.CRITICAL: Uncaught PHP Exception Symfony\Component\Debug\Exception\FatalThrowableError: "Cannot throw objects that do not implement Throwable" at /home/rohit/Projects/user-management/src/Naukri/JobPostingGatewayBundle/Controller/AccountsController.php line 32 {"exception":"[object] (Symfony\\Component\\Debug\\Exception\\FatalThrowableError(code: 0): Cannot throw objects that do not implement Throwable at /home/rohit/Projects/user-management/src/Naukri/JobPostingGatewayBundle/Controller/AccountsController.php:32)"} []
[2019-03-30 23:26:48] request.CRITICAL: Uncaught PHP Exception InvalidArgumentException: "The HTTP status code "0" is not valid." at /home/rohit/Projects/user-management/vendor/symfony/symfony/src/Symfony/Component/HttpFoundation/Response.php line 461 {"exception":"[object] (InvalidArgumentException(code: 0): The HTTP status code \"0\" is not valid. at /home/rohit/Projects/user-management/vendor/symfony/symfony/src/Symfony/Component/HttpFoundation/Response.php:461)"} []
[2019-03-30 23:27:11] request.CRITICAL: Uncaught PHP Exception InvalidArgumentException: "The HTTP status code "0" is not valid." at /home/rohit/Projects/user-management/vendor/symfony/symfony/src/Symfony/Component/HttpFoundation/Response.php line 461 {"exception":"[object] (InvalidArgumentException(code: 0): The HTTP status code \"0\" is not valid. at /home/rohit/Projects/user-management/vendor/symfony/symfony/src/Symfony/Component/HttpFoundation/Response.php:461)"} []
[2019-03-30 23:27:55] request.CRITICAL: Uncaught PHP Exception InvalidArgumentException: "The HTTP status code "0" is not valid." at /home/rohit/Projects/user-management/vendor/symfony/symfony/src/Symfony/Component/HttpFoundation/Response.php line 461 {"exception":"[object] (InvalidArgumentException(code: 0): The HTTP status code \"0\" is not valid. at /home/rohit/Projects/user-management/vendor/symfony/symfony/src/Symfony/Component/HttpFoundation/Response.php:461)"} []
[2019-03-30 23:28:00] request.CRITICAL: Uncaught PHP Exception InvalidArgumentException: "The HTTP status code "0" is not valid." at /home/rohit/Projects/user-management/vendor/symfony/symfony/src/Symfony/Component/HttpFoundation/Response.php line 461 {"exception":"[object] (InvalidArgumentException(code: 0): The HTTP status code \"0\" is not valid. at /home/rohit/Projects/user-management/vendor/symfony/symfony/src/Symfony/Component/HttpFoundation/Response.php:461)"} []
[2019-03-30 23:28:39] request.CRITICAL: Uncaught PHP Exception InvalidArgumentException: "The HTTP status code "0" is not valid." at /home/rohit/Projects/user-management/vendor/symfony/symfony/src/Symfony/Component/HttpFoundation/Response.php line 461 {"exception":"[object] (InvalidArgumentException(code: 0): The HTTP status code \"0\" is not valid. at /home/rohit/Projects/user-management/vendor/symfony/symfony/src/Symfony/Component/HttpFoundation/Response.php:461)"} []
[2019-03-30 23:29:03] request.CRITICAL: Uncaught PHP Exception InvalidArgumentException: "The HTTP status code "0" is not valid." at /home/rohit/Projects/user-management/vendor/symfony/symfony/src/Symfony/Component/HttpFoundation/Response.php line 461 {"exception":"[object] (InvalidArgumentException(code: 0): The HTTP status code \"0\" is not valid. at /home/rohit/Projects/user-management/vendor/symfony/symfony/src/Symfony/Component/HttpFoundation/Response.php:461)"} []
[2019-03-30 23:29:17] request.CRITICAL: Uncaught PHP Exception Symfony\Component\DependencyInjection\Exception\RuntimeException: "The parent definition "_jms_di_extra.unnamed.service_0" defined for definition "controller" does not exist." at /home/rohit/Projects/user-management/vendor/symfony/symfony/src/Symfony/Component/DependencyInjection/Compiler/ResolveDefinitionTemplatesPass.php line 98 {"exception":"[object] (Symfony\\Component\\DependencyInjection\\Exception\\RuntimeException(code: 0): The parent definition \"_jms_di_extra.unnamed.service_0\" defined for definition \"controller\" does not exist. at /home/rohit/Projects/user-management/vendor/symfony/symfony/src/Symfony/Component/DependencyInjection/Compiler/ResolveDefinitionTemplatesPass.php:98)"} []
[2019-03-30 23:29:19] request.CRITICAL: Uncaught PHP Exception Symfony\Component\DependencyInjection\Exception\RuntimeException: "The parent definition "_jms_di_extra.unnamed.service_0" defined for definition "controller" does not exist." at /home/rohit/Projects/user-management/vendor/symfony/symfony/src/Symfony/Component/DependencyInjection/Compiler/ResolveDefinitionTemplatesPass.php line 98 {"exception":"[object] (Symfony\\Component\\DependencyInjection\\Exception\\RuntimeException(code: 0): The parent definition \"_jms_di_extra.unnamed.service_0\" defined for definition \"controller\" does not exist. at /home/rohit/Projects/user-management/vendor/symfony/symfony/src/Symfony/Component/DependencyInjection/Compiler/ResolveDefinitionTemplatesPass.php:98)"} []
[2019-03-30 23:29:26] request.CRITICAL: Uncaught PHP Exception InvalidArgumentException: "The HTTP status code "0" is not valid." at /home/rohit/Projects/user-management/vendor/symfony/symfony/src/Symfony/Component/HttpFoundation/Response.php line 461 {"exception":"[object] (InvalidArgumentException(code: 0): The HTTP status code \"0\" is not valid. at /home/rohit/Projects/user-management/vendor/symfony/symfony/src/Symfony/Component/HttpFoundation/Response.php:461)"} []
[2019-03-30 23:30:00] request.CRITICAL: Uncaught PHP Exception Symfony\Component\Debug\Exception\UndefinedMethodException: "Attempted to call an undefined method named "assignGroupToUser" of class "Naukri\JobPostingGatewayBundle\Service\AccountService"." at /home/rohit/Projects/user-management/src/Naukri/JobPostingGatewayBundle/Controller/AccountsController.php line 96 {"exception":"[object] (Symfony\\Component\\Debug\\Exception\\UndefinedMethodException(code: 0): Attempted to call an undefined method named \"assignGroupToUser\" of class \"Naukri\\JobPostingGatewayBundle\\Service\\AccountService\". at /home/rohit/Projects/user-management/src/Naukri/JobPostingGatewayBundle/Controller/AccountsController.php:96)"} []
[2019-03-30 23:31:33] request.CRITICAL: Uncaught PHP Exception InvalidArgumentException: "The HTTP status code "0" is not valid." at /home/rohit/Projects/user-management/vendor/symfony/symfony/src/Symfony/Component/HttpFoundation/Response.php line 461 {"exception":"[object] (InvalidArgumentException(code: 0): The HTTP status code \"0\" is not valid. at /home/rohit/Projects/user-management/vendor/symfony/symfony/src/Symfony/Component/HttpFoundation/Response.php:461)"} []
[2019-03-30 23:34:50] request.CRITICAL: Uncaught PHP Exception InvalidArgumentException: "The HTTP status code "42" is not valid." at /home/rohit/Projects/user-management/vendor/symfony/symfony/src/Symfony/Component/HttpFoundation/Response.php line 461 {"exception":"[object] (InvalidArgumentException(code: 0): The HTTP status code \"42\" is not valid. at /home/rohit/Projects/user-management/vendor/symfony/symfony/src/Symfony/Component/HttpFoundation/Response.php:461)"} []
[2019-03-30 23:36:27] request.CRITICAL: Uncaught PHP Exception InvalidArgumentException: "Controller "Naukri\JobPostingGatewayBundle\Controller\AdminController::loadAdminModule" for URI "/admin/manage" is not callable." at /home/rohit/Projects/user-management/app/cache/dev/classes.php line 2576 {"exception":"[object] (InvalidArgumentException(code: 0): Controller \"Naukri\\JobPostingGatewayBundle\\Controller\\AdminController::loadAdminModule\" for URI \"/admin/manage\" is not callable. at /home/rohit/Projects/user-management/app/cache/dev/classes.php:2576)"} []
[2019-03-30 23:43:09] request.CRITICAL: Uncaught PHP Exception InvalidArgumentException: "The HTTP status code "0" is not valid." at /home/rohit/Projects/user-management/vendor/symfony/symfony/src/Symfony/Component/HttpFoundation/Response.php line 461 {"exception":"[object] (InvalidArgumentException(code: 0): The HTTP status code \"0\" is not valid. at /home/rohit/Projects/user-management/vendor/symfony/symfony/src/Symfony/Component/HttpFoundation/Response.php:461)"} []
[2019-03-30 23:50:03] request.CRITICAL: Uncaught PHP Exception InvalidArgumentException: "The HTTP status code "0" is not valid." at /home/rohit/Projects/user-management/vendor/symfony/symfony/src/Symfony/Component/HttpFoundation/Response.php line 461 {"exception":"[object] (InvalidArgumentException(code: 0): The HTTP status code \"0\" is not valid. at /home/rohit/Projects/user-management/vendor/symfony/symfony/src/Symfony/Component/HttpFoundation/Response.php:461)"} []
[2019-03-31 15:39:00] request.CRITICAL: Uncaught PHP Exception InvalidArgumentException: "Controller "Naukri\JobPostingGatewayBundle\Controller\AdminController::loadAdminModule" for URI "/admin/manage" is not callable." at /home/rohit/Projects/user-management/vendor/symfony/symfony/src/Symfony/Component/HttpKernel/Controller/ControllerResolver.php line 91 {"exception":"[object] (InvalidArgumentException(code: 0): Controller \"Naukri\\JobPostingGatewayBundle\\Controller\\AdminController::loadAdminModule\" for URI \"/admin/manage\" is not callable. at /home/rohit/Projects/user-management/vendor/symfony/symfony/src/Symfony/Component/HttpKernel/Controller/ControllerResolver.php:91)"} []
[2019-03-31 15:43:57] request.CRITICAL: Uncaught PHP Exception InvalidArgumentException: "Controller "Naukri\JobPostingGatewayBundle\Controller\AdminController::loadAdminModule" for URI "/admin/manage" is not callable." at /home/rohit/Projects/user-management/vendor/symfony/symfony/src/Symfony/Component/HttpKernel/Controller/ControllerResolver.php line 91 {"exception":"[object] (InvalidArgumentException(code: 0): Controller \"Naukri\\JobPostingGatewayBundle\\Controller\\AdminController::loadAdminModule\" for URI \"/admin/manage\" is not callable. at /home/rohit/Projects/user-management/vendor/symfony/symfony/src/Symfony/Component/HttpKernel/Controller/ControllerResolver.php:91)"} []
[2019-03-31 15:56:36] request.CRITICAL: Uncaught PHP Exception InvalidArgumentException: "Controller "Naukri\JobPostingGatewayBundle\Controller\AdminController::loadAdminModule" for URI "/admin/manage" is not callable." at /home/rohit/Projects/user-management/vendor/symfony/symfony/src/Symfony/Component/HttpKernel/Controller/ControllerResolver.php line 90 {"exception":"[object] (InvalidArgumentException(code: 0): Controller \"Naukri\\JobPostingGatewayBundle\\Controller\\AdminController::loadAdminModule\" for URI \"/admin/manage\" is not callable. at /home/rohit/Projects/user-management/vendor/symfony/symfony/src/Symfony/Component/HttpKernel/Controller/ControllerResolver.php:90)"} []
[2019-03-31 15:56:36] request.CRITICAL: Uncaught PHP Exception InvalidArgumentException: "Controller "Naukri\JobPostingGatewayBundle\Controller\AdminController::loadAdminModule" for URI "/admin/manage" is not callable." at /home/rohit/Projects/user-management/app/cache/dev/classes.php line 134 {"exception":"[object] (InvalidArgumentException(code: 0): Controller \"Naukri\\JobPostingGatewayBundle\\Controller\\AdminController::loadAdminModule\" for URI \"/admin/manage\" is not callable. at /home/rohit/Projects/user-management/app/cache/dev/classes.php:134)"} []
[2019-03-31 15:56:36] request.CRITICAL: Uncaught PHP Exception InvalidArgumentException: "Controller "Naukri\JobPostingGatewayBundle\Controller\AdminController::loadAdminModule" for URI "/admin/manage" is not callable." at /home/rohit/Projects/user-management/app/cache/dev/classes.php line 134 {"exception":"[object] (InvalidArgumentException(code: 0): Controller \"Naukri\\JobPostingGatewayBundle\\Controller\\AdminController::loadAdminModule\" for URI \"/admin/manage\" is not callable. at /home/rohit/Projects/user-management/app/cache/dev/classes.php:134)"} []
[2019-03-31 15:56:36] request.CRITICAL: Uncaught PHP Exception InvalidArgumentException: "Controller "Naukri\JobPostingGatewayBundle\Controller\AdminController::loadAdminModule" for URI "/admin/manage" is not callable." at /home/rohit/Projects/user-management/app/cache/dev/classes.php line 134 {"exception":"[object] (InvalidArgumentException(code: 0): Controller \"Naukri\\JobPostingGatewayBundle\\Controller\\AdminController::loadAdminModule\" for URI \"/admin/manage\" is not callable. at /home/rohit/Projects/user-management/app/cache/dev/classes.php:134)"} []
[2019-03-31 15:59:33] request.CRITICAL: Uncaught PHP Exception Symfony\Component\DependencyInjection\Exception\ServiceNotFoundException: "You have requested a non-existent service "jd.service"." at /home/rohit/Projects/user-management/vendor/symfony/symfony/src/Symfony/Component/DependencyInjection/Container.php line 288 {"exception":"[object] (Symfony\\Component\\DependencyInjection\\Exception\\ServiceNotFoundException(code: 0): You have requested a non-existent service \"jd.service\". at /home/rohit/Projects/user-management/vendor/symfony/symfony/src/Symfony/Component/DependencyInjection/Container.php:288)"} []
[2019-03-31 16:00:21] request.CRITICAL: Uncaught PHP Exception Symfony\Component\DependencyInjection\Exception\ServiceNotFoundException: "You have requested a non-existent service "jd.service"." at /home/rohit/Projects/user-management/vendor/symfony/symfony/src/Symfony/Component/DependencyInjection/Container.php line 288 {"exception":"[object] (Symfony\\Component\\DependencyInjection\\Exception\\ServiceNotFoundException(code: 0): You have requested a non-existent service \"jd.service\". at /home/rohit/Projects/user-management/vendor/symfony/symfony/src/Symfony/Component/DependencyInjection/Container.php:288)"} []
[2019-03-31 16:00:25] request.CRITICAL: Uncaught PHP Exception Symfony\Component\Debug\Exception\ContextErrorException: "Notice: Undefined variable: payload" at /home/rohit/Projects/user-management/src/Naukri/JobPostingGatewayBundle/Controller/AdminController.php line 29 {"exception":"[object] (Symfony\\Component\\Debug\\Exception\\ContextErrorException(code: 0): Notice: Undefined variable: payload at /home/rohit/Projects/user-management/src/Naukri/JobPostingGatewayBundle/Controller/AdminController.php:29)"} []
[2019-03-31 16:00:50] request.CRITICAL: Uncaught PHP Exception nLoggerException: "Unable to load configuration for environment: prod" at /home/rohit/Projects/user-management/src/ThirdParty/newmonkclient/nLoggerFactory.php line 43 {"exception":"[object] (nLoggerException(code: 0): Unable to load configuration for environment: prod at /home/rohit/Projects/user-management/src/ThirdParty/newmonkclient/nLoggerFactory.php:43)"} []
[2019-03-31 16:01:54] request.CRITICAL: Uncaught PHP Exception Symfony\Component\Debug\Exception\UndefinedMethodException: "Attempted to call an undefined method named "getNloggerCode" of class "Naukri\JobPostingGatewayBundle\Util\Common\CommonUtil"." at /home/rohit/Projects/user-management/src/Naukri/JobPostingGatewayBundle/Controller/BaseController.php line 81 {"exception":"[object] (Symfony\\Component\\Debug\\Exception\\UndefinedMethodException(code: 0): Attempted to call an undefined method named \"getNloggerCode\" of class \"Naukri\\JobPostingGatewayBundle\\Util\\Common\\CommonUtil\". at /home/rohit/Projects/user-management/src/Naukri/JobPostingGatewayBundle/Controller/BaseController.php:81)"} []
[2019-03-31 16:18:08] request.CRITICAL: Uncaught PHP Exception NoiseLabs\Bundle\SmartyBundle\Exception\RuntimeException: ""Syntax error in template "file:/home/rohit/Projects/user-management/src/Naukri/JobPostingGatewayBundle/Resources/views/Default/index.html.tpl"  on line 1 "~extends 'file:NaukriJobPostingGatewayBundle::layout.html.tpl'` ~block name=title` Manage your users ~/block` ~block name=headlinks` ~/block` ~block name=css_init_module` ~/block` ~block name=body` <div id="root" class="container-fluid"> <h1>Groups</h1> <ul> ~foreach from=$groups key=id item=group <li>~group.name`</li> ~/foreach` </ul> <hr/> <h1>Users</h1> ~foreach from=$users key=id item=user <li>~user.name`</li> ~/foreach` </div> ~/block` ~block name=js_init_modile` ~/block` <script>"  - Unexpected ".", expected one of: "`"" in "/home/rohit/Projects/user-management/src/Naukri/JobPostingGatewayBundle/Resources/views/Default/index.html.tpl"" at /home/rohit/Projects/user-management/vendor/noiselabs/smarty-bundle/NoiseLabs/Bundle/SmartyBundle/Exception/AbstractException.php line 89 {"exception":"[object] (NoiseLabs\\Bundle\\SmartyBundle\\Exception\\RuntimeException(code: 0): \"Syntax error in template \"file:/home/rohit/Projects/user-management/src/Naukri/JobPostingGatewayBundle/Resources/views/Default/index.html.tpl\"  on line 1 \"~extends 'file:NaukriJobPostingGatewayBundle::layout.html.tpl'` ~block name=title` Manage your users ~/block` ~block name=headlinks` ~/block` ~block name=css_init_module` ~/block` ~block name=body` <div id=\"root\" class=\"container-fluid\"> <h1>Groups</h1> <ul> ~foreach from=$groups key=id item=group <li>~group.name`</li> ~/foreach` </ul> <hr/> <h1>Users</h1> ~foreach from=$users key=id item=user <li>~user.name`</li> ~/foreach` </div> ~/block` ~block name=js_init_modile` ~/block` <script>\"  - Unexpected \".\", expected one of: \"`\"\" in \"/home/rohit/Projects/user-management/src/Naukri/JobPostingGatewayBundle/Resources/views/Default/index.html.tpl\" at /home/rohit/Projects/user-management/vendor/noiselabs/smarty-bundle/NoiseLabs/Bundle/SmartyBundle/Exception/AbstractException.php:89, SmartyCompilerException(code: 0): Syntax error in template \"file:/home/rohit/Projects/user-management/src/Naukri/JobPostingGatewayBundle/Resources/views/Default/index.html.tpl\"  on line 1 \"~extends 'file:NaukriJobPostingGatewayBundle::layout.html.tpl'` ~block name=title` Manage your users ~/block` ~block name=headlinks` ~/block` ~block name=css_init_module` ~/block` ~block name=body` <div id=\"root\" class=\"container-fluid\"> <h1>Groups</h1> <ul> ~foreach from=$groups key=id item=group <li>~group.name`</li> ~/foreach` </ul> <hr/> <h1>Users</h1> ~foreach from=$users key=id item=user <li>~user.name`</li> ~/foreach` </div> ~/block` ~block name=js_init_modile` ~/block` <script>\"  - Unexpected \".\", expected one of: \"`\" at /home/rohit/Projects/user-management/vendor/smarty/smarty/libs/sysplugins/smarty_internal_templatecompilerbase.php:1)"} []
[2019-03-31 16:18:55] request.CRITICAL: Uncaught PHP Exception NoiseLabs\Bundle\SmartyBundle\Exception\RuntimeException: ""Syntax error in template "file:/home/rohit/Projects/user-management/src/Naukri/JobPostingGatewayBundle/Resources/views/Default/index.html.tpl"  on line 1 "~extends 'file:NaukriJobPostingGatewayBundle::layout.html.tpl'` ~block name=title` Manage your users ~/block` ~block name=headlinks` ~/block` ~block name=css_init_module` ~/block` ~block name=body` <div id="root" class="container-fluid"> <h1>Groups</h1> <ul> ~foreach from=$groups key=id item=group <li>~group.name`</li> ~/foreach` </ul> <hr/> <h1>Users</h1> ~foreach from=$users key=id item=user <li>~user.name`</li> ~/foreach` </div> ~/block` ~block name=js_init_modile` ~/block` <script>"  - Unexpected ".", expected one of: "`"" in "/home/rohit/Projects/user-management/src/Naukri/JobPostingGatewayBundle/Resources/views/Default/index.html.tpl"" at /home/rohit/Projects/user-management/vendor/noiselabs/smarty-bundle/NoiseLabs/Bundle/SmartyBundle/Exception/AbstractException.php line 89 {"exception":"[object] (NoiseLabs\\Bundle\\SmartyBundle\\Exception\\RuntimeException(code: 0): \"Syntax error in template \"file:/home/rohit/Projects/user-management/src/Naukri/JobPostingGatewayBundle/Resources/views/Default/index.html.tpl\"  on line 1 \"~extends 'file:NaukriJobPostingGatewayBundle::layout.html.tpl'` ~block name=title` Manage your users ~/block` ~block name=headlinks` ~/block` ~block name=css_init_module` ~/block` ~block name=body` <div id=\"root\" class=\"container-fluid\"> <h1>Groups</h1> <ul> ~foreach from=$groups key=id item=group <li>~group.name`</li> ~/foreach` </ul> <hr/> <h1>Users</h1> ~foreach from=$users key=id item=user <li>~user.name`</li> ~/foreach` </div> ~/block` ~block name=js_init_modile` ~/block` <script>\"  - Unexpected \".\", expected one of: \"`\"\" in \"/home/rohit/Projects/user-management/src/Naukri/JobPostingGatewayBundle/Resources/views/Default/index.html.tpl\" at /home/rohit/Projects/user-management/vendor/noiselabs/smarty-bundle/NoiseLabs/Bundle/SmartyBundle/Exception/AbstractException.php:89, SmartyCompilerException(code: 0): Syntax error in template \"file:/home/rohit/Projects/user-management/src/Naukri/JobPostingGatewayBundle/Resources/views/Default/index.html.tpl\"  on line 1 \"~extends 'file:NaukriJobPostingGatewayBundle::layout.html.tpl'` ~block name=title` Manage your users ~/block` ~block name=headlinks` ~/block` ~block name=css_init_module` ~/block` ~block name=body` <div id=\"root\" class=\"container-fluid\"> <h1>Groups</h1> <ul> ~foreach from=$groups key=id item=group <li>~group.name`</li> ~/foreach` </ul> <hr/> <h1>Users</h1> ~foreach from=$users key=id item=user <li>~user.name`</li> ~/foreach` </div> ~/block` ~block name=js_init_modile` ~/block` <script>\"  - Unexpected \".\", expected one of: \"`\" at /home/rohit/Projects/user-management/vendor/smarty/smarty/libs/sysplugins/smarty_internal_templatecompilerbase.php:1)"} []
[2019-03-31 16:19:26] request.CRITICAL: Uncaught PHP Exception NoiseLabs\Bundle\SmartyBundle\Exception\RuntimeException: ""Syntax error in template "file:/home/rohit/Projects/user-management/src/Naukri/JobPostingGatewayBundle/Resources/views/Default/index.html.tpl"  on line 1 "~extends 'file:NaukriJobPostingGatewayBundle::layout.html.tpl'` ~block name=title` Manage your users ~/block` ~block name=headlinks` ~/block` ~block name=css_init_module` ~/block` ~block name=body` <div id="root" class="container-fluid"> <h1>Groups</h1> <ul> ~foreach from=$groups key=id item=group <li>~group.name`</li> ~/foreach` </ul> <hr/> <h1>Users</h1> ~foreach from=$users key=id item=user <li>~user.name`</li> ~/foreach` </div> ~/block` ~block name=js_init_modile` ~/block` <script>"  - Unexpected ".", expected one of: "`"" in "/home/rohit/Projects/user-management/src/Naukri/JobPostingGatewayBundle/Resources/views/Default/index.html.tpl"" at /home/rohit/Projects/user-management/vendor/noiselabs/smarty-bundle/NoiseLabs/Bundle/SmartyBundle/Exception/AbstractException.php line 89 {"exception":"[object] (NoiseLabs\\Bundle\\SmartyBundle\\Exception\\RuntimeException(code: 0): \"Syntax error in template \"file:/home/rohit/Projects/user-management/src/Naukri/JobPostingGatewayBundle/Resources/views/Default/index.html.tpl\"  on line 1 \"~extends 'file:NaukriJobPostingGatewayBundle::layout.html.tpl'` ~block name=title` Manage your users ~/block` ~block name=headlinks` ~/block` ~block name=css_init_module` ~/block` ~block name=body` <div id=\"root\" class=\"container-fluid\"> <h1>Groups</h1> <ul> ~foreach from=$groups key=id item=group <li>~group.name`</li> ~/foreach` </ul> <hr/> <h1>Users</h1> ~foreach from=$users key=id item=user <li>~user.name`</li> ~/foreach` </div> ~/block` ~block name=js_init_modile` ~/block` <script>\"  - Unexpected \".\", expected one of: \"`\"\" in \"/home/rohit/Projects/user-management/src/Naukri/JobPostingGatewayBundle/Resources/views/Default/index.html.tpl\" at /home/rohit/Projects/user-management/vendor/noiselabs/smarty-bundle/NoiseLabs/Bundle/SmartyBundle/Exception/AbstractException.php:89, SmartyCompilerException(code: 0): Syntax error in template \"file:/home/rohit/Projects/user-management/src/Naukri/JobPostingGatewayBundle/Resources/views/Default/index.html.tpl\"  on line 1 \"~extends 'file:NaukriJobPostingGatewayBundle::layout.html.tpl'` ~block name=title` Manage your users ~/block` ~block name=headlinks` ~/block` ~block name=css_init_module` ~/block` ~block name=body` <div id=\"root\" class=\"container-fluid\"> <h1>Groups</h1> <ul> ~foreach from=$groups key=id item=group <li>~group.name`</li> ~/foreach` </ul> <hr/> <h1>Users</h1> ~foreach from=$users key=id item=user <li>~user.name`</li> ~/foreach` </div> ~/block` ~block name=js_init_modile` ~/block` <script>\"  - Unexpected \".\", expected one of: \"`\" at /home/rohit/Projects/user-management/vendor/smarty/smarty/libs/sysplugins/smarty_internal_templatecompilerbase.php:1)"} []
[2019-03-31 16:19:53] request.CRITICAL: Uncaught PHP Exception NoiseLabs\Bundle\SmartyBundle\Exception\RuntimeException: ""Syntax error in template "file:/home/rohit/Projects/user-management/src/Naukri/JobPostingGatewayBundle/Resources/views/Default/index.html.tpl"  on line 1 "~block name=title` Manage your users ~/block` ~block name=headlinks` ~/block` ~block name=css_init_module` ~/block` ~block name=body` <div id="root" class="container-fluid"> <h1>Groups</h1> <ul> ~foreach from=$groups key=id item=group <li>~group.name`</li> ~/foreach` </ul> <hr/> <h1>Users</h1> ~foreach from=$users key=id item=user <li>~user.name`</li> ~/foreach` </div> ~/block` ~block name=js_init_modile` ~/block` <script>"  - Unexpected ".", expected one of: "`"" in "/home/rohit/Projects/user-management/src/Naukri/JobPostingGatewayBundle/Resources/views/Default/index.html.tpl"" at /home/rohit/Projects/user-management/vendor/noiselabs/smarty-bundle/NoiseLabs/Bundle/SmartyBundle/Exception/AbstractException.php line 89 {"exception":"[object] (NoiseLabs\\Bundle\\SmartyBundle\\Exception\\RuntimeException(code: 0): \"Syntax error in template \"file:/home/rohit/Projects/user-management/src/Naukri/JobPostingGatewayBundle/Resources/views/Default/index.html.tpl\"  on line 1 \"~block name=title` Manage your users ~/block` ~block name=headlinks` ~/block` ~block name=css_init_module` ~/block` ~block name=body` <div id=\"root\" class=\"container-fluid\"> <h1>Groups</h1> <ul> ~foreach from=$groups key=id item=group <li>~group.name`</li> ~/foreach` </ul> <hr/> <h1>Users</h1> ~foreach from=$users key=id item=user <li>~user.name`</li> ~/foreach` </div> ~/block` ~block name=js_init_modile` ~/block` <script>\"  - Unexpected \".\", expected one of: \"`\"\" in \"/home/rohit/Projects/user-management/src/Naukri/JobPostingGatewayBundle/Resources/views/Default/index.html.tpl\" at /home/rohit/Projects/user-management/vendor/noiselabs/smarty-bundle/NoiseLabs/Bundle/SmartyBundle/Exception/AbstractException.php:89, SmartyCompilerException(code: 0): Syntax error in template \"file:/home/rohit/Projects/user-management/src/Naukri/JobPostingGatewayBundle/Resources/views/Default/index.html.tpl\"  on line 1 \"~block name=title` Manage your users ~/block` ~block name=headlinks` ~/block` ~block name=css_init_module` ~/block` ~block name=body` <div id=\"root\" class=\"container-fluid\"> <h1>Groups</h1> <ul> ~foreach from=$groups key=id item=group <li>~group.name`</li> ~/foreach` </ul> <hr/> <h1>Users</h1> ~foreach from=$users key=id item=user <li>~user.name`</li> ~/foreach` </div> ~/block` ~block name=js_init_modile` ~/block` <script>\"  - Unexpected \".\", expected one of: \"`\" at /home/rohit/Projects/user-management/vendor/smarty/smarty/libs/sysplugins/smarty_internal_templatecompilerbase.php:1)"} []
[2019-03-31 16:20:59] request.CRITICAL: Uncaught PHP Exception NoiseLabs\Bundle\SmartyBundle\Exception\RuntimeException: ""Syntax error in template "file:/home/rohit/Projects/user-management/src/Naukri/JobPostingGatewayBundle/Resources/views/Default/index.html.tpl"  on line 1 "~block name=title` Manage your users ~/block` ~block name=headlinks` ~/block` ~block name=css_init_module` ~/block` ~block name=body` <div id="root" class="container-fluid"> <h1>Groups</h1> <ul> ~foreach from=$groups key=id item=group` <li>~group.name`</li> ~/foreach` </ul> <hr/> <h1>Users</h1> ~foreach from=$users key=id item=user` <li>~user.name`</li> ~/foreach` </div> ~/block` ~block name=js_init_modile` ~/block` <script>"  - Unexpected ".", expected one of: "`"" in "/home/rohit/Projects/user-management/src/Naukri/JobPostingGatewayBundle/Resources/views/Default/index.html.tpl"" at /home/rohit/Projects/user-management/vendor/noiselabs/smarty-bundle/NoiseLabs/Bundle/SmartyBundle/Exception/AbstractException.php line 89 {"exception":"[object] (NoiseLabs\\Bundle\\SmartyBundle\\Exception\\RuntimeException(code: 0): \"Syntax error in template \"file:/home/rohit/Projects/user-management/src/Naukri/JobPostingGatewayBundle/Resources/views/Default/index.html.tpl\"  on line 1 \"~block name=title` Manage your users ~/block` ~block name=headlinks` ~/block` ~block name=css_init_module` ~/block` ~block name=body` <div id=\"root\" class=\"container-fluid\"> <h1>Groups</h1> <ul> ~foreach from=$groups key=id item=group` <li>~group.name`</li> ~/foreach` </ul> <hr/> <h1>Users</h1> ~foreach from=$users key=id item=user` <li>~user.name`</li> ~/foreach` </div> ~/block` ~block name=js_init_modile` ~/block` <script>\"  - Unexpected \".\", expected one of: \"`\"\" in \"/home/rohit/Projects/user-management/src/Naukri/JobPostingGatewayBundle/Resources/views/Default/index.html.tpl\" at /home/rohit/Projects/user-management/vendor/noiselabs/smarty-bundle/NoiseLabs/Bundle/SmartyBundle/Exception/AbstractException.php:89, SmartyCompilerException(code: 0): Syntax error in template \"file:/home/rohit/Projects/user-management/src/Naukri/JobPostingGatewayBundle/Resources/views/Default/index.html.tpl\"  on line 1 \"~block name=title` Manage your users ~/block` ~block name=headlinks` ~/block` ~block name=css_init_module` ~/block` ~block name=body` <div id=\"root\" class=\"container-fluid\"> <h1>Groups</h1> <ul> ~foreach from=$groups key=id item=group` <li>~group.name`</li> ~/foreach` </ul> <hr/> <h1>Users</h1> ~foreach from=$users key=id item=user` <li>~user.name`</li> ~/foreach` </div> ~/block` ~block name=js_init_modile` ~/block` <script>\"  - Unexpected \".\", expected one of: \"`\" at /home/rohit/Projects/user-management/vendor/smarty/smarty/libs/sysplugins/smarty_internal_templatecompilerbase.php:1)"} []
[2019-03-31 16:41:55] request.CRITICAL: Uncaught PHP Exception Symfony\Component\Debug\Exception\ContextErrorException: "Notice: Undefined variable: dbConn" at /home/rohit/Projects/user-management/src/Naukri/JobPostingGatewayBundle/Dao/ncPDO/AccountDao.php line 22 {"exception":"[object] (Symfony\\Component\\Debug\\Exception\\ContextErrorException(code: 0): Notice: Undefined variable: dbConn at /home/rohit/Projects/user-management/src/Naukri/JobPostingGatewayBundle/Dao/ncPDO/AccountDao.php:22)"} []
[2019-03-31 16:42:00] request.CRITICAL: Uncaught PHP Exception Symfony\Component\Debug\Exception\ContextErrorException: "Notice: Undefined variable: dbConn" at /home/rohit/Projects/user-management/src/Naukri/JobPostingGatewayBundle/Dao/ncPDO/AccountDao.php line 22 {"exception":"[object] (Symfony\\Component\\Debug\\Exception\\ContextErrorException(code: 0): Notice: Undefined variable: dbConn at /home/rohit/Projects/user-management/src/Naukri/JobPostingGatewayBundle/Dao/ncPDO/AccountDao.php:22)"} []
[2019-03-31 16:45:06] request.CRITICAL: Uncaught PHP Exception Symfony\Component\Debug\Exception\FatalThrowableError: "Undefined class constant 'FETCH_ALL'" at /home/rohit/Projects/user-management/src/Naukri/JobPostingGatewayBundle/Dao/ncPDO/AccountDao.php line 24 {"exception":"[object] (Symfony\\Component\\Debug\\Exception\\FatalThrowableError(code: 0): Undefined class constant 'FETCH_ALL' at /home/rohit/Projects/user-management/src/Naukri/JobPostingGatewayBundle/Dao/ncPDO/AccountDao.php:24)"} []
[2019-03-31 16:45:21] request.CRITICAL: Uncaught PHP Exception Symfony\Component\Debug\Exception\FatalThrowableError: "Undefined class constant 'FETCH_KEY_VALUE_PAIR'" at /home/rohit/Projects/user-management/src/Naukri/JobPostingGatewayBundle/Dao/ncPDO/AccountDao.php line 24 {"exception":"[object] (Symfony\\Component\\Debug\\Exception\\FatalThrowableError(code: 0): Undefined class constant 'FETCH_KEY_VALUE_PAIR' at /home/rohit/Projects/user-management/src/Naukri/JobPostingGatewayBundle/Dao/ncPDO/AccountDao.php:24)"} []
[2019-03-31 16:53:59] request.CRITICAL: Uncaught PHP Exception InvalidArgumentException: "The template "NaukriJobPostingGatewayBundle:Default:layout.html.tpl" does not exist." at /home/rohit/Projects/user-management/vendor/noiselabs/smarty-bundle/NoiseLabs/Bundle/SmartyBundle/SmartyEngine.php line 396 {"exception":"[object] (InvalidArgumentException(code: 0): The template \"NaukriJobPostingGatewayBundle:Default:layout.html.tpl\" does not exist. at /home/rohit/Projects/user-management/vendor/noiselabs/smarty-bundle/NoiseLabs/Bundle/SmartyBundle/SmartyEngine.php:396)"} []
[2019-03-31 16:56:16] request.ERROR: Uncaught PHP Exception Symfony\Component\HttpKernel\Exception\NotFoundHttpException: "No route found for "POST /groups" (from "http://127.0.0.1:8000/admin/manage")" at /home/rohit/Projects/user-management/app/cache/dev/classes.php line 2511 {"exception":"[object] (Symfony\\Component\\HttpKernel\\Exception\\NotFoundHttpException(code: 0): No route found for \"POST /groups\" (from \"http://127.0.0.1:8000/admin/manage\") at /home/rohit/Projects/user-management/app/cache/dev/classes.php:2511, Symfony\\Component\\Routing\\Exception\\ResourceNotFoundException(code: 0):  at /home/rohit/Projects/user-management/app/cache/dev/appDevDebugProjectContainerUrlMatcher.php:340)"} []
[2019-03-31 16:56:45] request.ERROR: Uncaught PHP Exception Symfony\Component\HttpKernel\Exception\NotFoundHttpException: "No route found for "POST /accounts/groups" (from "http://127.0.0.1:8000/admin/manage")" at /home/rohit/Projects/user-management/app/cache/dev/classes.php line 2511 {"exception":"[object] (Symfony\\Component\\HttpKernel\\Exception\\NotFoundHttpException(code: 0): No route found for \"POST /accounts/groups\" (from \"http://127.0.0.1:8000/admin/manage\") at /home/rohit/Projects/user-management/app/cache/dev/classes.php:2511, Symfony\\Component\\Routing\\Exception\\ResourceNotFoundException(code: 0):  at /home/rohit/Projects/user-management/app/cache/dev/appDevDebugProjectContainerUrlMatcher.php:340)"} []
[2019-03-31 16:56:59] request.ERROR: Uncaught PHP Exception Symfony\Component\HttpKernel\Exception\MethodNotAllowedHttpException: "No route found for "GET /accounts/group": Method Not Allowed (Allow: POST)" at /home/rohit/Projects/user-management/app/cache/dev/classes.php line 2514 {"exception":"[object] (Symfony\\Component\\HttpKernel\\Exception\\MethodNotAllowedHttpException(code: 0): No route found for \"GET /accounts/group\": Method Not Allowed (Allow: POST) at /home/rohit/Projects/user-management/app/cache/dev/classes.php:2514, Symfony\\Component\\Routing\\Exception\\MethodNotAllowedException(code: 0):  at /home/rohit/Projects/user-management/app/cache/dev/appDevDebugProjectContainerUrlMatcher.php:340)"} []
[2019-03-31 17:03:12] request.ERROR: Uncaught PHP Exception Symfony\Component\HttpKernel\Exception\NotFoundHttpException: "No route found for "POST /admin/user" (from "http://127.0.0.1:8000/admin/manage")" at /home/rohit/Projects/user-management/app/cache/dev/classes.php line 2511 {"exception":"[object] (Symfony\\Component\\HttpKernel\\Exception\\NotFoundHttpException(code: 0): No route found for \"POST /admin/user\" (from \"http://127.0.0.1:8000/admin/manage\") at /home/rohit/Projects/user-management/app/cache/dev/classes.php:2511, Symfony\\Component\\Routing\\Exception\\ResourceNotFoundException(code: 0):  at /home/rohit/Projects/user-management/app/cache/dev/appDevDebugProjectContainerUrlMatcher.php:340)"} []
[2019-03-31 17:08:59] request.ERROR: Uncaught PHP Exception Symfony\Component\HttpKernel\Exception\NotFoundHttpException: "No route found for "POST /admin/group" (from "http://127.0.0.1:8000/admin/manage")" at /home/rohit/Projects/user-management/app/cache/dev/classes.php line 2511 {"exception":"[object] (Symfony\\Component\\HttpKernel\\Exception\\NotFoundHttpException(code: 0): No route found for \"POST /admin/group\" (from \"http://127.0.0.1:8000/admin/manage\") at /home/rohit/Projects/user-management/app/cache/dev/classes.php:2511, Symfony\\Component\\Routing\\Exception\\ResourceNotFoundException(code: 0):  at /home/rohit/Projects/user-management/app/cache/dev/appDevDebugProjectContainerUrlMatcher.php:340)"} []
[2019-03-31 17:11:28] request.ERROR: Uncaught PHP Exception Symfony\Component\HttpKernel\Exception\NotFoundHttpException: "No route found for "POST /admin/group" (from "http://127.0.0.1:8000/admin/manage")" at /home/rohit/Projects/user-management/app/cache/dev/classes.php line 2511 {"exception":"[object] (Symfony\\Component\\HttpKernel\\Exception\\NotFoundHttpException(code: 0): No route found for \"POST /admin/group\" (from \"http://127.0.0.1:8000/admin/manage\") at /home/rohit/Projects/user-management/app/cache/dev/classes.php:2511, Symfony\\Component\\Routing\\Exception\\ResourceNotFoundException(code: 0):  at /home/rohit/Projects/user-management/app/cache/dev/appDevDebugProjectContainerUrlMatcher.php:340)"} []
[2019-03-31 17:25:43] request.ERROR: Uncaught PHP Exception Symfony\Component\HttpKernel\Exception\NotFoundHttpException: "No route found for "POST /account/user" (from "http://127.0.0.1:8000/admin/manage")" at /home/rohit/Projects/user-management/app/cache/dev/classes.php line 2511 {"exception":"[object] (Symfony\\Component\\HttpKernel\\Exception\\NotFoundHttpException(code: 0): No route found for \"POST /account/user\" (from \"http://127.0.0.1:8000/admin/manage\") at /home/rohit/Projects/user-management/app/cache/dev/classes.php:2511, Symfony\\Component\\Routing\\Exception\\ResourceNotFoundException(code: 0):  at /home/rohit/Projects/user-management/app/cache/dev/appDevDebugProjectContainerUrlMatcher.php:340)"} []
[2019-03-31 17:28:29] request.CRITICAL: Uncaught PHP Exception InvalidArgumentException: "The HTTP status code "23000" is not valid." at /home/rohit/Projects/user-management/vendor/symfony/symfony/src/Symfony/Component/HttpFoundation/Response.php line 461 {"exception":"[object] (InvalidArgumentException(code: 0): The HTTP status code \"23000\" is not valid. at /home/rohit/Projects/user-management/vendor/symfony/symfony/src/Symfony/Component/HttpFoundation/Response.php:461)"} []
[2019-03-31 20:57:28] request.CRITICAL: Uncaught PHP Exception NoiseLabs\Bundle\SmartyBundle\Exception\RuntimeException: ""Syntax error in template "file:/home/rohit/Projects/user-management/src/Naukri/JobPostingGatewayBundle/Resources/views/Default/index.html.tpl"  on line 29 "</script> <div id="root" class="container-fluid"> <h1>Manage your users</h1> <blockquote>Groups</blockquote> <div class="row"> <div class="col-md-6"> <h3>Create new group</h3> <form name="group" id="groupForm"> <input type="text" name="name" placeholder="Enter group name" required id="group"> <button class="btn btn-md btn-primary" id="createGroup" type="submit">Create</button> </form> </div> <div class="col-md-6"> <h3>Your groups</h3> ~foreach from=$groups key=id item=group` <li>~$group.name` ~if $group.active eq 'N'`(Inactive)~/if`<a href="javascript:void(0)" class="label label-sm label-danger" onclick="deleteGroup(~$group.id`)">Delete</a></li> ~/foreach` </div> </div> <br/><br/><br/><hr/><br/><br/> <blockquote>Users</blockquote> <div class="row"> <div class="col-md-6"> <h3>Create new user</h3> <form name="user" id="userForm"> <input type="text" name="name" placeholder="Enter user name" id="user" required> <button type="submit" class="btn btn-md btn-primary" id="createUser">Create</button> <form> </div> <div class="col-md-6"> <h3>Your users</h3> ~foreach from=$users key=id item=user` <li>~$user.name` ~if $user.active eq 'N'`(Inactive)~/if` <a href="javascript:void(0)" class="label label-sm label-danger" onclick="deleteUser(~$user.id`)">Delete</a> <a href="javascript:void(0)" class="label label-sm label-primary" data-toggle="modal" data-target="#assignGroupModal" onclick="assignGroup(~$user.id`)">Assign Group</a> </li> ~/foreach` </div> </div> <br/><br/><br/><hr/><br/><br/> <blockquote>Assign Group to Users</blockquote> <div id="assignGroupModal" class="modal fade" role="dialog"> <div class="modal-dialog"> <div class="modal-content"> <div class="modal-header"> <button type="button" class="close" data-dismiss="modal"></button> <h4 class="modal-title">Assign group</h4> </div> <div class="modal-body"> <form name="assignGroup" id="assignGroupForm"> <div class="form-group"> <label for="userItem">Select user:</label> <select class="form-control" id="userItem" name="user" required> ~foreach from=$users key=id item=user` <option name="user" value="~$user.id" ~if $user.active eq 'N'disabled~/if`>~$user.name`</option> ~/foreach` </select> </div> <div class="form-group"> <label for="groupItem">Select groups:</label> <select multiple class="form-control" id="groupItem" required name="groups"> ~foreach from=$groups key=id item=group` <option value="~$group.id" ~if $group.active eq 'N'disabled~/if`>~$group.name`</option> ~/foreach` </select> </div> <button type="submit" class="btn btn-md btn-primary" id="assignGroup">Assign</button> </form> </div> <div class="modal-footer"> <button type="button" class="btn btn-default" data-dismiss="modal">Close</button> </div> </div> </div> </div> </div> <script type="text/javascript">"  - Unexpected """, expected one of: "`"" in "/home/rohit/Projects/user-management/src/Naukri/JobPostingGatewayBundle/Resources/views/Default/index.html.tpl"" at /home/rohit/Projects/user-management/vendor/noiselabs/smarty-bundle/NoiseLabs/Bundle/SmartyBundle/Exception/AbstractException.php line 89 {"exception":"[object] (NoiseLabs\\Bundle\\SmartyBundle\\Exception\\RuntimeException(code: 0): \"Syntax error in template \"file:/home/rohit/Projects/user-management/src/Naukri/JobPostingGatewayBundle/Resources/views/Default/index.html.tpl\"  on line 29 \"</script> <div id=\"root\" class=\"container-fluid\"> <h1>Manage your users</h1> <blockquote>Groups</blockquote> <div class=\"row\"> <div class=\"col-md-6\"> <h3>Create new group</h3> <form name=\"group\" id=\"groupForm\"> <input type=\"text\" name=\"name\" placeholder=\"Enter group name\" required id=\"group\"> <button class=\"btn btn-md btn-primary\" id=\"createGroup\" type=\"submit\">Create</button> </form> </div> <div class=\"col-md-6\"> <h3>Your groups</h3> ~foreach from=$groups key=id item=group` <li>~$group.name` ~if $group.active eq 'N'`(Inactive)~/if`<a href=\"javascript:void(0)\" class=\"label label-sm label-danger\" onclick=\"deleteGroup(~$group.id`)\">Delete</a></li> ~/foreach` </div> </div> <br/><br/><br/><hr/><br/><br/> <blockquote>Users</blockquote> <div class=\"row\"> <div class=\"col-md-6\"> <h3>Create new user</h3> <form name=\"user\" id=\"userForm\"> <input type=\"text\" name=\"name\" placeholder=\"Enter user name\" id=\"user\" required> <button type=\"submit\" class=\"btn btn-md btn-primary\" id=\"createUser\">Create</button> <form> </div> <div class=\"col-md-6\"> <h3>Your users</h3> ~foreach from=$users key=id item=user` <li>~$user.name` ~if $user.active eq 'N'`(Inactive)~/if` <a href=\"javascript:void(0)\" class=\"label label-sm label-danger\" onclick=\"deleteUser(~$user.id`)\">Delete</a> <a href=\"javascript:void(0)\" class=\"label label-sm label-primary\" data-toggle=\"modal\" data-target=\"#assignGroupModal\" onclick=\"assignGroup(~$user.id`)\">Assign Group</a> </li> ~/foreach` </div> </div> <br/><br/><br/><hr/><br/><br/> <blockquote>Assign Group to Users</blockquote> <div id=\"assignGroupModal\" class=\"modal fade\" role=\"dialog\"> <div class=\"modal-dialog\"> <div class=\"modal-content\"> <div class=\"modal-header\"> <button type=\"button\" class=\"close\" data-dismiss=\"modal\"></button> <h4 class=\"modal-title\">Assign group</h4> </div> <div class=\"modal-body\"> <form name=\"assignGroup\" id=\"assignGroupForm\"> <div class=\"form-group\"> <label for=\"userItem\">Select user:</label> <select class=\"form-control\" id=\"userItem\" name=\"user\" required> ~foreach from=$users key=id item=user` <option name=\"user\" value=\"~$user.id\" ~if $user.active eq 'N'disabled~/if`>~$user.name`</option> ~/foreach` </select> </div> <div class=\"form-group\"> <label for=\"groupItem\">Select groups:</label> <select multiple class=\"form-control\" id=\"groupItem\" required name=\"groups\"> ~foreach from=$groups key=id item=group` <option value=\"~$group.id\" ~if $group.active eq 'N'disabled~/if`>~$group.name`</option> ~/foreach` </select> </div> <button type=\"submit\" class=\"btn btn-md btn-primary\" id=\"assignGroup\">Assign</button> </form> </div> <div class=\"modal-footer\"> <button type=\"button\" class=\"btn btn-default\" data-dismiss=\"modal\">Close</button> </div> </div> </div> </div> </div> <script type=\"text/javascript\">\"  - Unexpected \"\"\", expected one of: \"`\"\" in \"/home/rohit/Projects/user-management/src/Naukri/JobPostingGatewayBundle/Resources/views/Default/index.html.tpl\" at /home/rohit/Projects/user-management/vendor/noiselabs/smarty-bundle/NoiseLabs/Bundle/SmartyBundle/Exception/AbstractException.php:89, SmartyCompilerException(code: 0): Syntax error in template \"file:/home/rohit/Projects/user-management/src/Naukri/JobPostingGatewayBundle/Resources/views/Default/index.html.tpl\"  on line 29 \"</script> <div id=\"root\" class=\"container-fluid\"> <h1>Manage your users</h1> <blockquote>Groups</blockquote> <div class=\"row\"> <div class=\"col-md-6\"> <h3>Create new group</h3> <form name=\"group\" id=\"groupForm\"> <input type=\"text\" name=\"name\" placeholder=\"Enter group name\" required id=\"group\"> <button class=\"btn btn-md btn-primary\" id=\"createGroup\" type=\"submit\">Create</button> </form> </div> <div class=\"col-md-6\"> <h3>Your groups</h3> ~foreach from=$groups key=id item=group` <li>~$group.name` ~if $group.active eq 'N'`(Inactive)~/if`<a href=\"javascript:void(0)\" class=\"label label-sm label-danger\" onclick=\"deleteGroup(~$group.id`)\">Delete</a></li> ~/foreach` </div> </div> <br/><br/><br/><hr/><br/><br/> <blockquote>Users</blockquote> <div class=\"row\"> <div class=\"col-md-6\"> <h3>Create new user</h3> <form name=\"user\" id=\"userForm\"> <input type=\"text\" name=\"name\" placeholder=\"Enter user name\" id=\"user\" required> <button type=\"submit\" class=\"btn btn-md btn-primary\" id=\"createUser\">Create</button> <form> </div> <div class=\"col-md-6\"> <h3>Your users</h3> ~foreach from=$users key=id item=user` <li>~$user.name` ~if $user.active eq 'N'`(Inactive)~/if` <a href=\"javascript:void(0)\" class=\"label label-sm label-danger\" onclick=\"deleteUser(~$user.id`)\">Delete</a> <a href=\"javascript:void(0)\" class=\"label label-sm label-primary\" data-toggle=\"modal\" data-target=\"#assignGroupModal\" onclick=\"assignGroup(~$user.id`)\">Assign Group</a> </li> ~/foreach` </div> </div> <br/><br/><br/><hr/><br/><br/> <blockquote>Assign Group to Users</blockquote> <div id=\"assignGroupModal\" class=\"modal fade\" role=\"dialog\"> <div class=\"modal-dialog\"> <div class=\"modal-content\"> <div class=\"modal-header\"> <button type=\"button\" class=\"close\" data-dismiss=\"modal\">&times;</button> <h4 class=\"modal-title\">Assign group</h4> </div> <div class=\"modal-body\"> <form name=\"assignGroup\" id=\"assignGroupForm\"> <div class=\"form-group\"> <label for=\"userItem\">Select user:</label> <select class=\"form-control\" id=\"userItem\" name=\"user\" required> ~foreach from=$users key=id item=user` <option name=\"user\" value=\"~$user.id\" ~if $user.active eq 'N'disabled~/if`>~$user.name`</option> ~/foreach` </select> </div> <div class=\"form-group\"> <label for=\"groupItem\">Select groups:</label> <select multiple class=\"form-control\" id=\"groupItem\" required name=\"groups\"> ~foreach from=$groups key=id item=group` <option value=\"~$group.id\" ~if $group.active eq 'N'disabled~/if`>~$group.name`</option> ~/foreach` </select> </div> <button type=\"submit\" class=\"btn btn-md btn-primary\" id=\"assignGroup\">Assign</button> </form> </div> <div class=\"modal-footer\"> <button type=\"button\" class=\"btn btn-default\" data-dismiss=\"modal\">Close</button> </div> </div> </div> </div> </div> <script type=\"text/javascript\">\"  - Unexpected \"\"\", expected one of: \"`\" at /home/rohit/Projects/user-management/vendor/smarty/smarty/libs/sysplugins/smarty_internal_templatecompilerbase.php:29)"} []
[2019-03-31 20:59:07] request.CRITICAL: Uncaught PHP Exception NoiseLabs\Bundle\SmartyBundle\Exception\RuntimeException: ""Syntax error in template "file:/home/rohit/Projects/user-management/src/Naukri/JobPostingGatewayBundle/Resources/views/Default/index.html.tpl"  on line 29 "</script> <div id="root" class="container-fluid"> <h1>Manage your users</h1> <blockquote>Groups</blockquote> <div class="row"> <div class="col-md-6"> <h3>Create new group</h3> <form name="group" id="groupForm"> <input type="text" name="name" placeholder="Enter group name" required id="group"> <button class="btn btn-md btn-primary" id="createGroup" type="submit">Create</button> </form> </div> <div class="col-md-6"> <h3>Your groups</h3> ~foreach from=$groups key=id item=group` <li>~$group.name` ~if $group.active eq 'N'`(Inactive)~/if`<a href="javascript:void(0)" class="label label-sm label-danger" onclick="deleteGroup(~$group.id`)">Delete</a></li> ~/foreach` </div> </div> <br/><br/><br/><hr/><br/><br/> <blockquote>Users</blockquote> <div class="row"> <div class="col-md-6"> <h3>Create new user</h3> <form name="user" id="userForm"> <input type="text" name="name" placeholder="Enter user name" id="user" required> <button type="submit" class="btn btn-md btn-primary" id="createUser">Create</button> <form> </div> <div class="col-md-6"> <h3>Your users</h3> ~foreach from=$users key=id item=user` <li>~$user.name` ~if $user.active eq 'N'`(Inactive)~/if` <a href="javascript:void(0)" class="label label-sm label-danger" onclick="deleteUser(~$user.id`)">Delete</a> <a href="javascript:void(0)" class="label label-sm label-primary" data-toggle="modal" data-target="#assignGroupModal" onclick="assignGroup(~$user.id`)">Assign Group</a> </li> ~/foreach` </div> </div> <div id="assignGroupModal" class="modal fade" role="dialog"> <div class="modal-dialog"> <div class="modal-content"> <div class="modal-header"> <button type="button" class="close" data-dismiss="modal"></button> <h4 class="modal-title">Assign group</h4> </div> <div class="modal-body"> <form name="assignGroup" id="assignGroupForm"> <div class="form-group"> <label for="userItem">Select user:</label> <select class="form-control" id="userItem" name="user" required> ~foreach from=$users key=id item=user` <option name="user" value="~$user.id" ~if $user.active eq 'N'`disabled~/if`>~$user.name`</option> ~/foreach` </select> </div> <div class="form-group"> <label for="groupItem">Select groups:</label> <select multiple class="form-control" id="groupItem" required name="groups"> ~foreach from=$groups key=id item=group` <option value="~$group.id" ~if $group.active eq 'N'`disabled~/if`>~$group.name`</option> ~/foreach` </select> </div> <button type="submit" class="btn btn-md btn-primary" id="assignGroup">Assign</button> </form> </div> <div class="modal-footer"> <button type="button" class="btn btn-default" data-dismiss="modal">Close</button> </div> </div> </div> </div> </div> <script type="text/javascript">"  - Unexpected """, expected one of: "`"" in "/home/rohit/Projects/user-management/src/Naukri/JobPostingGatewayBundle/Resources/views/Default/index.html.tpl"" at /home/rohit/Projects/user-management/vendor/noiselabs/smarty-bundle/NoiseLabs/Bundle/SmartyBundle/Exception/AbstractException.php line 89 {"exception":"[object] (NoiseLabs\\Bundle\\SmartyBundle\\Exception\\RuntimeException(code: 0): \"Syntax error in template \"file:/home/rohit/Projects/user-management/src/Naukri/JobPostingGatewayBundle/Resources/views/Default/index.html.tpl\"  on line 29 \"</script> <div id=\"root\" class=\"container-fluid\"> <h1>Manage your users</h1> <blockquote>Groups</blockquote> <div class=\"row\"> <div class=\"col-md-6\"> <h3>Create new group</h3> <form name=\"group\" id=\"groupForm\"> <input type=\"text\" name=\"name\" placeholder=\"Enter group name\" required id=\"group\"> <button class=\"btn btn-md btn-primary\" id=\"createGroup\" type=\"submit\">Create</button> </form> </div> <div class=\"col-md-6\"> <h3>Your groups</h3> ~foreach from=$groups key=id item=group` <li>~$group.name` ~if $group.active eq 'N'`(Inactive)~/if`<a href=\"javascript:void(0)\" class=\"label label-sm label-danger\" onclick=\"deleteGroup(~$group.id`)\">Delete</a></li> ~/foreach` </div> </div> <br/><br/><br/><hr/><br/><br/> <blockquote>Users</blockquote> <div class=\"row\"> <div class=\"col-md-6\"> <h3>Create new user</h3> <form name=\"user\" id=\"userForm\"> <input type=\"text\" name=\"name\" placeholder=\"Enter user name\" id=\"user\" required> <button type=\"submit\" class=\"btn btn-md btn-primary\" id=\"createUser\">Create</button> <form> </div> <div class=\"col-md-6\"> <h3>Your users</h3> ~foreach from=$users key=id item=user` <li>~$user.name` ~if $user.active eq 'N'`(Inactive)~/if` <a href=\"javascript:void(0)\" class=\"label label-sm label-danger\" onclick=\"deleteUser(~$user.id`)\">Delete</a> <a href=\"javascript:void(0)\" class=\"label label-sm label-primary\" data-toggle=\"modal\" data-target=\"#assignGroupModal\" onclick=\"assignGroup(~$user.id`)\">Assign Group</a> </li> ~/foreach` </div> </div> <div id=\"assignGroupModal\" class=\"modal fade\" role=\"dialog\"> <div class=\"modal-dialog\"> <div class=\"modal-content\"> <div class=\"modal-header\"> <button type=\"button\" class=\"close\" data-dismiss=\"modal\"></button> <h4 class=\"modal-title\">Assign group</h4> </div> <div class=\"modal-body\"> <form name=\"assignGroup\" id=\"assignGroupForm\"> <div class=\"form-group\"> <label for=\"userItem\">Select user:</label> <select class=\"form-control\" id=\"userItem\" name=\"user\" required> ~foreach from=$users key=id item=user` <option name=\"user\" value=\"~$user.id\" ~if $user.active eq 'N'`disabled~/if`>~$user.name`</option> ~/foreach` </select> </div> <div class=\"form-group\"> <label for=\"groupItem\">Select groups:</label> <select multiple class=\"form-control\" id=\"groupItem\" required name=\"groups\"> ~foreach from=$groups key=id item=group` <option value=\"~$group.id\" ~if $group.active eq 'N'`disabled~/if`>~$group.name`</option> ~/foreach` </select> </div> <button type=\"submit\" class=\"btn btn-md btn-primary\" id=\"assignGroup\">Assign</button> </form> </div> <div class=\"modal-footer\"> <button type=\"button\" class=\"btn btn-default\" data-dismiss=\"modal\">Close</button> </div> </div> </div> </div> </div> <script type=\"text/javascript\">\"  - Unexpected \"\"\", expected one of: \"`\"\" in \"/home/rohit/Projects/user-management/src/Naukri/JobPostingGatewayBundle/Resources/views/Default/index.html.tpl\" at /home/rohit/Projects/user-management/vendor/noiselabs/smarty-bundle/NoiseLabs/Bundle/SmartyBundle/Exception/AbstractException.php:89, SmartyCompilerException(code: 0): Syntax error in template \"file:/home/rohit/Projects/user-management/src/Naukri/JobPostingGatewayBundle/Resources/views/Default/index.html.tpl\"  on line 29 \"</script> <div id=\"root\" class=\"container-fluid\"> <h1>Manage your users</h1> <blockquote>Groups</blockquote> <div class=\"row\"> <div class=\"col-md-6\"> <h3>Create new group</h3> <form name=\"group\" id=\"groupForm\"> <input type=\"text\" name=\"name\" placeholder=\"Enter group name\" required id=\"group\"> <button class=\"btn btn-md btn-primary\" id=\"createGroup\" type=\"submit\">Create</button> </form> </div> <div class=\"col-md-6\"> <h3>Your groups</h3> ~foreach from=$groups key=id item=group` <li>~$group.name` ~if $group.active eq 'N'`(Inactive)~/if`<a href=\"javascript:void(0)\" class=\"label label-sm label-danger\" onclick=\"deleteGroup(~$group.id`)\">Delete</a></li> ~/foreach` </div> </div> <br/><br/><br/><hr/><br/><br/> <blockquote>Users</blockquote> <div class=\"row\"> <div class=\"col-md-6\"> <h3>Create new user</h3> <form name=\"user\" id=\"userForm\"> <input type=\"text\" name=\"name\" placeholder=\"Enter user name\" id=\"user\" required> <button type=\"submit\" class=\"btn btn-md btn-primary\" id=\"createUser\">Create</button> <form> </div> <div class=\"col-md-6\"> <h3>Your users</h3> ~foreach from=$users key=id item=user` <li>~$user.name` ~if $user.active eq 'N'`(Inactive)~/if` <a href=\"javascript:void(0)\" class=\"label label-sm label-danger\" onclick=\"deleteUser(~$user.id`)\">Delete</a> <a href=\"javascript:void(0)\" class=\"label label-sm label-primary\" data-toggle=\"modal\" data-target=\"#assignGroupModal\" onclick=\"assignGroup(~$user.id`)\">Assign Group</a> </li> ~/foreach` </div> </div> <div id=\"assignGroupModal\" class=\"modal fade\" role=\"dialog\"> <div class=\"modal-dialog\"> <div class=\"modal-content\"> <div class=\"modal-header\"> <button type=\"button\" class=\"close\" data-dismiss=\"modal\">&times;</button> <h4 class=\"modal-title\">Assign group</h4> </div> <div class=\"modal-body\"> <form name=\"assignGroup\" id=\"assignGroupForm\"> <div class=\"form-group\"> <label for=\"userItem\">Select user:</label> <select class=\"form-control\" id=\"userItem\" name=\"user\" required> ~foreach from=$users key=id item=user` <option name=\"user\" value=\"~$user.id\" ~if $user.active eq 'N'`disabled~/if`>~$user.name`</option> ~/foreach` </select> </div> <div class=\"form-group\"> <label for=\"groupItem\">Select groups:</label> <select multiple class=\"form-control\" id=\"groupItem\" required name=\"groups\"> ~foreach from=$groups key=id item=group` <option value=\"~$group.id\" ~if $group.active eq 'N'`disabled~/if`>~$group.name`</option> ~/foreach` </select> </div> <button type=\"submit\" class=\"btn btn-md btn-primary\" id=\"assignGroup\">Assign</button> </form> </div> <div class=\"modal-footer\"> <button type=\"button\" class=\"btn btn-default\" data-dismiss=\"modal\">Close</button> </div> </div> </div> </div> </div> <script type=\"text/javascript\">\"  - Unexpected \"\"\", expected one of: \"`\" at /home/rohit/Projects/user-management/vendor/smarty/smarty/libs/sysplugins/smarty_internal_templatecompilerbase.php:29)"} []
[2019-03-31 21:00:02] request.CRITICAL: Uncaught PHP Exception NoiseLabs\Bundle\SmartyBundle\Exception\RuntimeException: ""Syntax error in template "file:/home/rohit/Projects/user-management/src/Naukri/JobPostingGatewayBundle/Resources/views/Default/index.html.tpl"  on line 29 "</script> <div id="root" class="container-fluid"> <h1>Manage your users</h1> <blockquote>Groups</blockquote> <div class="row"> <div class="col-md-6"> <h3>Create new group</h3> <form name="group" id="groupForm"> <input type="text" name="name" placeholder="Enter group name" required id="group"> <button class="btn btn-md btn-primary" id="createGroup" type="submit">Create</button> </form> </div> <div class="col-md-6"> <h3>Your groups</h3> ~foreach from=$groups key=id item=group` <li>~$group.name` ~if $group.active eq 'N'`(Inactive)~/if`<a href="javascript:void(0)" class="label label-sm label-danger" onclick="deleteGroup(~$group.id`)">Delete</a></li> ~/foreach` </div> </div> <br/><br/><br/><hr/><br/><br/> <blockquote>Users</blockquote> <div class="row"> <div class="col-md-6"> <h3>Create new user</h3> <form name="user" id="userForm"> <input type="text" name="name" placeholder="Enter user name" id="user" required> <button type="submit" class="btn btn-md btn-primary" id="createUser">Create</button> <form> </div> <div class="col-md-6"> <h3>Your users</h3> ~foreach from=$users key=id item=user` <li>~$user.name` ~if $user.active eq 'N'`(Inactive)~/if` <a href="javascript:void(0)" class="label label-sm label-danger" onclick="deleteUser(~$user.id`)">Delete</a> <a href="javascript:void(0)" class="label label-sm label-primary" data-toggle="modal" data-target="#assignGroupModal" onclick="assignGroup(~$user.id`)">Assign Group</a> </li> ~/foreach` </div> </div> <div id="assignGroupModal" class="modal fade" role="dialog"> <div class="modal-dialog"> <div class="modal-content"> <div class="modal-header"> <button type="button" class="close" data-dismiss="modal"></button> <h4 class="modal-title">Assign group</h4> </div> <div class="modal-body"> <form name="assignGroup" id="assignGroupForm"> <div class="form-group"> <label for="userItem">Select user:</label> <select class="form-control" id="userItem" name="user" required> </select> </div> <div class="form-group"> <label for="groupItem">Select groups:</label> <select multiple class="form-control" id="groupItem" required name="groups"> ~foreach from=$groups key=id item=group` <option value="~$group.id" ~if $group.active eq 'N'`disabled~/if`>~$group.name`</option> ~/foreach` </select> </div> <button type="submit" class="btn btn-md btn-primary" id="assignGroup">Assign</button> </form> </div> <div class="modal-footer"> <button type="button" class="btn btn-default" data-dismiss="modal">Close</button> </div> </div> </div> </div> </div> <script type="text/javascript">"  - Unexpected """, expected one of: "`"" in "/home/rohit/Projects/user-management/src/Naukri/JobPostingGatewayBundle/Resources/views/Default/index.html.tpl"" at /home/rohit/Projects/user-management/vendor/noiselabs/smarty-bundle/NoiseLabs/Bundle/SmartyBundle/Exception/AbstractException.php line 89 {"exception":"[object] (NoiseLabs\\Bundle\\SmartyBundle\\Exception\\RuntimeException(code: 0): \"Syntax error in template \"file:/home/rohit/Projects/user-management/src/Naukri/JobPostingGatewayBundle/Resources/views/Default/index.html.tpl\"  on line 29 \"</script> <div id=\"root\" class=\"container-fluid\"> <h1>Manage your users</h1> <blockquote>Groups</blockquote> <div class=\"row\"> <div class=\"col-md-6\"> <h3>Create new group</h3> <form name=\"group\" id=\"groupForm\"> <input type=\"text\" name=\"name\" placeholder=\"Enter group name\" required id=\"group\"> <button class=\"btn btn-md btn-primary\" id=\"createGroup\" type=\"submit\">Create</button> </form> </div> <div class=\"col-md-6\"> <h3>Your groups</h3> ~foreach from=$groups key=id item=group` <li>~$group.name` ~if $group.active eq 'N'`(Inactive)~/if`<a href=\"javascript:void(0)\" class=\"label label-sm label-danger\" onclick=\"deleteGroup(~$group.id`)\">Delete</a></li> ~/foreach` </div> </div> <br/><br/><br/><hr/><br/><br/> <blockquote>Users</blockquote> <div class=\"row\"> <div class=\"col-md-6\"> <h3>Create new user</h3> <form name=\"user\" id=\"userForm\"> <input type=\"text\" name=\"name\" placeholder=\"Enter user name\" id=\"user\" required> <button type=\"submit\" class=\"btn btn-md btn-primary\" id=\"createUser\">Create</button> <form> </div> <div class=\"col-md-6\"> <h3>Your users</h3> ~foreach from=$users key=id item=user` <li>~$user.name` ~if $user.active eq 'N'`(Inactive)~/if` <a href=\"javascript:void(0)\" class=\"label label-sm label-danger\" onclick=\"deleteUser(~$user.id`)\">Delete</a> <a href=\"javascript:void(0)\" class=\"label label-sm label-primary\" data-toggle=\"modal\" data-target=\"#assignGroupModal\" onclick=\"assignGroup(~$user.id`)\">Assign Group</a> </li> ~/foreach` </div> </div> <div id=\"assignGroupModal\" class=\"modal fade\" role=\"dialog\"> <div class=\"modal-dialog\"> <div class=\"modal-content\"> <div class=\"modal-header\"> <button type=\"button\" class=\"close\" data-dismiss=\"modal\"></button> <h4 class=\"modal-title\">Assign group</h4> </div> <div class=\"modal-body\"> <form name=\"assignGroup\" id=\"assignGroupForm\"> <div class=\"form-group\"> <label for=\"userItem\">Select user:</label> <select class=\"form-control\" id=\"userItem\" name=\"user\" required> </select> </div> <div class=\"form-group\"> <label for=\"groupItem\">Select groups:</label> <select multiple class=\"form-control\" id=\"groupItem\" required name=\"groups\"> ~foreach from=$groups key=id item=group` <option value=\"~$group.id\" ~if $group.active eq 'N'`disabled~/if`>~$group.name`</option> ~/foreach` </select> </div> <button type=\"submit\" class=\"btn btn-md btn-primary\" id=\"assignGroup\">Assign</button> </form> </div> <div class=\"modal-footer\"> <button type=\"button\" class=\"btn btn-default\" data-dismiss=\"modal\">Close</button> </div> </div> </div> </div> </div> <script type=\"text/javascript\">\"  - Unexpected \"\"\", expected one of: \"`\"\" in \"/home/rohit/Projects/user-management/src/Naukri/JobPostingGatewayBundle/Resources/views/Default/index.html.tpl\" at /home/rohit/Projects/user-management/vendor/noiselabs/smarty-bundle/NoiseLabs/Bundle/SmartyBundle/Exception/AbstractException.php:89, SmartyCompilerException(code: 0): Syntax error in template \"file:/home/rohit/Projects/user-management/src/Naukri/JobPostingGatewayBundle/Resources/views/Default/index.html.tpl\"  on line 29 \"</script> <div id=\"root\" class=\"container-fluid\"> <h1>Manage your users</h1> <blockquote>Groups</blockquote> <div class=\"row\"> <div class=\"col-md-6\"> <h3>Create new group</h3> <form name=\"group\" id=\"groupForm\"> <input type=\"text\" name=\"name\" placeholder=\"Enter group name\" required id=\"group\"> <button class=\"btn btn-md btn-primary\" id=\"createGroup\" type=\"submit\">Create</button> </form> </div> <div class=\"col-md-6\"> <h3>Your groups</h3> ~foreach from=$groups key=id item=group` <li>~$group.name` ~if $group.active eq 'N'`(Inactive)~/if`<a href=\"javascript:void(0)\" class=\"label label-sm label-danger\" onclick=\"deleteGroup(~$group.id`)\">Delete</a></li> ~/foreach` </div> </div> <br/><br/><br/><hr/><br/><br/> <blockquote>Users</blockquote> <div class=\"row\"> <div class=\"col-md-6\"> <h3>Create new user</h3> <form name=\"user\" id=\"userForm\"> <input type=\"text\" name=\"name\" placeholder=\"Enter user name\" id=\"user\" required> <button type=\"submit\" class=\"btn btn-md btn-primary\" id=\"createUser\">Create</button> <form> </div> <div class=\"col-md-6\"> <h3>Your users</h3> ~foreach from=$users key=id item=user` <li>~$user.name` ~if $user.active eq 'N'`(Inactive)~/if` <a href=\"javascript:void(0)\" class=\"label label-sm label-danger\" onclick=\"deleteUser(~$user.id`)\">Delete</a> <a href=\"javascript:void(0)\" class=\"label label-sm label-primary\" data-toggle=\"modal\" data-target=\"#assignGroupModal\" onclick=\"assignGroup(~$user.id`)\">Assign Group</a> </li> ~/foreach` </div> </div> <div id=\"assignGroupModal\" class=\"modal fade\" role=\"dialog\"> <div class=\"modal-dialog\"> <div class=\"modal-content\"> <div class=\"modal-header\"> <button type=\"button\" class=\"close\" data-dismiss=\"modal\">&times;</button> <h4 class=\"modal-title\">Assign group</h4> </div> <div class=\"modal-body\"> <form name=\"assignGroup\" id=\"assignGroupForm\"> <div class=\"form-group\"> <label for=\"userItem\">Select user:</label> <select class=\"form-control\" id=\"userItem\" name=\"user\" required> </select> </div> <div class=\"form-group\"> <label for=\"groupItem\">Select groups:</label> <select multiple class=\"form-control\" id=\"groupItem\" required name=\"groups\"> ~foreach from=$groups key=id item=group` <option value=\"~$group.id\" ~if $group.active eq 'N'`disabled~/if`>~$group.name`</option> ~/foreach` </select> </div> <button type=\"submit\" class=\"btn btn-md btn-primary\" id=\"assignGroup\">Assign</button> </form> </div> <div class=\"modal-footer\"> <button type=\"button\" class=\"btn btn-default\" data-dismiss=\"modal\">Close</button> </div> </div> </div> </div> </div> <script type=\"text/javascript\">\"  - Unexpected \"\"\", expected one of: \"`\" at /home/rohit/Projects/user-management/vendor/smarty/smarty/libs/sysplugins/smarty_internal_templatecompilerbase.php:29)"} []
[2019-03-31 21:35:31] request.CRITICAL: Uncaught PHP Exception Symfony\Component\Debug\Exception\ContextErrorException: "Warning: Missing argument 2 for Naukri\JobPostingGatewayBundle\Dao\ncPDO\BaseDao::getBatchInsertBindStatement(), called in /home/rohit/Projects/user-management/src/Naukri/JobPostingGatewayBundle/Dao/ncPDO/AccountDao.php on line 42 and defined" at /home/rohit/Projects/user-management/src/Naukri/JobPostingGatewayBundle/Dao/ncPDO/BaseDao.php line 43 {"exception":"[object] (Symfony\\Component\\Debug\\Exception\\ContextErrorException(code: 0): Warning: Missing argument 2 for Naukri\\JobPostingGatewayBundle\\Dao\\ncPDO\\BaseDao::getBatchInsertBindStatement(), called in /home/rohit/Projects/user-management/src/Naukri/JobPostingGatewayBundle/Dao/ncPDO/AccountDao.php on line 42 and defined at /home/rohit/Projects/user-management/src/Naukri/JobPostingGatewayBundle/Dao/ncPDO/BaseDao.php:43)"} []
[2019-03-31 21:36:38] request.CRITICAL: Uncaught PHP Exception Symfony\Component\Debug\Exception\ContextErrorException: "Warning: Missing argument 2 for Naukri\JobPostingGatewayBundle\Dao\ncPDO\BaseDao::getBatchInsertBindStatement(), called in /home/rohit/Projects/user-management/src/Naukri/JobPostingGatewayBundle/Dao/ncPDO/AccountDao.php on line 42 and defined" at /home/rohit/Projects/user-management/src/Naukri/JobPostingGatewayBundle/Dao/ncPDO/BaseDao.php line 43 {"exception":"[object] (Symfony\\Component\\Debug\\Exception\\ContextErrorException(code: 0): Warning: Missing argument 2 for Naukri\\JobPostingGatewayBundle\\Dao\\ncPDO\\BaseDao::getBatchInsertBindStatement(), called in /home/rohit/Projects/user-management/src/Naukri/JobPostingGatewayBundle/Dao/ncPDO/AccountDao.php on line 42 and defined at /home/rohit/Projects/user-management/src/Naukri/JobPostingGatewayBundle/Dao/ncPDO/BaseDao.php:43)"} []
[2019-03-31 21:37:19] request.CRITICAL: Uncaught PHP Exception Symfony\Component\Debug\Exception\ContextErrorException: "Warning: Missing argument 3 for Naukri\JobPostingGatewayBundle\Dao\ncPDO\BaseDao::getBatchInsertBindStatement(), called in /home/rohit/Projects/user-management/src/Naukri/JobPostingGatewayBundle/Dao/ncPDO/AccountDao.php on line 42 and defined" at /home/rohit/Projects/user-management/src/Naukri/JobPostingGatewayBundle/Dao/ncPDO/BaseDao.php line 43 {"exception":"[object] (Symfony\\Component\\Debug\\Exception\\ContextErrorException(code: 0): Warning: Missing argument 3 for Naukri\\JobPostingGatewayBundle\\Dao\\ncPDO\\BaseDao::getBatchInsertBindStatement(), called in /home/rohit/Projects/user-management/src/Naukri/JobPostingGatewayBundle/Dao/ncPDO/AccountDao.php on line 42 and defined at /home/rohit/Projects/user-management/src/Naukri/JobPostingGatewayBundle/Dao/ncPDO/BaseDao.php:43)"} []
[2019-03-31 21:37:33] request.CRITICAL: Uncaught PHP Exception PDOException: "SQLSTATE[42000]: Syntax error or access violation: 1064 You have an error in your SQL syntax; check the manual that corresponds to your MySQL server version for the right syntax to use near ':inval_0id,u:inval_1id,u:inval_2id,u:inval_3id,u:inval_4id) and g.id = ag.groupI' at line 1" at /home/rohit/Projects/user-management/src/ThirdParty/DbFramework/db/ncPdoPersistent.php line 139 {"exception":"[object] (PDOException(code: 42000): SQLSTATE[42000]: Syntax error or access violation: 1064 You have an error in your SQL syntax; check the manual that corresponds to your MySQL server version for the right syntax to use near ':inval_0id,u:inval_1id,u:inval_2id,u:inval_3id,u:inval_4id) and g.id = ag.groupI' at line 1 at /home/rohit/Projects/user-management/src/ThirdParty/DbFramework/db/ncPdoPersistent.php:139)"} []
[2019-03-31 21:45:12] request.CRITICAL: Uncaught PHP Exception NoiseLabs\Bundle\SmartyBundle\Exception\RuntimeException: ""Syntax error in template "file:/home/rohit/Projects/user-management/src/Naukri/JobPostingGatewayBundle/Resources/views/Default/index.html.tpl"  on line 29 "</script> <div id="root" class="container-fluid"> <h1>Manage your users</h1> <blockquote>Groups</blockquote> <div class="row"> <div class="col-md-6"> <h3>Create new group</h3> <form name="group" id="groupForm"> <input type="text" name="name" placeholder="Enter group name" required id="group"> <button class="btn btn-md btn-primary" id="createGroup" type="submit">Create</button> </form> </div> <div class="col-md-6"> <h3>Your groups</h3> ~foreach from=$groups key=id item=group` <li>~$group.name` ~if $group.active eq 'N'`(Inactive)~/if`<a href="javascript:void(0)" class="label label-sm label-danger" onclick="deleteGroup(~$group.id`)">Delete</a></li> ~/foreach` </div> </div> <br/><br/><br/><hr/><br/><br/> <blockquote>Users</blockquote> <div class="row"> <div class="col-md-6"> <h3>Create new user</h3> <form name="user" id="userForm"> <input type="text" name="name" placeholder="Enter user name" id="user" required> <button type="submit" class="btn btn-md btn-primary" id="createUser">Create</button> </form> </div> <div class="col-md-6"> <h3>Your users</h3> ~foreach from=$users key=id item=user` <li>~$user.name` ~if $user.active eq 'N'`(Inactive)~/if` <a href="javascript:void(0)" class="label label-sm label-danger" onclick="deleteUser(~$user.id`)">Delete</a> <a href="javascript:void(0)" class="label label-sm label-primary" data-toggle="modal" data-target="#assignGroupModal" onclick="assignGroup(~$user.id`)">Assign Group</a> <br/> ~foreach from=$assignedGroups key=userId item=mapping` ~if $userId eq $user.id`<a href="javascript:void(0)" class="label label-xs label-default" onclick="removeGroup(~$user.id`, ~$mapping.id)">~$mapping.name`</a>~/if` ~/foreach` </li> ~/foreach` </div> </div> <div id="assignGroupModal" class="modal fade" role="dialog"> <div class="modal-dialog"> <div class="modal-content"> <form name="assignGroup" id="assignGroupForm"> <div class="modal-header"> <button type="button" class="close" data-dismiss="modal"></button> <h4 class="modal-title">Assign group</h4> </div> <div class="modal-body"> <div class="form-group"> <label for="userItem">Select user:</label> <select class="form-control" id="userItem" name="user" required> ~foreach from=$users key=id item=user` <option value="~$user.id`" ~if $user.active eq 'N'`disabled~/if`>~$user.name`~if $group.active eq 'N'`(Inactive)~/if`</option> ~/foreach` </select> </div> <div class="form-group"> <label for="groupItem">Select groups (Press Ctrl to select multiple values):</label> <select multiple class="form-control" id="groupItem" required name="groups"> ~foreach from=$groups key=id item=group` <option value="~$group.id`" ~if $group.active eq 'N'`disabled~/if`>~$group.name`~if $group.active eq 'N'`(Inactive)~/if`</option> ~/foreach` </select> </div> <button type="submit" class="btn btn-md btn-primary" id="assignGroup">Assign</button> </div> </form> <div class="modal-footer"> <button type="button" class="btn btn-default" data-dismiss="modal">Close</button> </div> </div> </div> </div> </div> <script type="text/javascript">"  - Unexpected ")", expected one of: "`"" in "/home/rohit/Projects/user-management/src/Naukri/JobPostingGatewayBundle/Resources/views/Default/index.html.tpl"" at /home/rohit/Projects/user-management/vendor/noiselabs/smarty-bundle/NoiseLabs/Bundle/SmartyBundle/Exception/AbstractException.php line 89 {"exception":"[object] (NoiseLabs\\Bundle\\SmartyBundle\\Exception\\RuntimeException(code: 0): \"Syntax error in template \"file:/home/rohit/Projects/user-management/src/Naukri/JobPostingGatewayBundle/Resources/views/Default/index.html.tpl\"  on line 29 \"</script> <div id=\"root\" class=\"container-fluid\"> <h1>Manage your users</h1> <blockquote>Groups</blockquote> <div class=\"row\"> <div class=\"col-md-6\"> <h3>Create new group</h3> <form name=\"group\" id=\"groupForm\"> <input type=\"text\" name=\"name\" placeholder=\"Enter group name\" required id=\"group\"> <button class=\"btn btn-md btn-primary\" id=\"createGroup\" type=\"submit\">Create</button> </form> </div> <div class=\"col-md-6\"> <h3>Your groups</h3> ~foreach from=$groups key=id item=group` <li>~$group.name` ~if $group.active eq 'N'`(Inactive)~/if`<a href=\"javascript:void(0)\" class=\"label label-sm label-danger\" onclick=\"deleteGroup(~$group.id`)\">Delete</a></li> ~/foreach` </div> </div> <br/><br/><br/><hr/><br/><br/> <blockquote>Users</blockquote> <div class=\"row\"> <div class=\"col-md-6\"> <h3>Create new user</h3> <form name=\"user\" id=\"userForm\"> <input type=\"text\" name=\"name\" placeholder=\"Enter user name\" id=\"user\" required> <button type=\"submit\" class=\"btn btn-md btn-primary\" id=\"createUser\">Create</button> </form> </div> <div class=\"col-md-6\"> <h3>Your users</h3> ~foreach from=$users key=id item=user` <li>~$user.name` ~if $user.active eq 'N'`(Inactive)~/if` <a href=\"javascript:void(0)\" class=\"label label-sm label-danger\" onclick=\"deleteUser(~$user.id`)\">Delete</a> <a href=\"javascript:void(0)\" class=\"label label-sm label-primary\" data-toggle=\"modal\" data-target=\"#assignGroupModal\" onclick=\"assignGroup(~$user.id`)\">Assign Group</a> <br/> ~foreach from=$assignedGroups key=userId item=mapping` ~if $userId eq $user.id`<a href=\"javascript:void(0)\" class=\"label label-xs label-default\" onclick=\"removeGroup(~$user.id`, ~$mapping.id)\">~$mapping.name`</a>~/if` ~/foreach` </li> ~/foreach` </div> </div> <div id=\"assignGroupModal\" class=\"modal fade\" role=\"dialog\"> <div class=\"modal-dialog\"> <div class=\"modal-content\"> <form name=\"assignGroup\" id=\"assignGroupForm\"> <div class=\"modal-header\"> <button type=\"button\" class=\"close\" data-dismiss=\"modal\"></button> <h4 class=\"modal-title\">Assign group</h4> </div> <div class=\"modal-body\"> <div class=\"form-group\"> <label for=\"userItem\">Select user:</label> <select class=\"form-control\" id=\"userItem\" name=\"user\" required> ~foreach from=$users key=id item=user` <option value=\"~$user.id`\" ~if $user.active eq 'N'`disabled~/if`>~$user.name`~if $group.active eq 'N'`(Inactive)~/if`</option> ~/foreach` </select> </div> <div class=\"form-group\"> <label for=\"groupItem\">Select groups (Press Ctrl to select multiple values):</label> <select multiple class=\"form-control\" id=\"groupItem\" required name=\"groups\"> ~foreach from=$groups key=id item=group` <option value=\"~$group.id`\" ~if $group.active eq 'N'`disabled~/if`>~$group.name`~if $group.active eq 'N'`(Inactive)~/if`</option> ~/foreach` </select> </div> <button type=\"submit\" class=\"btn btn-md btn-primary\" id=\"assignGroup\">Assign</button> </div> </form> <div class=\"modal-footer\"> <button type=\"button\" class=\"btn btn-default\" data-dismiss=\"modal\">Close</button> </div> </div> </div> </div> </div> <script type=\"text/javascript\">\"  - Unexpected \")\", expected one of: \"`\"\" in \"/home/rohit/Projects/user-management/src/Naukri/JobPostingGatewayBundle/Resources/views/Default/index.html.tpl\" at /home/rohit/Projects/user-management/vendor/noiselabs/smarty-bundle/NoiseLabs/Bundle/SmartyBundle/Exception/AbstractException.php:89, SmartyCompilerException(code: 0): Syntax error in template \"file:/home/rohit/Projects/user-management/src/Naukri/JobPostingGatewayBundle/Resources/views/Default/index.html.tpl\"  on line 29 \"</script> <div id=\"root\" class=\"container-fluid\"> <h1>Manage your users</h1> <blockquote>Groups</blockquote> <div class=\"row\"> <div class=\"col-md-6\"> <h3>Create new group</h3> <form name=\"group\" id=\"groupForm\"> <input type=\"text\" name=\"name\" placeholder=\"Enter group name\" required id=\"group\"> <button class=\"btn btn-md btn-primary\" id=\"createGroup\" type=\"submit\">Create</button> </form> </div> <div class=\"col-md-6\"> <h3>Your groups</h3> ~foreach from=$groups key=id item=group` <li>~$group.name` ~if $group.active eq 'N'`(Inactive)~/if`<a href=\"javascript:void(0)\" class=\"label label-sm label-danger\" onclick=\"deleteGroup(~$group.id`)\">Delete</a></li> ~/foreach` </div> </div> <br/><br/><br/><hr/><br/><br/> <blockquote>Users</blockquote> <div class=\"row\"> <div class=\"col-md-6\"> <h3>Create new user</h3> <form name=\"user\" id=\"userForm\"> <input type=\"text\" name=\"name\" placeholder=\"Enter user name\" id=\"user\" required> <button type=\"submit\" class=\"btn btn-md btn-primary\" id=\"createUser\">Create</button> </form> </div> <div class=\"col-md-6\"> <h3>Your users</h3> ~foreach from=$users key=id item=user` <li>~$user.name` ~if $user.active eq 'N'`(Inactive)~/if` <a href=\"javascript:void(0)\" class=\"label label-sm label-danger\" onclick=\"deleteUser(~$user.id`)\">Delete</a> <a href=\"javascript:void(0)\" class=\"label label-sm label-primary\" data-toggle=\"modal\" data-target=\"#assignGroupModal\" onclick=\"assignGroup(~$user.id`)\">Assign Group</a> <br/> ~foreach from=$assignedGroups key=userId item=mapping` ~if $userId eq $user.id`<a href=\"javascript:void(0)\" class=\"label label-xs label-default\" onclick=\"removeGroup(~$user.id`, ~$mapping.id)\">~$mapping.name`</a>~/if` ~/foreach` </li> ~/foreach` </div> </div> <div id=\"assignGroupModal\" class=\"modal fade\" role=\"dialog\"> <div class=\"modal-dialog\"> <div class=\"modal-content\"> <form name=\"assignGroup\" id=\"assignGroupForm\"> <div class=\"modal-header\"> <button type=\"button\" class=\"close\" data-dismiss=\"modal\">&times;</button> <h4 class=\"modal-title\">Assign group</h4> </div> <div class=\"modal-body\"> <div class=\"form-group\"> <label for=\"userItem\">Select user:</label> <select class=\"form-control\" id=\"userItem\" name=\"user\" required> ~foreach from=$users key=id item=user` <option value=\"~$user.id`\" ~if $user.active eq 'N'`disabled~/if`>~$user.name`~if $group.active eq 'N'`(Inactive)~/if`</option> ~/foreach` </select> </div> <div class=\"form-group\"> <label for=\"groupItem\">Select groups (Press Ctrl to select multiple values):</label> <select multiple class=\"form-control\" id=\"groupItem\" required name=\"groups\"> ~foreach from=$groups key=id item=group` <option value=\"~$group.id`\" ~if $group.active eq 'N'`disabled~/if`>~$group.name`~if $group.active eq 'N'`(Inactive)~/if`</option> ~/foreach` </select> </div> <button type=\"submit\" class=\"btn btn-md btn-primary\" id=\"assignGroup\">Assign</button> </div> </form> <div class=\"modal-footer\"> <button type=\"button\" class=\"btn btn-default\" data-dismiss=\"modal\">Close</button> </div> </div> </div> </div> </div> <script type=\"text/javascript\">\"  - Unexpected \")\", expected one of: \"`\" at /home/rohit/Projects/user-management/vendor/smarty/smarty/libs/sysplugins/smarty_internal_templatecompilerbase.php:29)"} []
[2019-03-31 22:08:10] request.CRITICAL: Uncaught PHP Exception NoiseLabs\Bundle\SmartyBundle\Exception\RuntimeException: ""Syntax error in template "file:/home/rohit/Projects/user-management/src/Naukri/JobPostingGatewayBundle/Resources/views/Default/index.html.tpl"  on line 29 "</script> <div id="root" class="container-fluid"> <h1>Manage your users</h1> <blockquote>Groups</blockquote> <div class="row"> <div class="col-md-6"> <h3>Create new group</h3> <form name="group" id="groupForm"> <input type="text" name="name" placeholder="Enter group name" required id="group"> <button class="btn btn-md btn-primary" id="createGroup" type="submit">Create</button> </form> </div> <div class="col-md-6"> <h3>Your groups</h3> ~foreach from=$groups key=id item=group` <li>~$group.name` ~if $group.active eq 'N'`(Inactive)~/if`<a href="javascript:void(0)" class="label label-sm label-danger" onclick="deleteGroup(~$group.id`)">Delete</a></li> ~/foreach` </div> </div> <br/><br/><br/><hr/><br/><br/> <blockquote>Users</blockquote> <div class="row"> <div class="col-md-6"> <h3>Create new user</h3> <form name="user" id="userForm"> <input type="text" name="name" placeholder="Enter user name" id="user" required> <button type="submit" class="btn btn-md btn-primary" id="createUser">Create</button> </form> </div> <div class="col-md-6"> <h3>Your users</h3> ~foreach from=$users key=id item=user` <li>~$user.name` ~if $user.active eq 'N'`(Inactive)~/if` <a href="javascript:void(0)" class="label label-sm label-danger" onclick="deleteUser(~$user.id`)">Delete</a> <a href="javascript:void(0)" class="label label-sm label-primary" data-toggle="modal" data-target="#assignGroupModal" onclick="assignGroup(~$user.id`)">Assign Group</a> <br/> ~assign var=cnt value="0"` ~foreach from=$assignedGroups key=userId item=mapping` ~$userId|@var_dump` ~$user.id|@var_dump` ~$cnt|@var_dump ~if $userId eq $user.id`<a href="javascript:void(0)" class="label label-xs label-default" onclick="removeGroup(~$user.id`, ~$mapping[$cnt].id`)">~$mapping[$cnt].name` </a>~/if` ~assign var=cnt value=$cnt+1` ~/foreach` </li> <br/> ~/foreach` </div> </div> <div id="assignGroupModal" class="modal fade" role="dialog"> <div class="modal-dialog"> <div class="modal-content"> <form name="assignGroup" id="assignGroupForm"> <div class="modal-header"> <button type="button" class="close" data-dismiss="modal"></button> <h4 class="modal-title">Assign group</h4> </div> <div class="modal-body"> <div class="form-group"> <label for="userItem">Select user:</label> <select class="form-control" id="userItem" name="user" required> ~foreach from=$users key=id item=user` <option value="~$user.id`" ~if $user.active eq 'N'`disabled~/if`>~$user.name`~if $group.active eq 'N'`(Inactive)~/if`</option> ~/foreach` </select> </div> <div class="form-group"> <label for="groupItem">Select groups (Press Ctrl to select multiple values):</label> <select multiple class="form-control" id="groupItem" required name="groups"> ~foreach from=$groups key=id item=group` <option value="~$group.id`" ~if $group.active eq 'N'`disabled~/if`>~$group.name`~if $group.active eq 'N'`(Inactive)~/if`</option> ~/foreach` </select> </div> <button type="submit" class="btn btn-md btn-primary" id="assignGroup">Assign</button> </div> </form> <div class="modal-footer"> <button type="button" class="btn btn-default" data-dismiss="modal">Close</button> </div> </div> </div> </div> </div> <script type="text/javascript">" too many shorthand attributes" in "/home/rohit/Projects/user-management/src/Naukri/JobPostingGatewayBundle/Resources/views/Default/index.html.tpl"" at /home/rohit/Projects/user-management/vendor/noiselabs/smarty-bundle/NoiseLabs/Bundle/SmartyBundle/Exception/AbstractException.php line 89 {"exception":"[object] (NoiseLabs\\Bundle\\SmartyBundle\\Exception\\RuntimeException(code: 0): \"Syntax error in template \"file:/home/rohit/Projects/user-management/src/Naukri/JobPostingGatewayBundle/Resources/views/Default/index.html.tpl\"  on line 29 \"</script> <div id=\"root\" class=\"container-fluid\"> <h1>Manage your users</h1> <blockquote>Groups</blockquote> <div class=\"row\"> <div class=\"col-md-6\"> <h3>Create new group</h3> <form name=\"group\" id=\"groupForm\"> <input type=\"text\" name=\"name\" placeholder=\"Enter group name\" required id=\"group\"> <button class=\"btn btn-md btn-primary\" id=\"createGroup\" type=\"submit\">Create</button> </form> </div> <div class=\"col-md-6\"> <h3>Your groups</h3> ~foreach from=$groups key=id item=group` <li>~$group.name` ~if $group.active eq 'N'`(Inactive)~/if`<a href=\"javascript:void(0)\" class=\"label label-sm label-danger\" onclick=\"deleteGroup(~$group.id`)\">Delete</a></li> ~/foreach` </div> </div> <br/><br/><br/><hr/><br/><br/> <blockquote>Users</blockquote> <div class=\"row\"> <div class=\"col-md-6\"> <h3>Create new user</h3> <form name=\"user\" id=\"userForm\"> <input type=\"text\" name=\"name\" placeholder=\"Enter user name\" id=\"user\" required> <button type=\"submit\" class=\"btn btn-md btn-primary\" id=\"createUser\">Create</button> </form> </div> <div class=\"col-md-6\"> <h3>Your users</h3> ~foreach from=$users key=id item=user` <li>~$user.name` ~if $user.active eq 'N'`(Inactive)~/if` <a href=\"javascript:void(0)\" class=\"label label-sm label-danger\" onclick=\"deleteUser(~$user.id`)\">Delete</a> <a href=\"javascript:void(0)\" class=\"label label-sm label-primary\" data-toggle=\"modal\" data-target=\"#assignGroupModal\" onclick=\"assignGroup(~$user.id`)\">Assign Group</a> <br/> ~assign var=cnt value=\"0\"` ~foreach from=$assignedGroups key=userId item=mapping` ~$userId|@var_dump` ~$user.id|@var_dump` ~$cnt|@var_dump ~if $userId eq $user.id`<a href=\"javascript:void(0)\" class=\"label label-xs label-default\" onclick=\"removeGroup(~$user.id`, ~$mapping[$cnt].id`)\">~$mapping[$cnt].name` </a>~/if` ~assign var=cnt value=$cnt+1` ~/foreach` </li> <br/> ~/foreach` </div> </div> <div id=\"assignGroupModal\" class=\"modal fade\" role=\"dialog\"> <div class=\"modal-dialog\"> <div class=\"modal-content\"> <form name=\"assignGroup\" id=\"assignGroupForm\"> <div class=\"modal-header\"> <button type=\"button\" class=\"close\" data-dismiss=\"modal\"></button> <h4 class=\"modal-title\">Assign group</h4> </div> <div class=\"modal-body\"> <div class=\"form-group\"> <label for=\"userItem\">Select user:</label> <select class=\"form-control\" id=\"userItem\" name=\"user\" required> ~foreach from=$users key=id item=user` <option value=\"~$user.id`\" ~if $user.active eq 'N'`disabled~/if`>~$user.name`~if $group.active eq 'N'`(Inactive)~/if`</option> ~/foreach` </select> </div> <div class=\"form-group\"> <label for=\"groupItem\">Select groups (Press Ctrl to select multiple values):</label> <select multiple class=\"form-control\" id=\"groupItem\" required name=\"groups\"> ~foreach from=$groups key=id item=group` <option value=\"~$group.id`\" ~if $group.active eq 'N'`disabled~/if`>~$group.name`~if $group.active eq 'N'`(Inactive)~/if`</option> ~/foreach` </select> </div> <button type=\"submit\" class=\"btn btn-md btn-primary\" id=\"assignGroup\">Assign</button> </div> </form> <div class=\"modal-footer\"> <button type=\"button\" class=\"btn btn-default\" data-dismiss=\"modal\">Close</button> </div> </div> </div> </div> </div> <script type=\"text/javascript\">\" too many shorthand attributes\" in \"/home/rohit/Projects/user-management/src/Naukri/JobPostingGatewayBundle/Resources/views/Default/index.html.tpl\" at /home/rohit/Projects/user-management/vendor/noiselabs/smarty-bundle/NoiseLabs/Bundle/SmartyBundle/Exception/AbstractException.php:89, SmartyCompilerException(code: 0): Syntax error in template \"file:/home/rohit/Projects/user-management/src/Naukri/JobPostingGatewayBundle/Resources/views/Default/index.html.tpl\"  on line 29 \"</script> <div id=\"root\" class=\"container-fluid\"> <h1>Manage your users</h1> <blockquote>Groups</blockquote> <div class=\"row\"> <div class=\"col-md-6\"> <h3>Create new group</h3> <form name=\"group\" id=\"groupForm\"> <input type=\"text\" name=\"name\" placeholder=\"Enter group name\" required id=\"group\"> <button class=\"btn btn-md btn-primary\" id=\"createGroup\" type=\"submit\">Create</button> </form> </div> <div class=\"col-md-6\"> <h3>Your groups</h3> ~foreach from=$groups key=id item=group` <li>~$group.name` ~if $group.active eq 'N'`(Inactive)~/if`<a href=\"javascript:void(0)\" class=\"label label-sm label-danger\" onclick=\"deleteGroup(~$group.id`)\">Delete</a></li> ~/foreach` </div> </div> <br/><br/><br/><hr/><br/><br/> <blockquote>Users</blockquote> <div class=\"row\"> <div class=\"col-md-6\"> <h3>Create new user</h3> <form name=\"user\" id=\"userForm\"> <input type=\"text\" name=\"name\" placeholder=\"Enter user name\" id=\"user\" required> <button type=\"submit\" class=\"btn btn-md btn-primary\" id=\"createUser\">Create</button> </form> </div> <div class=\"col-md-6\"> <h3>Your users</h3> ~foreach from=$users key=id item=user` <li>~$user.name` ~if $user.active eq 'N'`(Inactive)~/if` <a href=\"javascript:void(0)\" class=\"label label-sm label-danger\" onclick=\"deleteUser(~$user.id`)\">Delete</a> <a href=\"javascript:void(0)\" class=\"label label-sm label-primary\" data-toggle=\"modal\" data-target=\"#assignGroupModal\" onclick=\"assignGroup(~$user.id`)\">Assign Group</a> <br/> ~assign var=cnt value=\"0\"` ~foreach from=$assignedGroups key=userId item=mapping` ~$userId|@var_dump` ~$user.id|@var_dump` ~$cnt|@var_dump ~if $userId eq $user.id`<a href=\"javascript:void(0)\" class=\"label label-xs label-default\" onclick=\"removeGroup(~$user.id`, ~$mapping[$cnt].id`)\">~$mapping[$cnt].name` &times;</a>~/if` ~assign var=cnt value=$cnt+1` ~/foreach` </li> <br/> ~/foreach` </div> </div> <div id=\"assignGroupModal\" class=\"modal fade\" role=\"dialog\"> <div class=\"modal-dialog\"> <div class=\"modal-content\"> <form name=\"assignGroup\" id=\"assignGroupForm\"> <div class=\"modal-header\"> <button type=\"button\" class=\"close\" data-dismiss=\"modal\">&times;</button> <h4 class=\"modal-title\">Assign group</h4> </div> <div class=\"modal-body\"> <div class=\"form-group\"> <label for=\"userItem\">Select user:</label> <select class=\"form-control\" id=\"userItem\" name=\"user\" required> ~foreach from=$users key=id item=user` <option value=\"~$user.id`\" ~if $user.active eq 'N'`disabled~/if`>~$user.name`~if $group.active eq 'N'`(Inactive)~/if`</option> ~/foreach` </select> </div> <div class=\"form-group\"> <label for=\"groupItem\">Select groups (Press Ctrl to select multiple values):</label> <select multiple class=\"form-control\" id=\"groupItem\" required name=\"groups\"> ~foreach from=$groups key=id item=group` <option value=\"~$group.id`\" ~if $group.active eq 'N'`disabled~/if`>~$group.name`~if $group.active eq 'N'`(Inactive)~/if`</option> ~/foreach` </select> </div> <button type=\"submit\" class=\"btn btn-md btn-primary\" id=\"assignGroup\">Assign</button> </div> </form> <div class=\"modal-footer\"> <button type=\"button\" class=\"btn btn-default\" data-dismiss=\"modal\">Close</button> </div> </div> </div> </div> </div> <script type=\"text/javascript\">\" too many shorthand attributes at /home/rohit/Projects/user-management/vendor/smarty/smarty/libs/sysplugins/smarty_internal_templatecompilerbase.php:29)"} []
[2019-03-31 22:11:16] request.CRITICAL: Uncaught PHP Exception NoiseLabs\Bundle\SmartyBundle\Exception\RuntimeException: ""Syntax error in template "file:/home/rohit/Projects/user-management/src/Naukri/JobPostingGatewayBundle/Resources/views/Default/index.html.tpl"  on line 29 "</script> <div id="root" class="container-fluid"> <h1>Manage your users</h1> <blockquote>Groups</blockquote> <div class="row"> <div class="col-md-6"> <h3>Create new group</h3> <form name="group" id="groupForm"> <input type="text" name="name" placeholder="Enter group name" required id="group"> <button class="btn btn-md btn-primary" id="createGroup" type="submit">Create</button> </form> </div> <div class="col-md-6"> <h3>Your groups</h3> ~foreach from=$groups key=id item=group` <li>~$group.name` ~if $group.active eq 'N'`(Inactive)~/if`<a href="javascript:void(0)" class="label label-sm label-danger" onclick="deleteGroup(~$group.id`)">Delete</a></li> ~/foreach` </div> </div> <br/><br/><br/><hr/><br/><br/> <blockquote>Users</blockquote> <div class="row"> <div class="col-md-6"> <h3>Create new user</h3> <form name="user" id="userForm"> <input type="text" name="name" placeholder="Enter user name" id="user" required> <button type="submit" class="btn btn-md btn-primary" id="createUser">Create</button> </form> </div> <div class="col-md-6"> <h3>Your users</h3> ~foreach from=$users key=id item=user` <li>~$user.name` ~if $user.active eq 'N'`(Inactive)~/if` <a href="javascript:void(0)" class="label label-sm label-danger" onclick="deleteUser(~$user.id`)">Delete</a> <a href="javascript:void(0)" class="label label-sm label-primary" data-toggle="modal" data-target="#assignGroupModal" onclick="assignGroup(~$user.id`)">Assign Group</a> <br/> ~assign var=cnt value="0"` ~foreach from=$assignedGroups.id` key=userId item=mapping` ~$userId|@var_dump` ~$user.id|@var_dump` ~$cnt|@var_dump` ~if $userId eq $user.id`<a href="javascript:void(0)" class="label label-xs label-default" onclick="removeGroup(~$user.id`, ~$mapping[$cnt].id`)">~$mapping[$cnt].name` </a>~/if` ~assign var=cnt value=$cnt+1` ~/foreach` </li> <br/> ~/foreach` </div> </div> <div id="assignGroupModal" class="modal fade" role="dialog"> <div class="modal-dialog"> <div class="modal-content"> <form name="assignGroup" id="assignGroupForm"> <div class="modal-header"> <button type="button" class="close" data-dismiss="modal"></button> <h4 class="modal-title">Assign group</h4> </div> <div class="modal-body"> <div class="form-group"> <label for="userItem">Select user:</label> <select class="form-control" id="userItem" name="user" required> ~foreach from=$users key=id item=user` <option value="~$user.id`" ~if $user.active eq 'N'`disabled~/if`>~$user.name`~if $group.active eq 'N'`(Inactive)~/if`</option> ~/foreach` </select> </div> <div class="form-group"> <label for="groupItem">Select groups (Press Ctrl to select multiple values):</label> <select multiple class="form-control" id="groupItem" required name="groups"> ~foreach from=$groups key=id item=group` <option value="~$group.id`" ~if $group.active eq 'N'`disabled~/if`>~$group.name`~if $group.active eq 'N'`(Inactive)~/if`</option> ~/foreach` </select> </div> <button type="submit" class="btn btn-md btn-primary" id="assignGroup">Assign</button> </div> </form> <div class="modal-footer"> <button type="button" class="btn btn-default" data-dismiss="modal">Close</button> </div> </div> </div> </div> </div> <script type="text/javascript">" missing "item" attribute" in "/home/rohit/Projects/user-management/src/Naukri/JobPostingGatewayBundle/Resources/views/Default/index.html.tpl"" at /home/rohit/Projects/user-management/vendor/noiselabs/smarty-bundle/NoiseLabs/Bundle/SmartyBundle/Exception/AbstractException.php line 89 {"exception":"[object] (NoiseLabs\\Bundle\\SmartyBundle\\Exception\\RuntimeException(code: 0): \"Syntax error in template \"file:/home/rohit/Projects/user-management/src/Naukri/JobPostingGatewayBundle/Resources/views/Default/index.html.tpl\"  on line 29 \"</script> <div id=\"root\" class=\"container-fluid\"> <h1>Manage your users</h1> <blockquote>Groups</blockquote> <div class=\"row\"> <div class=\"col-md-6\"> <h3>Create new group</h3> <form name=\"group\" id=\"groupForm\"> <input type=\"text\" name=\"name\" placeholder=\"Enter group name\" required id=\"group\"> <button class=\"btn btn-md btn-primary\" id=\"createGroup\" type=\"submit\">Create</button> </form> </div> <div class=\"col-md-6\"> <h3>Your groups</h3> ~foreach from=$groups key=id item=group` <li>~$group.name` ~if $group.active eq 'N'`(Inactive)~/if`<a href=\"javascript:void(0)\" class=\"label label-sm label-danger\" onclick=\"deleteGroup(~$group.id`)\">Delete</a></li> ~/foreach` </div> </div> <br/><br/><br/><hr/><br/><br/> <blockquote>Users</blockquote> <div class=\"row\"> <div class=\"col-md-6\"> <h3>Create new user</h3> <form name=\"user\" id=\"userForm\"> <input type=\"text\" name=\"name\" placeholder=\"Enter user name\" id=\"user\" required> <button type=\"submit\" class=\"btn btn-md btn-primary\" id=\"createUser\">Create</button> </form> </div> <div class=\"col-md-6\"> <h3>Your users</h3> ~foreach from=$users key=id item=user` <li>~$user.name` ~if $user.active eq 'N'`(Inactive)~/if` <a href=\"javascript:void(0)\" class=\"label label-sm label-danger\" onclick=\"deleteUser(~$user.id`)\">Delete</a> <a href=\"javascript:void(0)\" class=\"label label-sm label-primary\" data-toggle=\"modal\" data-target=\"#assignGroupModal\" onclick=\"assignGroup(~$user.id`)\">Assign Group</a> <br/> ~assign var=cnt value=\"0\"` ~foreach from=$assignedGroups.id` key=userId item=mapping` ~$userId|@var_dump` ~$user.id|@var_dump` ~$cnt|@var_dump` ~if $userId eq $user.id`<a href=\"javascript:void(0)\" class=\"label label-xs label-default\" onclick=\"removeGroup(~$user.id`, ~$mapping[$cnt].id`)\">~$mapping[$cnt].name` </a>~/if` ~assign var=cnt value=$cnt+1` ~/foreach` </li> <br/> ~/foreach` </div> </div> <div id=\"assignGroupModal\" class=\"modal fade\" role=\"dialog\"> <div class=\"modal-dialog\"> <div class=\"modal-content\"> <form name=\"assignGroup\" id=\"assignGroupForm\"> <div class=\"modal-header\"> <button type=\"button\" class=\"close\" data-dismiss=\"modal\"></button> <h4 class=\"modal-title\">Assign group</h4> </div> <div class=\"modal-body\"> <div class=\"form-group\"> <label for=\"userItem\">Select user:</label> <select class=\"form-control\" id=\"userItem\" name=\"user\" required> ~foreach from=$users key=id item=user` <option value=\"~$user.id`\" ~if $user.active eq 'N'`disabled~/if`>~$user.name`~if $group.active eq 'N'`(Inactive)~/if`</option> ~/foreach` </select> </div> <div class=\"form-group\"> <label for=\"groupItem\">Select groups (Press Ctrl to select multiple values):</label> <select multiple class=\"form-control\" id=\"groupItem\" required name=\"groups\"> ~foreach from=$groups key=id item=group` <option value=\"~$group.id`\" ~if $group.active eq 'N'`disabled~/if`>~$group.name`~if $group.active eq 'N'`(Inactive)~/if`</option> ~/foreach` </select> </div> <button type=\"submit\" class=\"btn btn-md btn-primary\" id=\"assignGroup\">Assign</button> </div> </form> <div class=\"modal-footer\"> <button type=\"button\" class=\"btn btn-default\" data-dismiss=\"modal\">Close</button> </div> </div> </div> </div> </div> <script type=\"text/javascript\">\" missing \"item\" attribute\" in \"/home/rohit/Projects/user-management/src/Naukri/JobPostingGatewayBundle/Resources/views/Default/index.html.tpl\" at /home/rohit/Projects/user-management/vendor/noiselabs/smarty-bundle/NoiseLabs/Bundle/SmartyBundle/Exception/AbstractException.php:89, SmartyCompilerException(code: 0): Syntax error in template \"file:/home/rohit/Projects/user-management/src/Naukri/JobPostingGatewayBundle/Resources/views/Default/index.html.tpl\"  on line 29 \"</script> <div id=\"root\" class=\"container-fluid\"> <h1>Manage your users</h1> <blockquote>Groups</blockquote> <div class=\"row\"> <div class=\"col-md-6\"> <h3>Create new group</h3> <form name=\"group\" id=\"groupForm\"> <input type=\"text\" name=\"name\" placeholder=\"Enter group name\" required id=\"group\"> <button class=\"btn btn-md btn-primary\" id=\"createGroup\" type=\"submit\">Create</button> </form> </div> <div class=\"col-md-6\"> <h3>Your groups</h3> ~foreach from=$groups key=id item=group` <li>~$group.name` ~if $group.active eq 'N'`(Inactive)~/if`<a href=\"javascript:void(0)\" class=\"label label-sm label-danger\" onclick=\"deleteGroup(~$group.id`)\">Delete</a></li> ~/foreach` </div> </div> <br/><br/><br/><hr/><br/><br/> <blockquote>Users</blockquote> <div class=\"row\"> <div class=\"col-md-6\"> <h3>Create new user</h3> <form name=\"user\" id=\"userForm\"> <input type=\"text\" name=\"name\" placeholder=\"Enter user name\" id=\"user\" required> <button type=\"submit\" class=\"btn btn-md btn-primary\" id=\"createUser\">Create</button> </form> </div> <div class=\"col-md-6\"> <h3>Your users</h3> ~foreach from=$users key=id item=user` <li>~$user.name` ~if $user.active eq 'N'`(Inactive)~/if` <a href=\"javascript:void(0)\" class=\"label label-sm label-danger\" onclick=\"deleteUser(~$user.id`)\">Delete</a> <a href=\"javascript:void(0)\" class=\"label label-sm label-primary\" data-toggle=\"modal\" data-target=\"#assignGroupModal\" onclick=\"assignGroup(~$user.id`)\">Assign Group</a> <br/> ~assign var=cnt value=\"0\"` ~foreach from=$assignedGroups.id` key=userId item=mapping` ~$userId|@var_dump` ~$user.id|@var_dump` ~$cnt|@var_dump` ~if $userId eq $user.id`<a href=\"javascript:void(0)\" class=\"label label-xs label-default\" onclick=\"removeGroup(~$user.id`, ~$mapping[$cnt].id`)\">~$mapping[$cnt].name` &times;</a>~/if` ~assign var=cnt value=$cnt+1` ~/foreach` </li> <br/> ~/foreach` </div> </div> <div id=\"assignGroupModal\" class=\"modal fade\" role=\"dialog\"> <div class=\"modal-dialog\"> <div class=\"modal-content\"> <form name=\"assignGroup\" id=\"assignGroupForm\"> <div class=\"modal-header\"> <button type=\"button\" class=\"close\" data-dismiss=\"modal\">&times;</button> <h4 class=\"modal-title\">Assign group</h4> </div> <div class=\"modal-body\"> <div class=\"form-group\"> <label for=\"userItem\">Select user:</label> <select class=\"form-control\" id=\"userItem\" name=\"user\" required> ~foreach from=$users key=id item=user` <option value=\"~$user.id`\" ~if $user.active eq 'N'`disabled~/if`>~$user.name`~if $group.active eq 'N'`(Inactive)~/if`</option> ~/foreach` </select> </div> <div class=\"form-group\"> <label for=\"groupItem\">Select groups (Press Ctrl to select multiple values):</label> <select multiple class=\"form-control\" id=\"groupItem\" required name=\"groups\"> ~foreach from=$groups key=id item=group` <option value=\"~$group.id`\" ~if $group.active eq 'N'`disabled~/if`>~$group.name`~if $group.active eq 'N'`(Inactive)~/if`</option> ~/foreach` </select> </div> <button type=\"submit\" class=\"btn btn-md btn-primary\" id=\"assignGroup\">Assign</button> </div> </form> <div class=\"modal-footer\"> <button type=\"button\" class=\"btn btn-default\" data-dismiss=\"modal\">Close</button> </div> </div> </div> </div> </div> <script type=\"text/javascript\">\" missing \"item\" attribute at /home/rohit/Projects/user-management/vendor/smarty/smarty/libs/sysplugins/smarty_internal_templatecompilerbase.php:29)"} []
[2019-03-31 22:13:27] request.CRITICAL: Uncaught PHP Exception NoiseLabs\Bundle\SmartyBundle\Exception\RuntimeException: ""Syntax error in template "file:/home/rohit/Projects/user-management/src/Naukri/JobPostingGatewayBundle/Resources/views/Default/index.html.tpl"  on line 29 "</script> <div id="root" class="container-fluid"> <h1>Manage your users</h1> <blockquote>Groups</blockquote> <div class="row"> <div class="col-md-6"> <h3>Create new group</h3> <form name="group" id="groupForm"> <input type="text" name="name" placeholder="Enter group name" required id="group"> <button class="btn btn-md btn-primary" id="createGroup" type="submit">Create</button> </form> </div> <div class="col-md-6"> <h3>Your groups</h3> ~foreach from=$groups key=id item=group` <li>~$group.name` ~if $group.active eq 'N'`(Inactive)~/if`<a href="javascript:void(0)" class="label label-sm label-danger" onclick="deleteGroup(~$group.id`)">Delete</a></li> ~/foreach` </div> </div> <br/><br/><br/><hr/><br/><br/> <blockquote>Users</blockquote> <div class="row"> <div class="col-md-6"> <h3>Create new user</h3> <form name="user" id="userForm"> <input type="text" name="name" placeholder="Enter user name" id="user" required> <button type="submit" class="btn btn-md btn-primary" id="createUser">Create</button> </form> </div> <div class="col-md-6"> <h3>Your users</h3> ~foreach from=$users key=id item=user` <li>~$user.name` ~if $user.active eq 'N'`(Inactive)~/if` <a href="javascript:void(0)" class="label label-sm label-danger" onclick="deleteUser(~$user.id`)">Delete</a> <a href="javascript:void(0)" class="label label-sm label-primary" data-toggle="modal" data-target="#assignGroupModal" onclick="assignGroup(~$user.id`)">Assign Group</a> <br/> ~assign var=cnt value="0"` ~assign var=assigned value=$assignedGroups.{id}` ~foreach from=$assigned` key=userId item=mapping` ~$userId|@var_dump` ~$user.id|@var_dump` ~$cnt|@var_dump` ~if $userId eq $user.id`<a href="javascript:void(0)" class="label label-xs label-default" onclick="removeGroup(~$user.id`, ~$mapping[$cnt].id`)">~$mapping[$cnt].name` </a>~/if` ~assign var=cnt value=$cnt+1` ~/foreach` </li> <br/> ~/foreach` </div> </div> <div id="assignGroupModal" class="modal fade" role="dialog"> <div class="modal-dialog"> <div class="modal-content"> <form name="assignGroup" id="assignGroupForm"> <div class="modal-header"> <button type="button" class="close" data-dismiss="modal"></button> <h4 class="modal-title">Assign group</h4> </div> <div class="modal-body"> <div class="form-group"> <label for="userItem">Select user:</label> <select class="form-control" id="userItem" name="user" required> ~foreach from=$users key=id item=user` <option value="~$user.id`" ~if $user.active eq 'N'`disabled~/if`>~$user.name`~if $group.active eq 'N'`(Inactive)~/if`</option> ~/foreach` </select> </div> <div class="form-group"> <label for="groupItem">Select groups (Press Ctrl to select multiple values):</label> <select multiple class="form-control" id="groupItem" required name="groups"> ~foreach from=$groups key=id item=group` <option value="~$group.id`" ~if $group.active eq 'N'`disabled~/if`>~$group.name`~if $group.active eq 'N'`(Inactive)~/if`</option> ~/foreach` </select> </div> <button type="submit" class="btn btn-md btn-primary" id="assignGroup">Assign</button> </div> </form> <div class="modal-footer"> <button type="button" class="btn btn-default" data-dismiss="modal">Close</button> </div> </div> </div> </div> </div> <script type="text/javascript">"  - Unexpected "{"" in "/home/rohit/Projects/user-management/src/Naukri/JobPostingGatewayBundle/Resources/views/Default/index.html.tpl"" at /home/rohit/Projects/user-management/vendor/noiselabs/smarty-bundle/NoiseLabs/Bundle/SmartyBundle/Exception/AbstractException.php line 89 {"exception":"[object] (NoiseLabs\\Bundle\\SmartyBundle\\Exception\\RuntimeException(code: 0): \"Syntax error in template \"file:/home/rohit/Projects/user-management/src/Naukri/JobPostingGatewayBundle/Resources/views/Default/index.html.tpl\"  on line 29 \"</script> <div id=\"root\" class=\"container-fluid\"> <h1>Manage your users</h1> <blockquote>Groups</blockquote> <div class=\"row\"> <div class=\"col-md-6\"> <h3>Create new group</h3> <form name=\"group\" id=\"groupForm\"> <input type=\"text\" name=\"name\" placeholder=\"Enter group name\" required id=\"group\"> <button class=\"btn btn-md btn-primary\" id=\"createGroup\" type=\"submit\">Create</button> </form> </div> <div class=\"col-md-6\"> <h3>Your groups</h3> ~foreach from=$groups key=id item=group` <li>~$group.name` ~if $group.active eq 'N'`(Inactive)~/if`<a href=\"javascript:void(0)\" class=\"label label-sm label-danger\" onclick=\"deleteGroup(~$group.id`)\">Delete</a></li> ~/foreach` </div> </div> <br/><br/><br/><hr/><br/><br/> <blockquote>Users</blockquote> <div class=\"row\"> <div class=\"col-md-6\"> <h3>Create new user</h3> <form name=\"user\" id=\"userForm\"> <input type=\"text\" name=\"name\" placeholder=\"Enter user name\" id=\"user\" required> <button type=\"submit\" class=\"btn btn-md btn-primary\" id=\"createUser\">Create</button> </form> </div> <div class=\"col-md-6\"> <h3>Your users</h3> ~foreach from=$users key=id item=user` <li>~$user.name` ~if $user.active eq 'N'`(Inactive)~/if` <a href=\"javascript:void(0)\" class=\"label label-sm label-danger\" onclick=\"deleteUser(~$user.id`)\">Delete</a> <a href=\"javascript:void(0)\" class=\"label label-sm label-primary\" data-toggle=\"modal\" data-target=\"#assignGroupModal\" onclick=\"assignGroup(~$user.id`)\">Assign Group</a> <br/> ~assign var=cnt value=\"0\"` ~assign var=assigned value=$assignedGroups.{id}` ~foreach from=$assigned` key=userId item=mapping` ~$userId|@var_dump` ~$user.id|@var_dump` ~$cnt|@var_dump` ~if $userId eq $user.id`<a href=\"javascript:void(0)\" class=\"label label-xs label-default\" onclick=\"removeGroup(~$user.id`, ~$mapping[$cnt].id`)\">~$mapping[$cnt].name` </a>~/if` ~assign var=cnt value=$cnt+1` ~/foreach` </li> <br/> ~/foreach` </div> </div> <div id=\"assignGroupModal\" class=\"modal fade\" role=\"dialog\"> <div class=\"modal-dialog\"> <div class=\"modal-content\"> <form name=\"assignGroup\" id=\"assignGroupForm\"> <div class=\"modal-header\"> <button type=\"button\" class=\"close\" data-dismiss=\"modal\"></button> <h4 class=\"modal-title\">Assign group</h4> </div> <div class=\"modal-body\"> <div class=\"form-group\"> <label for=\"userItem\">Select user:</label> <select class=\"form-control\" id=\"userItem\" name=\"user\" required> ~foreach from=$users key=id item=user` <option value=\"~$user.id`\" ~if $user.active eq 'N'`disabled~/if`>~$user.name`~if $group.active eq 'N'`(Inactive)~/if`</option> ~/foreach` </select> </div> <div class=\"form-group\"> <label for=\"groupItem\">Select groups (Press Ctrl to select multiple values):</label> <select multiple class=\"form-control\" id=\"groupItem\" required name=\"groups\"> ~foreach from=$groups key=id item=group` <option value=\"~$group.id`\" ~if $group.active eq 'N'`disabled~/if`>~$group.name`~if $group.active eq 'N'`(Inactive)~/if`</option> ~/foreach` </select> </div> <button type=\"submit\" class=\"btn btn-md btn-primary\" id=\"assignGroup\">Assign</button> </div> </form> <div class=\"modal-footer\"> <button type=\"button\" class=\"btn btn-default\" data-dismiss=\"modal\">Close</button> </div> </div> </div> </div> </div> <script type=\"text/javascript\">\"  - Unexpected \"{\"\" in \"/home/rohit/Projects/user-management/src/Naukri/JobPostingGatewayBundle/Resources/views/Default/index.html.tpl\" at /home/rohit/Projects/user-management/vendor/noiselabs/smarty-bundle/NoiseLabs/Bundle/SmartyBundle/Exception/AbstractException.php:89, SmartyCompilerException(code: 0): Syntax error in template \"file:/home/rohit/Projects/user-management/src/Naukri/JobPostingGatewayBundle/Resources/views/Default/index.html.tpl\"  on line 29 \"</script> <div id=\"root\" class=\"container-fluid\"> <h1>Manage your users</h1> <blockquote>Groups</blockquote> <div class=\"row\"> <div class=\"col-md-6\"> <h3>Create new group</h3> <form name=\"group\" id=\"groupForm\"> <input type=\"text\" name=\"name\" placeholder=\"Enter group name\" required id=\"group\"> <button class=\"btn btn-md btn-primary\" id=\"createGroup\" type=\"submit\">Create</button> </form> </div> <div class=\"col-md-6\"> <h3>Your groups</h3> ~foreach from=$groups key=id item=group` <li>~$group.name` ~if $group.active eq 'N'`(Inactive)~/if`<a href=\"javascript:void(0)\" class=\"label label-sm label-danger\" onclick=\"deleteGroup(~$group.id`)\">Delete</a></li> ~/foreach` </div> </div> <br/><br/><br/><hr/><br/><br/> <blockquote>Users</blockquote> <div class=\"row\"> <div class=\"col-md-6\"> <h3>Create new user</h3> <form name=\"user\" id=\"userForm\"> <input type=\"text\" name=\"name\" placeholder=\"Enter user name\" id=\"user\" required> <button type=\"submit\" class=\"btn btn-md btn-primary\" id=\"createUser\">Create</button> </form> </div> <div class=\"col-md-6\"> <h3>Your users</h3> ~foreach from=$users key=id item=user` <li>~$user.name` ~if $user.active eq 'N'`(Inactive)~/if` <a href=\"javascript:void(0)\" class=\"label label-sm label-danger\" onclick=\"deleteUser(~$user.id`)\">Delete</a> <a href=\"javascript:void(0)\" class=\"label label-sm label-primary\" data-toggle=\"modal\" data-target=\"#assignGroupModal\" onclick=\"assignGroup(~$user.id`)\">Assign Group</a> <br/> ~assign var=cnt value=\"0\"` ~assign var=assigned value=$assignedGroups.{id}` ~foreach from=$assigned` key=userId item=mapping` ~$userId|@var_dump` ~$user.id|@var_dump` ~$cnt|@var_dump` ~if $userId eq $user.id`<a href=\"javascript:void(0)\" class=\"label label-xs label-default\" onclick=\"removeGroup(~$user.id`, ~$mapping[$cnt].id`)\">~$mapping[$cnt].name` &times;</a>~/if` ~assign var=cnt value=$cnt+1` ~/foreach` </li> <br/> ~/foreach` </div> </div> <div id=\"assignGroupModal\" class=\"modal fade\" role=\"dialog\"> <div class=\"modal-dialog\"> <div class=\"modal-content\"> <form name=\"assignGroup\" id=\"assignGroupForm\"> <div class=\"modal-header\"> <button type=\"button\" class=\"close\" data-dismiss=\"modal\">&times;</button> <h4 class=\"modal-title\">Assign group</h4> </div> <div class=\"modal-body\"> <div class=\"form-group\"> <label for=\"userItem\">Select user:</label> <select class=\"form-control\" id=\"userItem\" name=\"user\" required> ~foreach from=$users key=id item=user` <option value=\"~$user.id`\" ~if $user.active eq 'N'`disabled~/if`>~$user.name`~if $group.active eq 'N'`(Inactive)~/if`</option> ~/foreach` </select> </div> <div class=\"form-group\"> <label for=\"groupItem\">Select groups (Press Ctrl to select multiple values):</label> <select multiple class=\"form-control\" id=\"groupItem\" required name=\"groups\"> ~foreach from=$groups key=id item=group` <option value=\"~$group.id`\" ~if $group.active eq 'N'`disabled~/if`>~$group.name`~if $group.active eq 'N'`(Inactive)~/if`</option> ~/foreach` </select> </div> <button type=\"submit\" class=\"btn btn-md btn-primary\" id=\"assignGroup\">Assign</button> </div> </form> <div class=\"modal-footer\"> <button type=\"button\" class=\"btn btn-default\" data-dismiss=\"modal\">Close</button> </div> </div> </div> </div> </div> <script type=\"text/javascript\">\"  - Unexpected \"{\" at /home/rohit/Projects/user-management/vendor/smarty/smarty/libs/sysplugins/smarty_internal_templatecompilerbase.php:29)"} []
[2019-03-31 22:14:48] request.CRITICAL: Uncaught PHP Exception NoiseLabs\Bundle\SmartyBundle\Exception\RuntimeException: ""Syntax error in template "file:/home/rohit/Projects/user-management/src/Naukri/JobPostingGatewayBundle/Resources/views/Default/index.html.tpl"  on line 29 "</script> <div id="root" class="container-fluid"> <h1>Manage your users</h1> <blockquote>Groups</blockquote> <div class="row"> <div class="col-md-6"> <h3>Create new group</h3> <form name="group" id="groupForm"> <input type="text" name="name" placeholder="Enter group name" required id="group"> <button class="btn btn-md btn-primary" id="createGroup" type="submit">Create</button> </form> </div> <div class="col-md-6"> <h3>Your groups</h3> ~foreach from=$groups key=id item=group` <li>~$group.name` ~if $group.active eq 'N'`(Inactive)~/if`<a href="javascript:void(0)" class="label label-sm label-danger" onclick="deleteGroup(~$group.id`)">Delete</a></li> ~/foreach` </div> </div> <br/><br/><br/><hr/><br/><br/> <blockquote>Users</blockquote> <div class="row"> <div class="col-md-6"> <h3>Create new user</h3> <form name="user" id="userForm"> <input type="text" name="name" placeholder="Enter user name" id="user" required> <button type="submit" class="btn btn-md btn-primary" id="createUser">Create</button> </form> </div> <div class="col-md-6"> <h3>Your users</h3> ~foreach from=$users key=id item=user` <li>~$user.name` ~if $user.active eq 'N'`(Inactive)~/if` <a href="javascript:void(0)" class="label label-sm label-danger" onclick="deleteUser(~$user.id`)">Delete</a> <a href="javascript:void(0)" class="label label-sm label-primary" data-toggle="modal" data-target="#assignGroupModal" onclick="assignGroup(~$user.id`)">Assign Group</a> <br/> ~assign var=cnt value="0"` ~assign var=assigned value=$assignedGroups.$id` ~foreach from=$assigned` key=userId item=mapping` ~$userId|@var_dump` ~$user.id|@var_dump` ~$cnt|@var_dump` ~if $userId eq $user.id`<a href="javascript:void(0)" class="label label-xs label-default" onclick="removeGroup(~$user.id`, ~$mapping[$cnt].id`)">~$mapping[$cnt].name` </a>~/if` ~assign var=cnt value=$cnt+1` ~/foreach` </li> <br/> ~/foreach` </div> </div> <div id="assignGroupModal" class="modal fade" role="dialog"> <div class="modal-dialog"> <div class="modal-content"> <form name="assignGroup" id="assignGroupForm"> <div class="modal-header"> <button type="button" class="close" data-dismiss="modal"></button> <h4 class="modal-title">Assign group</h4> </div> <div class="modal-body"> <div class="form-group"> <label for="userItem">Select user:</label> <select class="form-control" id="userItem" name="user" required> ~foreach from=$users key=id item=user` <option value="~$user.id`" ~if $user.active eq 'N'`disabled~/if`>~$user.name`~if $group.active eq 'N'`(Inactive)~/if`</option> ~/foreach` </select> </div> <div class="form-group"> <label for="groupItem">Select groups (Press Ctrl to select multiple values):</label> <select multiple class="form-control" id="groupItem" required name="groups"> ~foreach from=$groups key=id item=group` <option value="~$group.id`" ~if $group.active eq 'N'`disabled~/if`>~$group.name`~if $group.active eq 'N'`(Inactive)~/if`</option> ~/foreach` </select> </div> <button type="submit" class="btn btn-md btn-primary" id="assignGroup">Assign</button> </div> </form> <div class="modal-footer"> <button type="button" class="btn btn-default" data-dismiss="modal">Close</button> </div> </div> </div> </div> </div> <script type="text/javascript">" missing "item" attribute" in "/home/rohit/Projects/user-management/src/Naukri/JobPostingGatewayBundle/Resources/views/Default/index.html.tpl"" at /home/rohit/Projects/user-management/vendor/noiselabs/smarty-bundle/NoiseLabs/Bundle/SmartyBundle/Exception/AbstractException.php line 89 {"exception":"[object] (NoiseLabs\\Bundle\\SmartyBundle\\Exception\\RuntimeException(code: 0): \"Syntax error in template \"file:/home/rohit/Projects/user-management/src/Naukri/JobPostingGatewayBundle/Resources/views/Default/index.html.tpl\"  on line 29 \"</script> <div id=\"root\" class=\"container-fluid\"> <h1>Manage your users</h1> <blockquote>Groups</blockquote> <div class=\"row\"> <div class=\"col-md-6\"> <h3>Create new group</h3> <form name=\"group\" id=\"groupForm\"> <input type=\"text\" name=\"name\" placeholder=\"Enter group name\" required id=\"group\"> <button class=\"btn btn-md btn-primary\" id=\"createGroup\" type=\"submit\">Create</button> </form> </div> <div class=\"col-md-6\"> <h3>Your groups</h3> ~foreach from=$groups key=id item=group` <li>~$group.name` ~if $group.active eq 'N'`(Inactive)~/if`<a href=\"javascript:void(0)\" class=\"label label-sm label-danger\" onclick=\"deleteGroup(~$group.id`)\">Delete</a></li> ~/foreach` </div> </div> <br/><br/><br/><hr/><br/><br/> <blockquote>Users</blockquote> <div class=\"row\"> <div class=\"col-md-6\"> <h3>Create new user</h3> <form name=\"user\" id=\"userForm\"> <input type=\"text\" name=\"name\" placeholder=\"Enter user name\" id=\"user\" required> <button type=\"submit\" class=\"btn btn-md btn-primary\" id=\"createUser\">Create</button> </form> </div> <div class=\"col-md-6\"> <h3>Your users</h3> ~foreach from=$users key=id item=user` <li>~$user.name` ~if $user.active eq 'N'`(Inactive)~/if` <a href=\"javascript:void(0)\" class=\"label label-sm label-danger\" onclick=\"deleteUser(~$user.id`)\">Delete</a> <a href=\"javascript:void(0)\" class=\"label label-sm label-primary\" data-toggle=\"modal\" data-target=\"#assignGroupModal\" onclick=\"assignGroup(~$user.id`)\">Assign Group</a> <br/> ~assign var=cnt value=\"0\"` ~assign var=assigned value=$assignedGroups.$id` ~foreach from=$assigned` key=userId item=mapping` ~$userId|@var_dump` ~$user.id|@var_dump` ~$cnt|@var_dump` ~if $userId eq $user.id`<a href=\"javascript:void(0)\" class=\"label label-xs label-default\" onclick=\"removeGroup(~$user.id`, ~$mapping[$cnt].id`)\">~$mapping[$cnt].name` </a>~/if` ~assign var=cnt value=$cnt+1` ~/foreach` </li> <br/> ~/foreach` </div> </div> <div id=\"assignGroupModal\" class=\"modal fade\" role=\"dialog\"> <div class=\"modal-dialog\"> <div class=\"modal-content\"> <form name=\"assignGroup\" id=\"assignGroupForm\"> <div class=\"modal-header\"> <button type=\"button\" class=\"close\" data-dismiss=\"modal\"></button> <h4 class=\"modal-title\">Assign group</h4> </div> <div class=\"modal-body\"> <div class=\"form-group\"> <label for=\"userItem\">Select user:</label> <select class=\"form-control\" id=\"userItem\" name=\"user\" required> ~foreach from=$users key=id item=user` <option value=\"~$user.id`\" ~if $user.active eq 'N'`disabled~/if`>~$user.name`~if $group.active eq 'N'`(Inactive)~/if`</option> ~/foreach` </select> </div> <div class=\"form-group\"> <label for=\"groupItem\">Select groups (Press Ctrl to select multiple values):</label> <select multiple class=\"form-control\" id=\"groupItem\" required name=\"groups\"> ~foreach from=$groups key=id item=group` <option value=\"~$group.id`\" ~if $group.active eq 'N'`disabled~/if`>~$group.name`~if $group.active eq 'N'`(Inactive)~/if`</option> ~/foreach` </select> </div> <button type=\"submit\" class=\"btn btn-md btn-primary\" id=\"assignGroup\">Assign</button> </div> </form> <div class=\"modal-footer\"> <button type=\"button\" class=\"btn btn-default\" data-dismiss=\"modal\">Close</button> </div> </div> </div> </div> </div> <script type=\"text/javascript\">\" missing \"item\" attribute\" in \"/home/rohit/Projects/user-management/src/Naukri/JobPostingGatewayBundle/Resources/views/Default/index.html.tpl\" at /home/rohit/Projects/user-management/vendor/noiselabs/smarty-bundle/NoiseLabs/Bundle/SmartyBundle/Exception/AbstractException.php:89, SmartyCompilerException(code: 0): Syntax error in template \"file:/home/rohit/Projects/user-management/src/Naukri/JobPostingGatewayBundle/Resources/views/Default/index.html.tpl\"  on line 29 \"</script> <div id=\"root\" class=\"container-fluid\"> <h1>Manage your users</h1> <blockquote>Groups</blockquote> <div class=\"row\"> <div class=\"col-md-6\"> <h3>Create new group</h3> <form name=\"group\" id=\"groupForm\"> <input type=\"text\" name=\"name\" placeholder=\"Enter group name\" required id=\"group\"> <button class=\"btn btn-md btn-primary\" id=\"createGroup\" type=\"submit\">Create</button> </form> </div> <div class=\"col-md-6\"> <h3>Your groups</h3> ~foreach from=$groups key=id item=group` <li>~$group.name` ~if $group.active eq 'N'`(Inactive)~/if`<a href=\"javascript:void(0)\" class=\"label label-sm label-danger\" onclick=\"deleteGroup(~$group.id`)\">Delete</a></li> ~/foreach` </div> </div> <br/><br/><br/><hr/><br/><br/> <blockquote>Users</blockquote> <div class=\"row\"> <div class=\"col-md-6\"> <h3>Create new user</h3> <form name=\"user\" id=\"userForm\"> <input type=\"text\" name=\"name\" placeholder=\"Enter user name\" id=\"user\" required> <button type=\"submit\" class=\"btn btn-md btn-primary\" id=\"createUser\">Create</button> </form> </div> <div class=\"col-md-6\"> <h3>Your users</h3> ~foreach from=$users key=id item=user` <li>~$user.name` ~if $user.active eq 'N'`(Inactive)~/if` <a href=\"javascript:void(0)\" class=\"label label-sm label-danger\" onclick=\"deleteUser(~$user.id`)\">Delete</a> <a href=\"javascript:void(0)\" class=\"label label-sm label-primary\" data-toggle=\"modal\" data-target=\"#assignGroupModal\" onclick=\"assignGroup(~$user.id`)\">Assign Group</a> <br/> ~assign var=cnt value=\"0\"` ~assign var=assigned value=$assignedGroups.$id` ~foreach from=$assigned` key=userId item=mapping` ~$userId|@var_dump` ~$user.id|@var_dump` ~$cnt|@var_dump` ~if $userId eq $user.id`<a href=\"javascript:void(0)\" class=\"label label-xs label-default\" onclick=\"removeGroup(~$user.id`, ~$mapping[$cnt].id`)\">~$mapping[$cnt].name` &times;</a>~/if` ~assign var=cnt value=$cnt+1` ~/foreach` </li> <br/> ~/foreach` </div> </div> <div id=\"assignGroupModal\" class=\"modal fade\" role=\"dialog\"> <div class=\"modal-dialog\"> <div class=\"modal-content\"> <form name=\"assignGroup\" id=\"assignGroupForm\"> <div class=\"modal-header\"> <button type=\"button\" class=\"close\" data-dismiss=\"modal\">&times;</button> <h4 class=\"modal-title\">Assign group</h4> </div> <div class=\"modal-body\"> <div class=\"form-group\"> <label for=\"userItem\">Select user:</label> <select class=\"form-control\" id=\"userItem\" name=\"user\" required> ~foreach from=$users key=id item=user` <option value=\"~$user.id`\" ~if $user.active eq 'N'`disabled~/if`>~$user.name`~if $group.active eq 'N'`(Inactive)~/if`</option> ~/foreach` </select> </div> <div class=\"form-group\"> <label for=\"groupItem\">Select groups (Press Ctrl to select multiple values):</label> <select multiple class=\"form-control\" id=\"groupItem\" required name=\"groups\"> ~foreach from=$groups key=id item=group` <option value=\"~$group.id`\" ~if $group.active eq 'N'`disabled~/if`>~$group.name`~if $group.active eq 'N'`(Inactive)~/if`</option> ~/foreach` </select> </div> <button type=\"submit\" class=\"btn btn-md btn-primary\" id=\"assignGroup\">Assign</button> </div> </form> <div class=\"modal-footer\"> <button type=\"button\" class=\"btn btn-default\" data-dismiss=\"modal\">Close</button> </div> </div> </div> </div> </div> <script type=\"text/javascript\">\" missing \"item\" attribute at /home/rohit/Projects/user-management/vendor/smarty/smarty/libs/sysplugins/smarty_internal_templatecompilerbase.php:29)"} []
[2019-03-31 22:16:50] request.CRITICAL: Uncaught PHP Exception NoiseLabs\Bundle\SmartyBundle\Exception\RuntimeException: ""Syntax error in template "file:/home/rohit/Projects/user-management/src/Naukri/JobPostingGatewayBundle/Resources/views/Default/index.html.tpl"  on line 29 "</script> <div id="root" class="container-fluid"> <h1>Manage your users</h1> <blockquote>Groups</blockquote> <div class="row"> <div class="col-md-6"> <h3>Create new group</h3> <form name="group" id="groupForm"> <input type="text" name="name" placeholder="Enter group name" required id="group"> <button class="btn btn-md btn-primary" id="createGroup" type="submit">Create</button> </form> </div> <div class="col-md-6"> <h3>Your groups</h3> ~foreach from=$groups key=id item=group` <li>~$group.name` ~if $group.active eq 'N'`(Inactive)~/if`<a href="javascript:void(0)" class="label label-sm label-danger" onclick="deleteGroup(~$group.id`)">Delete</a></li> ~/foreach` </div> </div> <br/><br/><br/><hr/><br/><br/> <blockquote>Users</blockquote> <div class="row"> <div class="col-md-6"> <h3>Create new user</h3> <form name="user" id="userForm"> <input type="text" name="name" placeholder="Enter user name" id="user" required> <button type="submit" class="btn btn-md btn-primary" id="createUser">Create</button> </form> </div> <div class="col-md-6"> <h3>Your users</h3> ~foreach from=$users key=id item=user` <li>~$user.name` ~if $user.active eq 'N'`(Inactive)~/if` <a href="javascript:void(0)" class="label label-sm label-danger" onclick="deleteUser(~$user.id`)">Delete</a> <a href="javascript:void(0)" class="label label-sm label-primary" data-toggle="modal" data-target="#assignGroupModal" onclick="assignGroup(~$user.id`)">Assign Group</a> <br/> ~assign var=cnt value="0"` ~foreach from=$assigned` key=userId item=mapping` ~$userId|@var_dump` ~$user.id|@var_dump` ~$cnt|@var_dump` ~if $userId eq $user.id`<a href="javascript:void(0)" class="label label-xs label-default" onclick="removeGroup(~$user.id`, ~$mapping[$cnt].id`)">~$mapping[$cnt].name` </a>~/if` ~assign var=cnt value=$cnt+1` ~/foreach` </li> <br/> ~/foreach` </div> </div> <div id="assignGroupModal" class="modal fade" role="dialog"> <div class="modal-dialog"> <div class="modal-content"> <form name="assignGroup" id="assignGroupForm"> <div class="modal-header"> <button type="button" class="close" data-dismiss="modal"></button> <h4 class="modal-title">Assign group</h4> </div> <div class="modal-body"> <div class="form-group"> <label for="userItem">Select user:</label> <select class="form-control" id="userItem" name="user" required> ~foreach from=$users key=id item=user` <option value="~$user.id`" ~if $user.active eq 'N'`disabled~/if`>~$user.name`~if $group.active eq 'N'`(Inactive)~/if`</option> ~/foreach` </select> </div> <div class="form-group"> <label for="groupItem">Select groups (Press Ctrl to select multiple values):</label> <select multiple class="form-control" id="groupItem" required name="groups"> ~foreach from=$groups key=id item=group` <option value="~$group.id`" ~if $group.active eq 'N'`disabled~/if`>~$group.name`~if $group.active eq 'N'`(Inactive)~/if`</option> ~/foreach` </select> </div> <button type="submit" class="btn btn-md btn-primary" id="assignGroup">Assign</button> </div> </form> <div class="modal-footer"> <button type="button" class="btn btn-default" data-dismiss="modal">Close</button> </div> </div> </div> </div> </div> <script type="text/javascript">" missing "item" attribute" in "/home/rohit/Projects/user-management/src/Naukri/JobPostingGatewayBundle/Resources/views/Default/index.html.tpl"" at /home/rohit/Projects/user-management/vendor/noiselabs/smarty-bundle/NoiseLabs/Bundle/SmartyBundle/Exception/AbstractException.php line 89 {"exception":"[object] (NoiseLabs\\Bundle\\SmartyBundle\\Exception\\RuntimeException(code: 0): \"Syntax error in template \"file:/home/rohit/Projects/user-management/src/Naukri/JobPostingGatewayBundle/Resources/views/Default/index.html.tpl\"  on line 29 \"</script> <div id=\"root\" class=\"container-fluid\"> <h1>Manage your users</h1> <blockquote>Groups</blockquote> <div class=\"row\"> <div class=\"col-md-6\"> <h3>Create new group</h3> <form name=\"group\" id=\"groupForm\"> <input type=\"text\" name=\"name\" placeholder=\"Enter group name\" required id=\"group\"> <button class=\"btn btn-md btn-primary\" id=\"createGroup\" type=\"submit\">Create</button> </form> </div> <div class=\"col-md-6\"> <h3>Your groups</h3> ~foreach from=$groups key=id item=group` <li>~$group.name` ~if $group.active eq 'N'`(Inactive)~/if`<a href=\"javascript:void(0)\" class=\"label label-sm label-danger\" onclick=\"deleteGroup(~$group.id`)\">Delete</a></li> ~/foreach` </div> </div> <br/><br/><br/><hr/><br/><br/> <blockquote>Users</blockquote> <div class=\"row\"> <div class=\"col-md-6\"> <h3>Create new user</h3> <form name=\"user\" id=\"userForm\"> <input type=\"text\" name=\"name\" placeholder=\"Enter user name\" id=\"user\" required> <button type=\"submit\" class=\"btn btn-md btn-primary\" id=\"createUser\">Create</button> </form> </div> <div class=\"col-md-6\"> <h3>Your users</h3> ~foreach from=$users key=id item=user` <li>~$user.name` ~if $user.active eq 'N'`(Inactive)~/if` <a href=\"javascript:void(0)\" class=\"label label-sm label-danger\" onclick=\"deleteUser(~$user.id`)\">Delete</a> <a href=\"javascript:void(0)\" class=\"label label-sm label-primary\" data-toggle=\"modal\" data-target=\"#assignGroupModal\" onclick=\"assignGroup(~$user.id`)\">Assign Group</a> <br/> ~assign var=cnt value=\"0\"` ~foreach from=$assigned` key=userId item=mapping` ~$userId|@var_dump` ~$user.id|@var_dump` ~$cnt|@var_dump` ~if $userId eq $user.id`<a href=\"javascript:void(0)\" class=\"label label-xs label-default\" onclick=\"removeGroup(~$user.id`, ~$mapping[$cnt].id`)\">~$mapping[$cnt].name` </a>~/if` ~assign var=cnt value=$cnt+1` ~/foreach` </li> <br/> ~/foreach` </div> </div> <div id=\"assignGroupModal\" class=\"modal fade\" role=\"dialog\"> <div class=\"modal-dialog\"> <div class=\"modal-content\"> <form name=\"assignGroup\" id=\"assignGroupForm\"> <div class=\"modal-header\"> <button type=\"button\" class=\"close\" data-dismiss=\"modal\"></button> <h4 class=\"modal-title\">Assign group</h4> </div> <div class=\"modal-body\"> <div class=\"form-group\"> <label for=\"userItem\">Select user:</label> <select class=\"form-control\" id=\"userItem\" name=\"user\" required> ~foreach from=$users key=id item=user` <option value=\"~$user.id`\" ~if $user.active eq 'N'`disabled~/if`>~$user.name`~if $group.active eq 'N'`(Inactive)~/if`</option> ~/foreach` </select> </div> <div class=\"form-group\"> <label for=\"groupItem\">Select groups (Press Ctrl to select multiple values):</label> <select multiple class=\"form-control\" id=\"groupItem\" required name=\"groups\"> ~foreach from=$groups key=id item=group` <option value=\"~$group.id`\" ~if $group.active eq 'N'`disabled~/if`>~$group.name`~if $group.active eq 'N'`(Inactive)~/if`</option> ~/foreach` </select> </div> <button type=\"submit\" class=\"btn btn-md btn-primary\" id=\"assignGroup\">Assign</button> </div> </form> <div class=\"modal-footer\"> <button type=\"button\" class=\"btn btn-default\" data-dismiss=\"modal\">Close</button> </div> </div> </div> </div> </div> <script type=\"text/javascript\">\" missing \"item\" attribute\" in \"/home/rohit/Projects/user-management/src/Naukri/JobPostingGatewayBundle/Resources/views/Default/index.html.tpl\" at /home/rohit/Projects/user-management/vendor/noiselabs/smarty-bundle/NoiseLabs/Bundle/SmartyBundle/Exception/AbstractException.php:89, SmartyCompilerException(code: 0): Syntax error in template \"file:/home/rohit/Projects/user-management/src/Naukri/JobPostingGatewayBundle/Resources/views/Default/index.html.tpl\"  on line 29 \"</script> <div id=\"root\" class=\"container-fluid\"> <h1>Manage your users</h1> <blockquote>Groups</blockquote> <div class=\"row\"> <div class=\"col-md-6\"> <h3>Create new group</h3> <form name=\"group\" id=\"groupForm\"> <input type=\"text\" name=\"name\" placeholder=\"Enter group name\" required id=\"group\"> <button class=\"btn btn-md btn-primary\" id=\"createGroup\" type=\"submit\">Create</button> </form> </div> <div class=\"col-md-6\"> <h3>Your groups</h3> ~foreach from=$groups key=id item=group` <li>~$group.name` ~if $group.active eq 'N'`(Inactive)~/if`<a href=\"javascript:void(0)\" class=\"label label-sm label-danger\" onclick=\"deleteGroup(~$group.id`)\">Delete</a></li> ~/foreach` </div> </div> <br/><br/><br/><hr/><br/><br/> <blockquote>Users</blockquote> <div class=\"row\"> <div class=\"col-md-6\"> <h3>Create new user</h3> <form name=\"user\" id=\"userForm\"> <input type=\"text\" name=\"name\" placeholder=\"Enter user name\" id=\"user\" required> <button type=\"submit\" class=\"btn btn-md btn-primary\" id=\"createUser\">Create</button> </form> </div> <div class=\"col-md-6\"> <h3>Your users</h3> ~foreach from=$users key=id item=user` <li>~$user.name` ~if $user.active eq 'N'`(Inactive)~/if` <a href=\"javascript:void(0)\" class=\"label label-sm label-danger\" onclick=\"deleteUser(~$user.id`)\">Delete</a> <a href=\"javascript:void(0)\" class=\"label label-sm label-primary\" data-toggle=\"modal\" data-target=\"#assignGroupModal\" onclick=\"assignGroup(~$user.id`)\">Assign Group</a> <br/> ~assign var=cnt value=\"0\"` ~foreach from=$assigned` key=userId item=mapping` ~$userId|@var_dump` ~$user.id|@var_dump` ~$cnt|@var_dump` ~if $userId eq $user.id`<a href=\"javascript:void(0)\" class=\"label label-xs label-default\" onclick=\"removeGroup(~$user.id`, ~$mapping[$cnt].id`)\">~$mapping[$cnt].name` &times;</a>~/if` ~assign var=cnt value=$cnt+1` ~/foreach` </li> <br/> ~/foreach` </div> </div> <div id=\"assignGroupModal\" class=\"modal fade\" role=\"dialog\"> <div class=\"modal-dialog\"> <div class=\"modal-content\"> <form name=\"assignGroup\" id=\"assignGroupForm\"> <div class=\"modal-header\"> <button type=\"button\" class=\"close\" data-dismiss=\"modal\">&times;</button> <h4 class=\"modal-title\">Assign group</h4> </div> <div class=\"modal-body\"> <div class=\"form-group\"> <label for=\"userItem\">Select user:</label> <select class=\"form-control\" id=\"userItem\" name=\"user\" required> ~foreach from=$users key=id item=user` <option value=\"~$user.id`\" ~if $user.active eq 'N'`disabled~/if`>~$user.name`~if $group.active eq 'N'`(Inactive)~/if`</option> ~/foreach` </select> </div> <div class=\"form-group\"> <label for=\"groupItem\">Select groups (Press Ctrl to select multiple values):</label> <select multiple class=\"form-control\" id=\"groupItem\" required name=\"groups\"> ~foreach from=$groups key=id item=group` <option value=\"~$group.id`\" ~if $group.active eq 'N'`disabled~/if`>~$group.name`~if $group.active eq 'N'`(Inactive)~/if`</option> ~/foreach` </select> </div> <button type=\"submit\" class=\"btn btn-md btn-primary\" id=\"assignGroup\">Assign</button> </div> </form> <div class=\"modal-footer\"> <button type=\"button\" class=\"btn btn-default\" data-dismiss=\"modal\">Close</button> </div> </div> </div> </div> </div> <script type=\"text/javascript\">\" missing \"item\" attribute at /home/rohit/Projects/user-management/vendor/smarty/smarty/libs/sysplugins/smarty_internal_templatecompilerbase.php:29)"} []
[2019-03-31 22:16:59] request.CRITICAL: Uncaught PHP Exception NoiseLabs\Bundle\SmartyBundle\Exception\RuntimeException: ""Syntax error in template "file:/home/rohit/Projects/user-management/src/Naukri/JobPostingGatewayBundle/Resources/views/Default/index.html.tpl"  on line 29 "</script> <div id="root" class="container-fluid"> <h1>Manage your users</h1> <blockquote>Groups</blockquote> <div class="row"> <div class="col-md-6"> <h3>Create new group</h3> <form name="group" id="groupForm"> <input type="text" name="name" placeholder="Enter group name" required id="group"> <button class="btn btn-md btn-primary" id="createGroup" type="submit">Create</button> </form> </div> <div class="col-md-6"> <h3>Your groups</h3> ~foreach from=$groups key=id item=group` <li>~$group.name` ~if $group.active eq 'N'`(Inactive)~/if`<a href="javascript:void(0)" class="label label-sm label-danger" onclick="deleteGroup(~$group.id`)">Delete</a></li> ~/foreach` </div> </div> <br/><br/><br/><hr/><br/><br/> <blockquote>Users</blockquote> <div class="row"> <div class="col-md-6"> <h3>Create new user</h3> <form name="user" id="userForm"> <input type="text" name="name" placeholder="Enter user name" id="user" required> <button type="submit" class="btn btn-md btn-primary" id="createUser">Create</button> </form> </div> <div class="col-md-6"> <h3>Your users</h3> ~foreach from=$users key=id item=user` <li>~$user.name` ~if $user.active eq 'N'`(Inactive)~/if` <a href="javascript:void(0)" class="label label-sm label-danger" onclick="deleteUser(~$user.id`)">Delete</a> <a href="javascript:void(0)" class="label label-sm label-primary" data-toggle="modal" data-target="#assignGroupModal" onclick="assignGroup(~$user.id`)">Assign Group</a> <br/> ~assign var=cnt value="0"` ~foreach from=$assigned` key=userId item=mapping` ~if $userId eq $user.id`<a href="javascript:void(0)" class="label label-xs label-default" onclick="removeGroup(~$user.id`, ~$mapping[$cnt].id`)">~$mapping[$cnt].name` </a>~/if` ~assign var=cnt value=$cnt+1` ~/foreach` </li> <br/> ~/foreach` </div> </div> <div id="assignGroupModal" class="modal fade" role="dialog"> <div class="modal-dialog"> <div class="modal-content"> <form name="assignGroup" id="assignGroupForm"> <div class="modal-header"> <button type="button" class="close" data-dismiss="modal"></button> <h4 class="modal-title">Assign group</h4> </div> <div class="modal-body"> <div class="form-group"> <label for="userItem">Select user:</label> <select class="form-control" id="userItem" name="user" required> ~foreach from=$users key=id item=user` <option value="~$user.id`" ~if $user.active eq 'N'`disabled~/if`>~$user.name`~if $group.active eq 'N'`(Inactive)~/if`</option> ~/foreach` </select> </div> <div class="form-group"> <label for="groupItem">Select groups (Press Ctrl to select multiple values):</label> <select multiple class="form-control" id="groupItem" required name="groups"> ~foreach from=$groups key=id item=group` <option value="~$group.id`" ~if $group.active eq 'N'`disabled~/if`>~$group.name`~if $group.active eq 'N'`(Inactive)~/if`</option> ~/foreach` </select> </div> <button type="submit" class="btn btn-md btn-primary" id="assignGroup">Assign</button> </div> </form> <div class="modal-footer"> <button type="button" class="btn btn-default" data-dismiss="modal">Close</button> </div> </div> </div> </div> </div> <script type="text/javascript">" missing "item" attribute" in "/home/rohit/Projects/user-management/src/Naukri/JobPostingGatewayBundle/Resources/views/Default/index.html.tpl"" at /home/rohit/Projects/user-management/vendor/noiselabs/smarty-bundle/NoiseLabs/Bundle/SmartyBundle/Exception/AbstractException.php line 89 {"exception":"[object] (NoiseLabs\\Bundle\\SmartyBundle\\Exception\\RuntimeException(code: 0): \"Syntax error in template \"file:/home/rohit/Projects/user-management/src/Naukri/JobPostingGatewayBundle/Resources/views/Default/index.html.tpl\"  on line 29 \"</script> <div id=\"root\" class=\"container-fluid\"> <h1>Manage your users</h1> <blockquote>Groups</blockquote> <div class=\"row\"> <div class=\"col-md-6\"> <h3>Create new group</h3> <form name=\"group\" id=\"groupForm\"> <input type=\"text\" name=\"name\" placeholder=\"Enter group name\" required id=\"group\"> <button class=\"btn btn-md btn-primary\" id=\"createGroup\" type=\"submit\">Create</button> </form> </div> <div class=\"col-md-6\"> <h3>Your groups</h3> ~foreach from=$groups key=id item=group` <li>~$group.name` ~if $group.active eq 'N'`(Inactive)~/if`<a href=\"javascript:void(0)\" class=\"label label-sm label-danger\" onclick=\"deleteGroup(~$group.id`)\">Delete</a></li> ~/foreach` </div> </div> <br/><br/><br/><hr/><br/><br/> <blockquote>Users</blockquote> <div class=\"row\"> <div class=\"col-md-6\"> <h3>Create new user</h3> <form name=\"user\" id=\"userForm\"> <input type=\"text\" name=\"name\" placeholder=\"Enter user name\" id=\"user\" required> <button type=\"submit\" class=\"btn btn-md btn-primary\" id=\"createUser\">Create</button> </form> </div> <div class=\"col-md-6\"> <h3>Your users</h3> ~foreach from=$users key=id item=user` <li>~$user.name` ~if $user.active eq 'N'`(Inactive)~/if` <a href=\"javascript:void(0)\" class=\"label label-sm label-danger\" onclick=\"deleteUser(~$user.id`)\">Delete</a> <a href=\"javascript:void(0)\" class=\"label label-sm label-primary\" data-toggle=\"modal\" data-target=\"#assignGroupModal\" onclick=\"assignGroup(~$user.id`)\">Assign Group</a> <br/> ~assign var=cnt value=\"0\"` ~foreach from=$assigned` key=userId item=mapping` ~if $userId eq $user.id`<a href=\"javascript:void(0)\" class=\"label label-xs label-default\" onclick=\"removeGroup(~$user.id`, ~$mapping[$cnt].id`)\">~$mapping[$cnt].name` </a>~/if` ~assign var=cnt value=$cnt+1` ~/foreach` </li> <br/> ~/foreach` </div> </div> <div id=\"assignGroupModal\" class=\"modal fade\" role=\"dialog\"> <div class=\"modal-dialog\"> <div class=\"modal-content\"> <form name=\"assignGroup\" id=\"assignGroupForm\"> <div class=\"modal-header\"> <button type=\"button\" class=\"close\" data-dismiss=\"modal\"></button> <h4 class=\"modal-title\">Assign group</h4> </div> <div class=\"modal-body\"> <div class=\"form-group\"> <label for=\"userItem\">Select user:</label> <select class=\"form-control\" id=\"userItem\" name=\"user\" required> ~foreach from=$users key=id item=user` <option value=\"~$user.id`\" ~if $user.active eq 'N'`disabled~/if`>~$user.name`~if $group.active eq 'N'`(Inactive)~/if`</option> ~/foreach` </select> </div> <div class=\"form-group\"> <label for=\"groupItem\">Select groups (Press Ctrl to select multiple values):</label> <select multiple class=\"form-control\" id=\"groupItem\" required name=\"groups\"> ~foreach from=$groups key=id item=group` <option value=\"~$group.id`\" ~if $group.active eq 'N'`disabled~/if`>~$group.name`~if $group.active eq 'N'`(Inactive)~/if`</option> ~/foreach` </select> </div> <button type=\"submit\" class=\"btn btn-md btn-primary\" id=\"assignGroup\">Assign</button> </div> </form> <div class=\"modal-footer\"> <button type=\"button\" class=\"btn btn-default\" data-dismiss=\"modal\">Close</button> </div> </div> </div> </div> </div> <script type=\"text/javascript\">\" missing \"item\" attribute\" in \"/home/rohit/Projects/user-management/src/Naukri/JobPostingGatewayBundle/Resources/views/Default/index.html.tpl\" at /home/rohit/Projects/user-management/vendor/noiselabs/smarty-bundle/NoiseLabs/Bundle/SmartyBundle/Exception/AbstractException.php:89, SmartyCompilerException(code: 0): Syntax error in template \"file:/home/rohit/Projects/user-management/src/Naukri/JobPostingGatewayBundle/Resources/views/Default/index.html.tpl\"  on line 29 \"</script> <div id=\"root\" class=\"container-fluid\"> <h1>Manage your users</h1> <blockquote>Groups</blockquote> <div class=\"row\"> <div class=\"col-md-6\"> <h3>Create new group</h3> <form name=\"group\" id=\"groupForm\"> <input type=\"text\" name=\"name\" placeholder=\"Enter group name\" required id=\"group\"> <button class=\"btn btn-md btn-primary\" id=\"createGroup\" type=\"submit\">Create</button> </form> </div> <div class=\"col-md-6\"> <h3>Your groups</h3> ~foreach from=$groups key=id item=group` <li>~$group.name` ~if $group.active eq 'N'`(Inactive)~/if`<a href=\"javascript:void(0)\" class=\"label label-sm label-danger\" onclick=\"deleteGroup(~$group.id`)\">Delete</a></li> ~/foreach` </div> </div> <br/><br/><br/><hr/><br/><br/> <blockquote>Users</blockquote> <div class=\"row\"> <div class=\"col-md-6\"> <h3>Create new user</h3> <form name=\"user\" id=\"userForm\"> <input type=\"text\" name=\"name\" placeholder=\"Enter user name\" id=\"user\" required> <button type=\"submit\" class=\"btn btn-md btn-primary\" id=\"createUser\">Create</button> </form> </div> <div class=\"col-md-6\"> <h3>Your users</h3> ~foreach from=$users key=id item=user` <li>~$user.name` ~if $user.active eq 'N'`(Inactive)~/if` <a href=\"javascript:void(0)\" class=\"label label-sm label-danger\" onclick=\"deleteUser(~$user.id`)\">Delete</a> <a href=\"javascript:void(0)\" class=\"label label-sm label-primary\" data-toggle=\"modal\" data-target=\"#assignGroupModal\" onclick=\"assignGroup(~$user.id`)\">Assign Group</a> <br/> ~assign var=cnt value=\"0\"` ~foreach from=$assigned` key=userId item=mapping` ~if $userId eq $user.id`<a href=\"javascript:void(0)\" class=\"label label-xs label-default\" onclick=\"removeGroup(~$user.id`, ~$mapping[$cnt].id`)\">~$mapping[$cnt].name` &times;</a>~/if` ~assign var=cnt value=$cnt+1` ~/foreach` </li> <br/> ~/foreach` </div> </div> <div id=\"assignGroupModal\" class=\"modal fade\" role=\"dialog\"> <div class=\"modal-dialog\"> <div class=\"modal-content\"> <form name=\"assignGroup\" id=\"assignGroupForm\"> <div class=\"modal-header\"> <button type=\"button\" class=\"close\" data-dismiss=\"modal\">&times;</button> <h4 class=\"modal-title\">Assign group</h4> </div> <div class=\"modal-body\"> <div class=\"form-group\"> <label for=\"userItem\">Select user:</label> <select class=\"form-control\" id=\"userItem\" name=\"user\" required> ~foreach from=$users key=id item=user` <option value=\"~$user.id`\" ~if $user.active eq 'N'`disabled~/if`>~$user.name`~if $group.active eq 'N'`(Inactive)~/if`</option> ~/foreach` </select> </div> <div class=\"form-group\"> <label for=\"groupItem\">Select groups (Press Ctrl to select multiple values):</label> <select multiple class=\"form-control\" id=\"groupItem\" required name=\"groups\"> ~foreach from=$groups key=id item=group` <option value=\"~$group.id`\" ~if $group.active eq 'N'`disabled~/if`>~$group.name`~if $group.active eq 'N'`(Inactive)~/if`</option> ~/foreach` </select> </div> <button type=\"submit\" class=\"btn btn-md btn-primary\" id=\"assignGroup\">Assign</button> </div> </form> <div class=\"modal-footer\"> <button type=\"button\" class=\"btn btn-default\" data-dismiss=\"modal\">Close</button> </div> </div> </div> </div> </div> <script type=\"text/javascript\">\" missing \"item\" attribute at /home/rohit/Projects/user-management/vendor/smarty/smarty/libs/sysplugins/smarty_internal_templatecompilerbase.php:29)"} []
[2019-03-31 22:22:19] request.CRITICAL: Uncaught PHP Exception InvalidArgumentException: "The HTTP status code "0" is not valid." at /home/rohit/Projects/user-management/vendor/symfony/symfony/src/Symfony/Component/HttpFoundation/Response.php line 461 {"exception":"[object] (InvalidArgumentException(code: 0): The HTTP status code \"0\" is not valid. at /home/rohit/Projects/user-management/vendor/symfony/symfony/src/Symfony/Component/HttpFoundation/Response.php:461)"} []
[2019-03-31 22:22:46] request.CRITICAL: Uncaught PHP Exception InvalidArgumentException: "The HTTP status code "0" is not valid." at /home/rohit/Projects/user-management/vendor/symfony/symfony/src/Symfony/Component/HttpFoundation/Response.php line 461 {"exception":"[object] (InvalidArgumentException(code: 0): The HTTP status code \"0\" is not valid. at /home/rohit/Projects/user-management/vendor/symfony/symfony/src/Symfony/Component/HttpFoundation/Response.php:461)"} []
[2019-03-31 22:22:53] request.CRITICAL: Uncaught PHP Exception InvalidArgumentException: "The HTTP status code "0" is not valid." at /home/rohit/Projects/user-management/vendor/symfony/symfony/src/Symfony/Component/HttpFoundation/Response.php line 461 {"exception":"[object] (InvalidArgumentException(code: 0): The HTTP status code \"0\" is not valid. at /home/rohit/Projects/user-management/vendor/symfony/symfony/src/Symfony/Component/HttpFoundation/Response.php:461)"} []
[2019-03-31 22:23:33] request.CRITICAL: Uncaught PHP Exception InvalidArgumentException: "The HTTP status code "0" is not valid." at /home/rohit/Projects/user-management/vendor/symfony/symfony/src/Symfony/Component/HttpFoundation/Response.php line 461 {"exception":"[object] (InvalidArgumentException(code: 0): The HTTP status code \"0\" is not valid. at /home/rohit/Projects/user-management/vendor/symfony/symfony/src/Symfony/Component/HttpFoundation/Response.php:461)"} []
[2019-03-31 22:23:51] request.CRITICAL: Uncaught PHP Exception InvalidArgumentException: "The HTTP status code "0" is not valid." at /home/rohit/Projects/user-management/vendor/symfony/symfony/src/Symfony/Component/HttpFoundation/Response.php line 461 {"exception":"[object] (InvalidArgumentException(code: 0): The HTTP status code \"0\" is not valid. at /home/rohit/Projects/user-management/vendor/symfony/symfony/src/Symfony/Component/HttpFoundation/Response.php:461)"} []
[2019-03-31 22:24:44] request.CRITICAL: Uncaught PHP Exception InvalidArgumentException: "The HTTP status code "0" is not valid." at /home/rohit/Projects/user-management/vendor/symfony/symfony/src/Symfony/Component/HttpFoundation/Response.php line 461 {"exception":"[object] (InvalidArgumentException(code: 0): The HTTP status code \"0\" is not valid. at /home/rohit/Projects/user-management/vendor/symfony/symfony/src/Symfony/Component/HttpFoundation/Response.php:461)"} []
[2019-03-31 22:26:01] request.CRITICAL: Uncaught PHP Exception InvalidArgumentException: "The HTTP status code "0" is not valid." at /home/rohit/Projects/user-management/vendor/symfony/symfony/src/Symfony/Component/HttpFoundation/Response.php line 461 {"exception":"[object] (InvalidArgumentException(code: 0): The HTTP status code \"0\" is not valid. at /home/rohit/Projects/user-management/vendor/symfony/symfony/src/Symfony/Component/HttpFoundation/Response.php:461)"} []
[2019-03-31 22:27:40] request.CRITICAL: Uncaught PHP Exception InvalidArgumentException: "The HTTP status code "0" is not valid." at /home/rohit/Projects/user-management/vendor/symfony/symfony/src/Symfony/Component/HttpFoundation/Response.php line 461 {"exception":"[object] (InvalidArgumentException(code: 0): The HTTP status code \"0\" is not valid. at /home/rohit/Projects/user-management/vendor/symfony/symfony/src/Symfony/Component/HttpFoundation/Response.php:461)"} []
[2019-03-31 22:31:03] request.CRITICAL: Uncaught PHP Exception Symfony\Component\DependencyInjection\Exception\RuntimeException: "The parent definition "_jms_di_extra.unnamed.service_0" defined for definition "controller" does not exist." at /home/rohit/Projects/user-management/vendor/symfony/symfony/src/Symfony/Component/DependencyInjection/Compiler/ResolveDefinitionTemplatesPass.php line 98 {"exception":"[object] (Symfony\\Component\\DependencyInjection\\Exception\\RuntimeException(code: 0): The parent definition \"_jms_di_extra.unnamed.service_0\" defined for definition \"controller\" does not exist. at /home/rohit/Projects/user-management/vendor/symfony/symfony/src/Symfony/Component/DependencyInjection/Compiler/ResolveDefinitionTemplatesPass.php:98)"} []
[2019-03-31 22:42:11] request.CRITICAL: Uncaught PHP Exception InvalidArgumentException: "The HTTP status code "0" is not valid." at /home/rohit/Projects/user-management/vendor/symfony/symfony/src/Symfony/Component/HttpFoundation/Response.php line 461 {"exception":"[object] (InvalidArgumentException(code: 0): The HTTP status code \"0\" is not valid. at /home/rohit/Projects/user-management/vendor/symfony/symfony/src/Symfony/Component/HttpFoundation/Response.php:461)"} []
[2019-03-31 22:45:32] request.CRITICAL: Uncaught PHP Exception InvalidArgumentException: "The HTTP status code "23000" is not valid." at /home/rohit/Projects/user-management/vendor/symfony/symfony/src/Symfony/Component/HttpFoundation/Response.php line 461 {"exception":"[object] (InvalidArgumentException(code: 0): The HTTP status code \"23000\" is not valid. at /home/rohit/Projects/user-management/vendor/symfony/symfony/src/Symfony/Component/HttpFoundation/Response.php:461)"} []
[2019-03-31 23:46:44] request.CRITICAL: Uncaught PHP Exception Symfony\Component\DependencyInjection\Exception\RuntimeException: "The parent definition "_jms_di_extra.unnamed.service_0" defined for definition "controller" does not exist." at /home/rohit/Projects/user-management/vendor/symfony/symfony/src/Symfony/Component/DependencyInjection/Compiler/ResolveDefinitionTemplatesPass.php line 98 {"exception":"[object] (Symfony\\Component\\DependencyInjection\\Exception\\RuntimeException(code: 0): The parent definition \"_jms_di_extra.unnamed.service_0\" defined for definition \"controller\" does not exist. at /home/rohit/Projects/user-management/vendor/symfony/symfony/src/Symfony/Component/DependencyInjection/Compiler/ResolveDefinitionTemplatesPass.php:98)"} []
[2019-03-31 23:46:44] request.CRITICAL: Uncaught PHP Exception Symfony\Component\DependencyInjection\Exception\RuntimeException: "The parent definition "_jms_di_extra.unnamed.service_0" defined for definition "controller" does not exist." at /home/rohit/Projects/user-management/vendor/symfony/symfony/src/Symfony/Component/DependencyInjection/Compiler/ResolveDefinitionTemplatesPass.php line 98 {"exception":"[object] (Symfony\\Component\\DependencyInjection\\Exception\\RuntimeException(code: 0): The parent definition \"_jms_di_extra.unnamed.service_0\" defined for definition \"controller\" does not exist. at /home/rohit/Projects/user-management/vendor/symfony/symfony/src/Symfony/Component/DependencyInjection/Compiler/ResolveDefinitionTemplatesPass.php:98)"} []
[2019-03-31 23:47:46] request.CRITICAL: Uncaught PHP Exception Symfony\Component\DependencyInjection\Exception\RuntimeException: "The parent definition "_jms_di_extra.unnamed.service_0" defined for definition "controller" does not exist." at /home/rohit/Projects/user-management/vendor/symfony/symfony/src/Symfony/Component/DependencyInjection/Compiler/ResolveDefinitionTemplatesPass.php line 98 {"exception":"[object] (Symfony\\Component\\DependencyInjection\\Exception\\RuntimeException(code: 0): The parent definition \"_jms_di_extra.unnamed.service_0\" defined for definition \"controller\" does not exist. at /home/rohit/Projects/user-management/vendor/symfony/symfony/src/Symfony/Component/DependencyInjection/Compiler/ResolveDefinitionTemplatesPass.php:98)"} []
[2019-04-01 00:04:12] request.CRITICAL: Uncaught PHP Exception Symfony\Component\Debug\Exception\ClassNotFoundException: "Attempted to load class "ncYaml" from the global namespace. Did you forget a "use" statement?" at /home/rohit/Projects/user-management/src/ThirdParty/DbFramework/db/ncDatabaseManager.php line 33 {"exception":"[object] (Symfony\\Component\\Debug\\Exception\\ClassNotFoundException(code: 0): Attempted to load class \"ncYaml\" from the global namespace.\nDid you forget a \"use\" statement? at /home/rohit/Projects/user-management/src/ThirdParty/DbFramework/db/ncDatabaseManager.php:33)"} []
[2019-04-01 00:07:27] request.CRITICAL: Uncaught PHP Exception Symfony\Component\Debug\Exception\ClassNotFoundException: "Attempted to load class "sfYaml" from the global namespace. Did you forget a "use" statement?" at /home/rohit/Projects/user-management/src/ThirdParty/ncYaml/ncYaml.class.php line 34 {"exception":"[object] (Symfony\\Component\\Debug\\Exception\\ClassNotFoundException(code: 0): Attempted to load class \"sfYaml\" from the global namespace.\nDid you forget a \"use\" statement? at /home/rohit/Projects/user-management/src/ThirdParty/ncYaml/ncYaml.class.php:34)"} []
[2019-04-01 00:07:56] request.CRITICAL: Uncaught PHP Exception ncDatabaseException: "Database "accounts" does not exist" at /home/rohit/Projects/user-management/src/ThirdParty/DbFramework/db/ncDatabaseManager.php line 69 {"exception":"[object] (ncDatabaseException(code: 0): Database \"accounts\" does not exist at /home/rohit/Projects/user-management/src/ThirdParty/DbFramework/db/ncDatabaseManager.php:69)"} []
